#
# There is insufficient memory for the Java Runtime Environment to continue.
# Native memory allocation (mmap) failed to map 76021760 bytes for committing reserved memory.
# Possible reasons:
#   The system is out of physical RAM or swap space
#   In 32 bit mode, the process size limit was hit
# Possible solutions:
#   Reduce memory load on the system
#   Increase physical memory or swap space
#   Check if swap backing store is full
#   Use 64 bit Java on a 64 bit OS
#   Decrease Java heap size (-Xmx/-Xms)
#   Decrease number of Java threads
#   Decrease Java thread stack sizes (-Xss)
#   Set larger code cache with -XX:ReservedCodeCacheSize=
# This output file may be truncated or incomplete.
#
#  Out of Memory Error (os_linux.cpp:2640), pid=4667, tid=0x00007fa95b5f5700
#
# JRE version: Java(TM) SE Runtime Environment (8.0_181-b13) (build 1.8.0_181-b13)
# Java VM: Java HotSpot(TM) 64-Bit Server VM (25.181-b13 mixed mode linux-amd64 compressed oops)
# Failed to write core dump. Core dumps have been disabled. To enable core dumping, try "ulimit -c unlimited" before starting Java again
#

---------------  T H R E A D  ---------------

Current thread (0x00007fa978079800):  VMThread [stack: 0x00007fa95b4f6000,0x00007fa95b5f6000] [id=4673]

Stack: [0x00007fa95b4f6000,0x00007fa95b5f6000],  sp=0x00007fa95b5f3f40,  free space=1015k
Native frames: (J=compiled Java code, j=interpreted, Vv=VM code, C=native code)
V  [libjvm.so+0xad21aa]  VMError::report_and_die()+0x2ba
V  [libjvm.so+0x5022db]  report_vm_out_of_memory(char const*, int, unsigned long, VMErrorType, char const*)+0x8b
V  [libjvm.so+0x92fe33]  os::Linux::commit_memory_impl(char*, unsigned long, bool)+0x123
V  [libjvm.so+0x930059]  os::pd_commit_memory(char*, unsigned long, unsigned long, bool)+0x29
V  [libjvm.so+0x9272ba]  os::commit_memory(char*, unsigned long, unsigned long, bool)+0x2a
V  [libjvm.so+0x99d2e3]  PSVirtualSpace::expand_by(unsigned long)+0x53
V  [libjvm.so+0x99e6e8]  PSYoungGen::resize_generation(unsigned long, unsigned long)+0xf8
V  [libjvm.so+0x99d842]  PSYoungGen::resize(unsigned long, unsigned long)+0x22
V  [libjvm.so+0x99ab1b]  PSScavenge::invoke_no_policy()+0xf3b
V  [libjvm.so+0x99b2a1]  PSScavenge::invoke()+0x41
V  [libjvm.so+0x951d70]  ParallelScavengeHeap::failed_mem_allocate(unsigned long)+0x70
V  [libjvm.so+0xad3c27]  VM_ParallelGCFailedAllocation::doit()+0x97
V  [libjvm.so+0xadb745]  VM_Operation::evaluate()+0x55
V  [libjvm.so+0xad9b0a]  VMThread::evaluate_operation(VM_Operation*)+0xba
V  [libjvm.so+0xad9e8e]  VMThread::loop()+0x1ce
V  [libjvm.so+0xada300]  VMThread::run()+0x70
V  [libjvm.so+0x930198]  java_start(Thread*)+0x108

VM_Operation (0x00007fa981b71160): ParallelGCFailedAllocation, mode: safepoint, requested by thread 0x00007fa97800b000


---------------  P R O C E S S  ---------------

Java Threads: ( => current thread )
  0x00007fa978d38000 JavaThread "process reaper" daemon [_thread_blocked, id=4683, stack(0x00007fa9593aa000,0x00007fa9593e3000)]
  0x00007fa9780c2000 JavaThread "Service Thread" daemon [_thread_blocked, id=4680, stack(0x00007fa95a89a000,0x00007fa95a99b000)]
  0x00007fa9780be800 JavaThread "C1 CompilerThread2" daemon [_thread_blocked, id=4679, stack(0x00007fa95a99c000,0x00007fa95aa9c000)]
  0x00007fa9780bd000 JavaThread "C2 CompilerThread1" daemon [_thread_blocked, id=4678, stack(0x00007fa95aa9d000,0x00007fa95ab9d000)]
  0x00007fa9780ba000 JavaThread "C2 CompilerThread0" daemon [_thread_blocked, id=4677, stack(0x00007fa95ab9e000,0x00007fa95ac9e000)]
  0x00007fa9780b8800 JavaThread "Signal Dispatcher" daemon [_thread_blocked, id=4676, stack(0x00007fa95ac9e000,0x00007fa95ad9f000)]
  0x00007fa978085800 JavaThread "Finalizer" daemon [_thread_blocked, id=4675, stack(0x00007fa95b2f3000,0x00007fa95b3f4000)]
  0x00007fa978083000 JavaThread "Reference Handler" daemon [_thread_blocked, id=4674, stack(0x00007fa95b3f4000,0x00007fa95b4f5000)]
  0x00007fa97800b000 JavaThread "main" [_thread_blocked, id=4668, stack(0x00007fa981a78000,0x00007fa981b78000)]

Other Threads:
=>0x00007fa978079800 VMThread [stack: 0x00007fa95b4f6000,0x00007fa95b5f6000] [id=4673]
  0x00007fa9780c6800 WatcherThread [stack: 0x00007fa95a79a000,0x00007fa95a89a000] [id=4681]

VM state:at safepoint (normal execution)

VM Mutex/Monitor currently owned by a thread:  ([mutex/lock_event])
[0x00007fa978007bb0] Threads_lock - owner thread: 0x00007fa978079800
[0x00007fa9780080b0] Heap_lock - owner thread: 0x00007fa97800b000

Heap:
 PSYoungGen      total 186368K, used 15841K [0x00000000ec100000, 0x00000000f9880000, 0x0000000100000000)
  eden space 170496K, 0% used [0x00000000ec100000,0x00000000ec100000,0x00000000f6780000)
  from space 15872K, 99% used [0x00000000f6780000,0x00000000f76f8568,0x00000000f7700000)
  to   space 15872K, 0% used [0x00000000f7700000,0x00000000f7700000,0x00000000f8680000)
 ParOldGen       total 56320K, used 37338K [0x00000000c4200000, 0x00000000c7900000, 0x00000000ec100000)
  object space 56320K, 66% used [0x00000000c4200000,0x00000000c6676850,0x00000000c7900000)
 Metaspace       used 52605K, capacity 53551K, committed 53936K, reserved 1095680K
  class space    used 6739K, capacity 7006K, committed 7088K, reserved 1048576K

Card table byte_map: [0x00007fa97e568000,0x00007fa97e748000] byte_map_base: 0x00007fa97df47000

Marking Bits: (ParMarkBitMap*) 0x00007fa980f1b0a0
 Begin Bits: [0x00007fa97c234000, 0x00007fa97d12c000)
 End Bits:   [0x00007fa97d12c000, 0x00007fa97e024000)

Polling page: 0x00007fa981b98000

CodeCache: size=245760Kb used=18672Kb max_used=18687Kb free=227087Kb
 bounds [0x00007fa969000000, 0x00007fa96a260000, 0x00007fa978000000]
 total_blobs=6773 nmethods=6288 adapters=398
 compilation: enabled

Compilation events (10 events):
Event: 8,430 Thread 0x00007fa9780be800 nmethod 6801 0x00007fa96a249450 code [0x00007fa96a249600, 0x00007fa96a249ae8]
Event: 8,430 Thread 0x00007fa9780be800 6802       3       org.jetbrains.kotlin.types.SimpleTypeImpl::makeNullableAsSpecified (54 bytes)
Event: 8,431 Thread 0x00007fa9780be800 nmethod 6802 0x00007fa96a249c50 code [0x00007fa96a249ec0, 0x00007fa96a24ad38]
Event: 8,431 Thread 0x00007fa9780be800 6804       3       org.jetbrains.kotlin.resolve.calls.util.CallMaker$ExpressionValueArgument::hashCode (19 bytes)
Event: 8,431 Thread 0x00007fa9780be800 nmethod 6804 0x00007fa96a24b710 code [0x00007fa96a24b880, 0x00007fa96a24bb08]
Event: 8,431 Thread 0x00007fa9780be800 6803       3       org.jetbrains.kotlin.resolve.calls.model.ExpressionValueArgument::getArguments (19 bytes)
Event: 8,431 Thread 0x00007fa9780be800 nmethod 6803 0x00007fa96a24bbd0 code [0x00007fa96a24bd60, 0x00007fa96a24c1b0]
Event: 8,431 Thread 0x00007fa9780be800 6805       1       org.jetbrains.kotlin.resolve.calls.results.FlatSignature::getValueParameterTypes (5 bytes)
Event: 8,431 Thread 0x00007fa9780be800 nmethod 6805 0x00007fa96a24c3d0 code [0x00007fa96a24c520, 0x00007fa96a24c630]
Event: 8,445 Thread 0x00007fa9780bd000 nmethod 6770 0x00007fa96a250050 code [0x00007fa96a250240, 0x00007fa96a250fd8]

GC Heap History (10 events):
Event: 3,786 GC heap after
Heap after GC invocations=8 (full 0):
 PSYoungGen      total 130048K, used 7826K [0x00000000ec100000, 0x00000000f4b00000, 0x0000000100000000)
  eden space 121856K, 0% used [0x00000000ec100000,0x00000000ec100000,0x00000000f3800000)
  from space 8192K, 95% used [0x00000000f4100000,0x00000000f48a4a88,0x00000000f4900000)
  to   space 9216K, 0% used [0x00000000f3800000,0x00000000f3800000,0x00000000f4100000)
 ParOldGen       total 40960K, used 10848K [0x00000000c4200000, 0x00000000c6a00000, 0x00000000ec100000)
  object space 40960K, 26% used [0x00000000c4200000,0x00000000c4c983a0,0x00000000c6a00000)
 Metaspace       used 20600K, capacity 21084K, committed 21296K, reserved 1069056K
  class space    used 2378K, capacity 2566K, committed 2608K, reserved 1048576K
}
Event: 3,786 GC heap before
{Heap before GC invocations=9 (full 1):
 PSYoungGen      total 130048K, used 7826K [0x00000000ec100000, 0x00000000f4b00000, 0x0000000100000000)
  eden space 121856K, 0% used [0x00000000ec100000,0x00000000ec100000,0x00000000f3800000)
  from space 8192K, 95% used [0x00000000f4100000,0x00000000f48a4a88,0x00000000f4900000)
  to   space 9216K, 0% used [0x00000000f3800000,0x00000000f3800000,0x00000000f4100000)
 ParOldGen       total 40960K, used 10848K [0x00000000c4200000, 0x00000000c6a00000, 0x00000000ec100000)
  object space 40960K, 26% used [0x00000000c4200000,0x00000000c4c983a0,0x00000000c6a00000)
 Metaspace       used 20600K, capacity 21084K, committed 21296K, reserved 1069056K
  class space    used 2378K, capacity 2566K, committed 2608K, reserved 1048576K
Event: 3,854 GC heap after
Heap after GC invocations=9 (full 1):
 PSYoungGen      total 130048K, used 0K [0x00000000ec100000, 0x00000000f4b00000, 0x0000000100000000)
  eden space 121856K, 0% used [0x00000000ec100000,0x00000000ec100000,0x00000000f3800000)
  from space 8192K, 0% used [0x00000000f4100000,0x00000000f4100000,0x00000000f4900000)
  to   space 9216K, 0% used [0x00000000f3800000,0x00000000f3800000,0x00000000f4100000)
 ParOldGen       total 38400K, used 13168K [0x00000000c4200000, 0x00000000c6780000, 0x00000000ec100000)
  object space 38400K, 34% used [0x00000000c4200000,0x00000000c4edc380,0x00000000c6780000)
 Metaspace       used 20600K, capacity 21084K, committed 21296K, reserved 1069056K
  class space    used 2378K, capacity 2566K, committed 2608K, reserved 1048576K
}
Event: 5,481 GC heap before
{Heap before GC invocations=10 (full 1):
 PSYoungGen      total 130048K, used 121856K [0x00000000ec100000, 0x00000000f4b00000, 0x0000000100000000)
  eden space 121856K, 100% used [0x00000000ec100000,0x00000000f3800000,0x00000000f3800000)
  from space 8192K, 0% used [0x00000000f4100000,0x00000000f4100000,0x00000000f4900000)
  to   space 9216K, 0% used [0x00000000f3800000,0x00000000f3800000,0x00000000f4100000)
 ParOldGen       total 38400K, used 13168K [0x00000000c4200000, 0x00000000c6780000, 0x00000000ec100000)
  object space 38400K, 34% used [0x00000000c4200000,0x00000000c4edc380,0x00000000c6780000)
 Metaspace       used 34538K, capacity 35226K, committed 35496K, reserved 1081344K
  class space    used 4451K, capacity 4655K, committed 4656K, reserved 1048576K
Event: 5,508 GC heap after
Heap after GC invocations=10 (full 1):
 PSYoungGen      total 131072K, used 9188K [0x00000000ec100000, 0x00000000f8680000, 0x0000000100000000)
  eden space 121856K, 0% used [0x00000000ec100000,0x00000000ec100000,0x00000000f3800000)
  from space 9216K, 99% used [0x00000000f3800000,0x00000000f40f9168,0x00000000f4100000)
  to   space 15872K, 0% used [0x00000000f7700000,0x00000000f7700000,0x00000000f8680000)
 ParOldGen       total 38400K, used 26568K [0x00000000c4200000, 0x00000000c6780000, 0x00000000ec100000)
  object space 38400K, 69% used [0x00000000c4200000,0x00000000c5bf2180,0x00000000c6780000)
 Metaspace       used 34538K, capacity 35226K, committed 35496K, reserved 1081344K
  class space    used 4451K, capacity 4655K, committed 4656K, reserved 1048576K
}
Event: 5,522 GC heap before
{Heap before GC invocations=11 (full 1):
 PSYoungGen      total 131072K, used 14064K [0x00000000ec100000, 0x00000000f8680000, 0x0000000100000000)
  eden space 121856K, 4% used [0x00000000ec100000,0x00000000ec5c2f20,0x00000000f3800000)
  from space 9216K, 99% used [0x00000000f3800000,0x00000000f40f9168,0x00000000f4100000)
  to   space 15872K, 0% used [0x00000000f7700000,0x00000000f7700000,0x00000000f8680000)
 ParOldGen       total 38400K, used 26568K [0x00000000c4200000, 0x00000000c6780000, 0x00000000ec100000)
  object space 38400K, 69% used [0x00000000c4200000,0x00000000c5bf2180,0x00000000c6780000)
 Metaspace       used 34586K, capacity 35226K, committed 35496K, reserved 1081344K
  class space    used 4455K, capacity 4655K, committed 4656K, reserved 1048576K
Event: 5,544 GC heap after
Heap after GC invocations=11 (full 1):
 PSYoungGen      total 186368K, used 9153K [0x00000000ec100000, 0x00000000f9880000, 0x0000000100000000)
  eden space 170496K, 0% used [0x00000000ec100000,0x00000000ec100000,0x00000000f6780000)
  from space 15872K, 57% used [0x00000000f7700000,0x00000000f7ff0740,0x00000000f8680000)
  to   space 15872K, 0% used [0x00000000f6780000,0x00000000f6780000,0x00000000f7700000)
 ParOldGen       total 38400K, used 26576K [0x00000000c4200000, 0x00000000c6780000, 0x00000000ec100000)
  object space 38400K, 69% used [0x00000000c4200000,0x00000000c5bf4180,0x00000000c6780000)
 Metaspace       used 34586K, capacity 35226K, committed 35496K, reserved 1081344K
  class space    used 4455K, capacity 4655K, committed 4656K, reserved 1048576K
}
Event: 5,544 GC heap before
{Heap before GC invocations=12 (full 2):
 PSYoungGen      total 186368K, used 9153K [0x00000000ec100000, 0x00000000f9880000, 0x0000000100000000)
  eden space 170496K, 0% used [0x00000000ec100000,0x00000000ec100000,0x00000000f6780000)
  from space 15872K, 57% used [0x00000000f7700000,0x00000000f7ff0740,0x00000000f8680000)
  to   space 15872K, 0% used [0x00000000f6780000,0x00000000f6780000,0x00000000f7700000)
 ParOldGen       total 38400K, used 26576K [0x00000000c4200000, 0x00000000c6780000, 0x00000000ec100000)
  object space 38400K, 69% used [0x00000000c4200000,0x00000000c5bf4180,0x00000000c6780000)
 Metaspace       used 34586K, capacity 35226K, committed 35496K, reserved 1081344K
  class space    used 4455K, capacity 4655K, committed 4656K, reserved 1048576K
Event: 5,678 GC heap after
Heap after GC invocations=12 (full 2):
 PSYoungGen      total 186368K, used 0K [0x00000000ec100000, 0x00000000f9880000, 0x0000000100000000)
  eden space 170496K, 0% used [0x00000000ec100000,0x00000000ec100000,0x00000000f6780000)
  from space 15872K, 0% used [0x00000000f7700000,0x00000000f7700000,0x00000000f8680000)
  to   space 15872K, 0% used [0x00000000f6780000,0x00000000f6780000,0x00000000f7700000)
 ParOldGen       total 56320K, used 22517K [0x00000000c4200000, 0x00000000c7900000, 0x00000000ec100000)
  object space 56320K, 39% used [0x00000000c4200000,0x00000000c57fd740,0x00000000c7900000)
 Metaspace       used 34586K, capacity 35226K, committed 35496K, reserved 1081344K
  class space    used 4455K, capacity 4655K, committed 4656K, reserved 1048576K
}
Event: 8,469 GC heap before
{Heap before GC invocations=13 (full 2):
 PSYoungGen      total 186368K, used 170496K [0x00000000ec100000, 0x00000000f9880000, 0x0000000100000000)
  eden space 170496K, 100% used [0x00000000ec100000,0x00000000f6780000,0x00000000f6780000)
  from space 15872K, 0% used [0x00000000f7700000,0x00000000f7700000,0x00000000f8680000)
  to   space 15872K, 0% used [0x00000000f6780000,0x00000000f6780000,0x00000000f7700000)
 ParOldGen       total 56320K, used 22517K [0x00000000c4200000, 0x00000000c7900000, 0x00000000ec100000)
  object space 56320K, 39% used [0x00000000c4200000,0x00000000c57fd740,0x00000000c7900000)
 Metaspace       used 52605K, capacity 53551K, committed 53936K, reserved 1095680K
  class space    used 6739K, capacity 7006K, committed 7088K, reserved 1048576K

Deoptimization events (10 events):
Event: 8,090 Thread 0x00007fa97800b000 Uncommon trap: reason=bimorphic action=maybe_recompile pc=0x00007fa969147d34 method=com.intellij.psi.impl.source.tree.CompositeElement.findChildByType(Lcom/intellij/psi/tree/IElementType;)Lcom/intellij/lang/ASTNode; @ 20
Event: 8,102 Thread 0x00007fa97800b000 Uncommon trap: reason=unstable_if action=reinterpret pc=0x00007fa9695ea704 method=org.jetbrains.kotlin.serialization.deserialization.descriptors.DeserializedPackageMemberScope.hasClass(Lorg/jetbrains/kotlin/name/Name;)Z @ 91
Event: 8,105 Thread 0x00007fa97800b000 Uncommon trap: reason=unstable_if action=reinterpret pc=0x00007fa969742e74 method=org.jetbrains.kotlin.serialization.deserialization.descriptors.DeserializedPackageMemberScope.hasClass(Lorg/jetbrains/kotlin/name/Name;)Z @ 91
Event: 8,126 Thread 0x00007fa97800b000 Uncommon trap: reason=bimorphic action=maybe_recompile pc=0x00007fa969147d34 method=com.intellij.psi.impl.source.tree.CompositeElement.findChildByType(Lcom/intellij/psi/tree/IElementType;)Lcom/intellij/lang/ASTNode; @ 20
Event: 8,141 Thread 0x00007fa97800b000 Uncommon trap: reason=bimorphic action=maybe_recompile pc=0x00007fa969147d34 method=com.intellij.psi.impl.source.tree.CompositeElement.findChildByType(Lcom/intellij/psi/tree/IElementType;)Lcom/intellij/lang/ASTNode; @ 20
Event: 8,146 Thread 0x00007fa97800b000 Uncommon trap: reason=bimorphic action=maybe_recompile pc=0x00007fa9695cd140 method=com.intellij.psi.impl.source.tree.SharedImplUtil.findFileElement(Lcom/intellij/lang/ASTNode;)Lcom/intellij/lang/FileASTNode; @ 22
Event: 8,151 Thread 0x00007fa97800b000 Uncommon trap: reason=bimorphic action=maybe_recompile pc=0x00007fa9695cd140 method=com.intellij.psi.impl.source.tree.SharedImplUtil.findFileElement(Lcom/intellij/lang/ASTNode;)Lcom/intellij/lang/FileASTNode; @ 22
Event: 8,151 Thread 0x00007fa97800b000 Uncommon trap: reason=bimorphic action=maybe_recompile pc=0x00007fa9695cd140 method=com.intellij.psi.impl.source.tree.SharedImplUtil.findFileElement(Lcom/intellij/lang/ASTNode;)Lcom/intellij/lang/FileASTNode; @ 22
Event: 8,151 Thread 0x00007fa97800b000 Uncommon trap: reason=bimorphic action=maybe_recompile pc=0x00007fa9695cd140 method=com.intellij.psi.impl.source.tree.SharedImplUtil.findFileElement(Lcom/intellij/lang/ASTNode;)Lcom/intellij/lang/FileASTNode; @ 22
Event: 8,278 Thread 0x00007fa97800b000 Uncommon trap: reason=unstable_if action=reinterpret pc=0x00007fa96955d528 method=java.lang.Integer.valueOf(I)Ljava/lang/Integer; @ 3

Classes redefined (0 events):
No events

Internal exceptions (10 events):
Event: 5,033 Thread 0x00007fa97800b000 Exception <a 'java/lang/NoSuchMethodError': java.lang.Object.lambda$static$0(I)[Lcom/intellij/psi/PsiAnnotation;> (0x00000000f09ee770) thrown at [/HUDSON/workspace/8-2-build-linux-amd64/jdk8u181/11358/hotspot/src/share/vm/interpreter/linkResolver.cpp, lin
Event: 5,129 Thread 0x00007fa97800b000 Exception <a 'java/lang/NoSuchMethodError': java.lang.Object.lambda$static$0(I)[Lcom/intellij/psi/PsiElement;> (0x00000000f0f971c0) thrown at [/HUDSON/workspace/8-2-build-linux-amd64/jdk8u181/11358/hotspot/src/share/vm/interpreter/linkResolver.cpp, line 6
Event: 5,258 Thread 0x00007fa97800b000 Implicit null exception at 0x00007fa9692ea1b5 to 0x00007fa9692ea565
Event: 5,851 Thread 0x00007fa97800b000 Exception <a 'java/lang/NoSuchMethodError': java.lang.Object.lambda$static$0(I)[Lorg/jetbrains/kotlin/psi/KtExpression;> (0x00000000ec835988) thrown at [/HUDSON/workspace/8-2-build-linux-amd64/jdk8u181/11358/hotspot/src/share/vm/interpreter/linkResolver.c
Event: 6,764 Thread 0x00007fa97800b000 Exception <a 'java/lang/NoSuchMethodError': java.lang.Object.lambda$static$0(I)[Lorg/jetbrains/kotlin/psi/KtDeclaration;> (0x00000000f0377428) thrown at [/HUDSON/workspace/8-2-build-linux-amd64/jdk8u181/11358/hotspot/src/share/vm/interpreter/linkResolver.
Event: 6,798 Thread 0x00007fa97800b000 Exception <a 'java/lang/NoSuchMethodError': java.lang.Object.lambda$static$0(I)[Lorg/jetbrains/kotlin/psi/KtTypeElement;> (0x00000000f05f1620) thrown at [/HUDSON/workspace/8-2-build-linux-amd64/jdk8u181/11358/hotspot/src/share/vm/interpreter/linkResolver.
Event: 6,827 Thread 0x00007fa97800b000 Implicit null exception at 0x00007fa969d2fe94 to 0x00007fa969d30068
Event: 7,489 Thread 0x00007fa97800b000 Exception <a 'java/lang/NoSuchMethodError': java.lang.Object.lambda$static$0(I)[Lcom/intellij/psi/PsiClass;> (0x00000000f3ce9a58) thrown at [/HUDSON/workspace/8-2-build-linux-amd64/jdk8u181/11358/hotspot/src/share/vm/interpreter/linkResolver.cpp, line 620
Event: 8,086 Thread 0x00007fa97800b000 Implicit null exception at 0x00007fa969cda7cc to 0x00007fa969cda881
Event: 8,218 Thread 0x00007fa97800b000 Exception <a 'java/lang/IncompatibleClassChangeError': Found class java.lang.Object, but interface was expected> (0x00000000f5fa22e0) thrown at [/HUDSON/workspace/8-2-build-linux-amd64/jdk8u181/11358/hotspot/src/share/vm/interpreter/linkResolver.cpp, line

Events (10 events):
Event: 8,468 loading class org/jetbrains/kotlin/resolve/constants/evaluate/OperationsMapGeneratedKt$binaryOperations$9 done
Event: 8,469 loading class org/jetbrains/kotlin/resolve/constants/evaluate/OperationsMapGeneratedKt$binaryOperations$10
Event: 8,469 loading class org/jetbrains/kotlin/resolve/constants/evaluate/OperationsMapGeneratedKt$binaryOperations$10 done
Event: 8,469 loading class org/jetbrains/kotlin/resolve/constants/evaluate/OperationsMapGeneratedKt$binaryOperations$10
Event: 8,469 loading class org/jetbrains/kotlin/resolve/constants/evaluate/OperationsMapGeneratedKt$binaryOperations$10 done
Event: 8,469 loading class org/jetbrains/kotlin/resolve/constants/evaluate/OperationsMapGeneratedKt$binaryOperations$11
Event: 8,469 loading class org/jetbrains/kotlin/resolve/constants/evaluate/OperationsMapGeneratedKt$binaryOperations$11 done
Event: 8,469 loading class org/jetbrains/kotlin/resolve/constants/evaluate/OperationsMapGeneratedKt$binaryOperations$11
Event: 8,469 loading class org/jetbrains/kotlin/resolve/constants/evaluate/OperationsMapGeneratedKt$binaryOperations$11 done
Event: 8,469 Executing VM operation: ParallelGCFailedAllocation


Dynamic libraries:
00400000-00401000 r-xp 00000000 08:06 954649                             /home/matias/jdk1.8.0_181/bin/java
00600000-00601000 rw-p 00000000 08:06 954649                             /home/matias/jdk1.8.0_181/bin/java
012db000-012fc000 rw-p 00000000 00:00 0                                  [heap]
c4200000-c7900000 rw-p 00000000 00:00 0 
c7900000-ec100000 ---p 00000000 00:00 0 
ec100000-f9880000 rw-p 00000000 00:00 0 
fe100000-100000000 ---p 00000000 00:00 0 
100000000-1006ec000 rw-p 00000000 00:00 0 
1006ec000-140000000 ---p 00000000 00:00 0 
7fa928000000-7fa928021000 rw-p 00000000 00:00 0 
7fa928021000-7fa92c000000 ---p 00000000 00:00 0 
7fa92f400000-7fa92f5c0000 rw-p 00000000 00:00 0 
7fa92f5c0000-7fa92f600000 ---p 00000000 00:00 0 
7fa92f600000-7fa92f800000 rw-p 00000000 00:00 0 
7fa92f800000-7fa92fa00000 rw-p 00000000 00:00 0 
7fa92fa00000-7fa92fc00000 rw-p 00000000 00:00 0 
7fa92fc00000-7fa92fe00000 rw-p 00000000 00:00 0 
7fa92fe00000-7fa930000000 rw-p 00000000 00:00 0 
7fa930000000-7fa930021000 rw-p 00000000 00:00 0 
7fa930021000-7fa934000000 ---p 00000000 00:00 0 
7fa934000000-7fa934021000 rw-p 00000000 00:00 0 
7fa934021000-7fa938000000 ---p 00000000 00:00 0 
7fa938000000-7fa93947c000 rw-p 00000000 00:00 0 
7fa93947c000-7fa93c000000 ---p 00000000 00:00 0 
7fa93c000000-7fa93cce7000 rw-p 00000000 00:00 0 
7fa93cce7000-7fa940000000 ---p 00000000 00:00 0 
7fa940000000-7fa94190c000 rw-p 00000000 00:00 0 
7fa94190c000-7fa944000000 ---p 00000000 00:00 0 
7fa944000000-7fa944021000 rw-p 00000000 00:00 0 
7fa944021000-7fa948000000 ---p 00000000 00:00 0 
7fa948000000-7fa948021000 rw-p 00000000 00:00 0 
7fa948021000-7fa94c000000 ---p 00000000 00:00 0 
7fa94c000000-7fa94c021000 rw-p 00000000 00:00 0 
7fa94c021000-7fa950000000 ---p 00000000 00:00 0 
7fa950000000-7fa950313000 rw-p 00000000 00:00 0 
7fa950313000-7fa954000000 ---p 00000000 00:00 0 
7fa954000000-7fa954021000 rw-p 00000000 00:00 0 
7fa954021000-7fa958000000 ---p 00000000 00:00 0 
7fa9581dd000-7fa9583dd000 rw-p 00000000 00:00 0 
7fa9583dd000-7fa9585dd000 rw-p 00000000 00:00 0 
7fa9585dd000-7fa9585f5000 r-xp 00000000 08:06 141715                     /tmp/jna--1081248517/jna5384521655086295906.tmp (deleted)
7fa9585f5000-7fa9587f5000 ---p 00018000 08:06 141715                     /tmp/jna--1081248517/jna5384521655086295906.tmp (deleted)
7fa9587f5000-7fa9587f6000 rw-p 00018000 08:06 141715                     /tmp/jna--1081248517/jna5384521655086295906.tmp (deleted)
7fa9587f6000-7fa9589f6000 rw-p 00000000 00:00 0 
7fa9589f6000-7fa958bf6000 rw-p 00000000 00:00 0 
7fa958bf6000-7fa958df6000 rw-p 00000000 00:00 0 
7fa958df6000-7fa958ff6000 rw-p 00000000 00:00 0 
7fa958ff6000-7fa9591f6000 rw-p 00000000 00:00 0 
7fa959298000-7fa95932d000 r--s 0110e000 08:06 15396                      /home/matias/jdk1.8.0_181/jre/lib/ext/jfxrt.jar
7fa959364000-7fa959380000 r--s 00393000 08:06 15395                      /home/matias/jdk1.8.0_181/jre/lib/ext/cldrdata.jar
7fa959397000-7fa959399000 r--s 00002000 08:06 666210                     /home/matias/.m2/repository/org/jetbrains/kotlin/kotlin-stdlib-jdk8/1.3.21/kotlin-stdlib-jdk8-1.3.21.jar
7fa959399000-7fa95939d000 r--s 0003a000 08:06 15400                      /home/matias/jdk1.8.0_181/jre/lib/ext/sunpkcs11.jar
7fa95939d000-7fa95939f000 r--s 00009000 08:06 15393                      /home/matias/jdk1.8.0_181/jre/lib/ext/sunec.jar
7fa95939f000-7fa9593a4000 r--s 0003f000 08:06 15403                      /home/matias/jdk1.8.0_181/jre/lib/ext/sunjce_provider.jar
7fa9593a7000-7fa9593a8000 r--s 00000000 08:06 666218                     /home/matias/.m2/repository/org/jetbrains/kotlin/kotlin-stdlib-jdk7/1.3.21/kotlin-stdlib-jdk7-1.3.21.jar
7fa9593a8000-7fa9593a9000 r--p 00000000 00:00 0 
7fa9593a9000-7fa9593aa000 rwxp 00000000 00:00 0 
7fa9593aa000-7fa9593ad000 ---p 00000000 00:00 0 
7fa9593ad000-7fa9595e3000 rw-p 00000000 00:00 0 
7fa9595e3000-7fa9597e3000 rw-p 00000000 00:00 0 
7fa9597e3000-7fa9597e4000 r--s 00004000 08:06 1072680                    /home/matias/.m2/repository/org/codehaus/plexus/plexus-compiler-javac/2.7/plexus-compiler-javac-2.7.jar
7fa9597e4000-7fa9597e6000 r--s 00000000 08:06 1072674                    /home/matias/.m2/repository/org/codehaus/plexus/plexus-compiler-manager/2.7/plexus-compiler-manager-2.7.jar
7fa9597e6000-7fa9597e8000 r--s 00005000 08:06 1072667                    /home/matias/.m2/repository/org/codehaus/plexus/plexus-compiler-api/2.7/plexus-compiler-api-2.7.jar
7fa9597e8000-7fa9597ec000 r--s 0002a000 08:06 132753                     /home/matias/.m2/repository/commons-io/commons-io/2.4/commons-io-2.4.jar
7fa9597ec000-7fa9597ef000 r--s 00023000 08:06 955854                     /home/matias/.m2/repository/org/apache/maven/shared/maven-shared-utils/3.0.0/maven-shared-utils-3.0.0.jar
7fa9597ef000-7fa9597f1000 r--s 0000b000 08:06 955850                     /home/matias/.m2/repository/org/apache/maven/plugins/maven-compiler-plugin/3.5.1/maven-compiler-plugin-3.5.1.jar
7fa9597f1000-7fa9597f3000 r--s 0000e000 08:06 666331                     /home/matias/.m2/repository/org/jetbrains/kotlin/kotlin-scripting-jvm/1.3.21/kotlin-scripting-jvm-1.3.21.jar
7fa9597f3000-7fa9597ff000 r--s 000b4000 08:06 666329                     /home/matias/.m2/repository/org/jetbrains/kotlinx/kotlinx-coroutines-core/1.0.1/kotlinx-coroutines-core-1.0.1.jar
7fa9597ff000-7fa959803000 r--s 00018000 08:06 666327                     /home/matias/.m2/repository/org/jetbrains/kotlin/kotlin-scripting-common/1.3.21/kotlin-scripting-common-1.3.21.jar
7fa959803000-7fa959806000 r--s 00012000 08:06 666325                     /home/matias/.m2/repository/org/jetbrains/kotlin/kotlin-scripting-compiler/1.3.21/kotlin-scripting-compiler-1.3.21.jar
7fa959806000-7fa959811000 r--s 00081000 08:06 666323                     /home/matias/.m2/repository/org/jetbrains/intellij/deps/trove4j/1.0.20181211/trove4j-1.0.20181211.jar
7fa959811000-7fa959848000 r--s 00255000 08:06 666321                     /home/matias/.m2/repository/org/jetbrains/kotlin/kotlin-reflect/1.3.21/kotlin-reflect-1.3.21.jar
7fa959848000-7fa95984a000 r--s 00009000 08:06 666319                     /home/matias/.m2/repository/org/jetbrains/kotlin/kotlin-script-runtime/1.3.21/kotlin-script-runtime-1.3.21.jar
7fa95984a000-7fa95984c000 r--s 00003000 08:06 666216                     /home/matias/.m2/repository/org/jetbrains/annotations/13.0/annotations-13.0.jar
7fa95984c000-7fa959853000 r--s 0001f000 08:06 666221                     /home/matias/.m2/repository/org/jetbrains/kotlin/kotlin-stdlib-common/1.3.21/kotlin-stdlib-common-1.3.21.jar
7fa959853000-7fa959866000 r--s 0010f000 08:06 666213                     /home/matias/.m2/repository/org/jetbrains/kotlin/kotlin-stdlib/1.3.21/kotlin-stdlib-1.3.21.jar
7fa959866000-7fa959a3b000 r--s 01cca000 08:06 666317                     /home/matias/.m2/repository/org/jetbrains/kotlin/kotlin-compiler/1.3.21/kotlin-compiler-1.3.21.jar
7fa959a3b000-7fa959a3c000 r--s 00003000 08:06 3478                       /home/matias/.m2/repository/org/apache/maven/plugin-tools/maven-plugin-annotations/3.4/maven-plugin-annotations-3.4.jar
7fa959a3c000-7fa959a3e000 r--s 00002000 08:06 1072371                    /home/matias/.m2/repository/org/sonatype/plexus/plexus-cipher/1.4/plexus-cipher-1.4.jar
7fa959a3e000-7fa959a3f000 r--s 00006000 08:06 1056717                    /home/matias/.m2/repository/org/sonatype/plexus/plexus-sec-dispatcher/1.3/plexus-sec-dispatcher-1.3.jar
7fa959a3f000-7fa959a43000 r--s 00033000 08:06 798074                     /home/matias/.m2/repository/org/codehaus/plexus/plexus-utils/2.0.6/plexus-utils-2.0.6.jar
7fa959a43000-7fa959a45000 r--s 0000d000 08:06 956277                     /home/matias/.m2/repository/org/codehaus/plexus/plexus-interpolation/1.14/plexus-interpolation-1.14.jar
7fa959a45000-7fa959a64000 r--s 00152000 08:06 798063                     /home/matias/.m2/repository/org/sonatype/sisu/sisu-guava/0.9.9/sisu-guava-0.9.9.jar
7fa959a64000-7fa959a6c000 r--s 00050000 08:06 3572                       /home/matias/.m2/repository/org/sonatype/sisu/sisu-guice/3.1.0/sisu-guice-3.1.0-no_aop.jar
7fa959a6c000-7fa959a73000 r--s 00040000 08:06 3492                       /home/matias/.m2/repository/org/sonatype/sisu/sisu-inject-bean/2.3.0/sisu-inject-bean-2.3.0.jar
7fa959a73000-7fa959a77000 r--s 0001c000 08:06 3409                       /home/matias/.m2/repository/org/sonatype/aether/aether-util/1.13.1/aether-util-1.13.1.jar
7fa959a77000-7fa959a7e000 r--s 00000000 08:06 15367                      /usr/lib/x86_64-linux-gnu/gconv/gconv-modules.cache
7fa959a7e000-7fa959aa2000 r--p 00000000 08:06 1068331                    /usr/share/locale-langpack/es/LC_MESSAGES/libc.mo
7fa959aa2000-7fa959aa4000 r--s 00012000 08:06 666250                     /home/matias/.m2/repository/org/jetbrains/kotlin/kotlin-maven-plugin/1.3.21/kotlin-maven-plugin-1.3.21.jar
7fa959aa4000-7fa959ca4000 rw-p 00000000 00:00 0 
7fa959ca4000-7fa959ca7000 r--s 0001b000 08:06 17035                      /home/matias/.m2/repository/junit/junit/3.8.2/junit-3.8.2.jar
7fa959ca7000-7fa959cb5000 r--s 0008f000 08:06 17031                      /home/matias/.m2/repository/com/google/collections/google-collections/1.0/google-collections-1.0.jar
7fa959cb5000-7fa959cb6000 r--s 0000a000 08:06 17029                      /home/matias/.m2/repository/commons-logging/commons-logging-api/1.1/commons-logging-api-1.1.jar
7fa959cb6000-7fa959cbd000 r--s 00051000 08:06 17027                      /home/matias/.m2/repository/log4j/log4j/1.2.12/log4j-1.2.12.jar
7fa959cbd000-7fa959cc1000 r--s 0001d000 08:06 17025                      /home/matias/.m2/repository/org/apache/xbean/xbean-reflect/3.4/xbean-reflect-3.4.jar
7fa959cc1000-7fa959cc2000 r--s 00004000 08:06 1083402                    /home/matias/.m2/repository/org/codehaus/plexus/plexus-compiler-javac/2.2/plexus-compiler-javac-2.2.jar
7fa959cc2000-7fa959cc4000 r--s 00000000 08:06 1083400                    /home/matias/.m2/repository/org/codehaus/plexus/plexus-compiler-manager/2.2/plexus-compiler-manager-2.2.jar
7fa959cc4000-7fa959cc6000 r--s 00005000 08:06 1083397                    /home/matias/.m2/repository/org/codehaus/plexus/plexus-compiler-api/2.2/plexus-compiler-api-2.2.jar
7fa959cc6000-7fa959cc8000 r--s 00000000 08:06 1083395                    /home/matias/.m2/repository/org/codehaus/plexus/plexus-component-annotations/1.5.5/plexus-component-annotations-1.5.5.jar
7fa959cc8000-7fa959cca000 r--s 00002000 08:06 956212                     /home/matias/.m2/repository/org/apache/maven/shared/maven-shared-incremental/1.1/maven-shared-incremental-1.1.jar
7fa959cca000-7fa959ccc000 r--s 00006000 08:06 956211                     /home/matias/.m2/repository/com/google/code/findbugs/jsr305/2.0.1/jsr305-2.0.1.jar
7fa959ccc000-7fa959ccf000 r--s 00023000 08:06 956209                     /home/matias/.m2/repository/org/apache/maven/shared/maven-shared-utils/0.1/maven-shared-utils-0.1.jar
7fa959ccf000-7fa959cd3000 r--s 00030000 08:06 956183                     /home/matias/.m2/repository/org/codehaus/plexus/plexus-utils/1.5.1/plexus-utils-1.5.1.jar
7fa959cd3000-7fa959cd5000 r--s 00009000 08:06 955981                     /home/matias/.m2/repository/org/apache/maven/plugins/maven-compiler-plugin/3.1/maven-compiler-plugin-3.1.jar
7fa959cd5000-7fa959cd7000 r--s 0000d000 08:06 804182                     /home/matias/.m2/repository/org/codehaus/plexus/plexus-interpolation/1.13/plexus-interpolation-1.13.jar
7fa959cd7000-7fa959cd8000 r--s 00001000 08:06 804181                     /home/matias/.m2/repository/org/sonatype/plexus/plexus-build-api/0.0.4/plexus-build-api-0.0.4.jar
7fa959cd8000-7fa959cda000 r--s 00009000 08:06 804178                     /home/matias/.m2/repository/org/apache/maven/shared/maven-filtering/1.1/maven-filtering-1.1.jar
7fa959cda000-7fa959cde000 r--s 00033000 08:06 804176                     /home/matias/.m2/repository/org/codehaus/plexus/plexus-utils/2.0.5/plexus-utils-2.0.5.jar
7fa959cde000-7fa959ce1000 r--s 0001b000 08:06 804175                     /home/matias/.m2/repository/junit/junit/3.8.1/junit-3.8.1.jar
7fa959ce1000-7fa959ce3000 r--s 00002000 08:06 804162                     /home/matias/.m2/repository/org/codehaus/plexus/plexus-interactivity-api/1.0-alpha-4/plexus-interactivity-api-1.0-alpha-4.jar
7fa959ce3000-7fa959ce5000 r--s 00006000 08:06 804156                     /home/matias/.m2/repository/commons-cli/commons-cli/1.0/commons-cli-1.0.jar
7fa959ce5000-7fa959ce6000 r--s 00001000 08:06 804153                     /home/matias/.m2/repository/org/apache/maven/doxia/doxia-sink-api/1.0-alpha-7/doxia-sink-api-1.0-alpha-7.jar
7fa959ce6000-7fa959ce7000 r--s 00002000 08:06 804148                     /home/matias/.m2/repository/org/apache/maven/reporting/maven-reporting-api/2.0.6/maven-reporting-api-2.0.6.jar
7fa959ce7000-7fa959ce9000 r--s 00006000 08:06 803924                     /home/matias/.m2/repository/org/apache/maven/plugins/maven-resources-plugin/2.6/maven-resources-plugin-2.6.jar
7fa959ce9000-7fa959cfa000 r-xp 00000000 08:06 1079525                    /home/matias/jdk1.8.0_181/jre/lib/amd64/libnio.so
7fa959cfa000-7fa959ef9000 ---p 00011000 08:06 1079525                    /home/matias/jdk1.8.0_181/jre/lib/amd64/libnio.so
7fa959ef9000-7fa959efa000 rw-p 00010000 08:06 1079525                    /home/matias/jdk1.8.0_181/jre/lib/amd64/libnio.so
7fa959efa000-7fa959f10000 r-xp 00000000 08:06 1079522                    /home/matias/jdk1.8.0_181/jre/lib/amd64/libnet.so
7fa959f10000-7fa95a110000 ---p 00016000 08:06 1079522                    /home/matias/jdk1.8.0_181/jre/lib/amd64/libnet.so
7fa95a110000-7fa95a111000 rw-p 00016000 08:06 1079522                    /home/matias/jdk1.8.0_181/jre/lib/amd64/libnet.so
7fa95a111000-7fa95a311000 rw-p 00000000 00:00 0 
7fa95a311000-7fa95a316000 r--s 0009d000 08:06 1079461                    /home/matias/jdk1.8.0_181/jre/lib/jsse.jar
7fa95a316000-7fa95a516000 rw-p 00000000 00:00 0 
7fa95a516000-7fa95a716000 rw-p 00000000 00:00 0 
7fa95a716000-7fa95a720000 r--s 00116000 08:06 15402                      /home/matias/jdk1.8.0_181/jre/lib/ext/localedata.jar
7fa95a720000-7fa95a725000 r--s 00041000 08:06 981836                     /home/matias/Descargas/ideaIU-2018.3.5/idea-IU-183.5912.21/plugins/maven/lib/maven3/lib/commons-lang-2.6.jar
7fa95a725000-7fa95a727000 r--s 00000000 08:06 981831                     /home/matias/Descargas/ideaIU-2018.3.5/idea-IU-183.5912.21/plugins/maven/lib/maven3/lib/aopalliance-1.0.jar
7fa95a727000-7fa95a72a000 r--s 00013000 08:06 981857                     /home/matias/Descargas/ideaIU-2018.3.5/idea-IU-183.5912.21/plugins/maven/lib/maven3/lib/maven-embedder-3.3.9.jar
7fa95a72a000-7fa95a72c000 r--s 00005000 08:06 981827                     /home/matias/Descargas/ideaIU-2018.3.5/idea-IU-183.5912.21/plugins/maven/lib/maven3/lib/aether-transport-wagon-1.0.2.v20150114.jar
7fa95a72c000-7fa95a732000 r--s 00041000 08:06 981853                     /home/matias/Descargas/ideaIU-2018.3.5/idea-IU-183.5912.21/plugins/maven/lib/maven3/lib/maven-compat-3.3.9.jar
7fa95a732000-7fa95a736000 r--s 00020000 08:06 981829                     /home/matias/Descargas/ideaIU-2018.3.5/idea-IU-183.5912.21/plugins/maven/lib/maven3/lib/aether-util-1.0.2.v20150114.jar
7fa95a736000-7fa95a73f000 r--s 0005f000 08:06 981841                     /home/matias/Descargas/ideaIU-2018.3.5/idea-IU-183.5912.21/plugins/maven/lib/maven3/lib/guice-4.0-no_aop.jar
7fa95a73f000-7fa95a741000 r--s 00002000 08:06 981875                     /home/matias/Descargas/ideaIU-2018.3.5/idea-IU-183.5912.21/plugins/maven/lib/maven3/lib/plexus-cipher-1.7.jar
7fa95a741000-7fa95a749000 r--s 00055000 08:06 981871                     /home/matias/Descargas/ideaIU-2018.3.5/idea-IU-183.5912.21/plugins/maven/lib/maven3/lib/org.eclipse.sisu.inject-0.3.2.jar
7fa95a749000-7fa95a756000 r--s 0008f000 08:06 981855                     /home/matias/Descargas/ideaIU-2018.3.5/idea-IU-183.5912.21/plugins/maven/lib/maven3/lib/maven-core-3.3.9.jar
7fa95a756000-7fa95a758000 r--s 0000f000 08:06 981847                     /home/matias/Descargas/ideaIU-2018.3.5/idea-IU-183.5912.21/plugins/maven/lib/maven3/lib/maven-aether-provider-3.3.9.jar
7fa95a758000-7fa95a759000 r--s 00006000 08:06 981879                     /home/matias/Descargas/ideaIU-2018.3.5/idea-IU-183.5912.21/plugins/maven/lib/maven3/lib/plexus-sec-dispatcher-1.3.jar
7fa95a759000-7fa95a75b000 r--s 00005000 08:06 981882                     /home/matias/Descargas/ideaIU-2018.3.5/idea-IU-183.5912.21/plugins/maven/lib/maven3/lib/slf4j-api-1.7.5.jar
7fa95a75b000-7fa95a75e000 r--s 0000d000 08:06 981878                     /home/matias/Descargas/ideaIU-2018.3.5/idea-IU-183.5912.21/plugins/maven/lib/maven3/lib/plexus-interpolation-1.21.jar
7fa95a75e000-7fa95a75f000 r--s 00006000 08:06 981865                     /home/matias/Descargas/ideaIU-2018.3.5/idea-IU-183.5912.21/plugins/maven/lib/maven3/lib/maven-repository-metadata-3.3.9.jar
7fa95a75f000-7fa95a763000 r--s 00027000 08:06 981823                     /home/matias/Descargas/ideaIU-2018.3.5/idea-IU-183.5912.21/plugins/maven/lib/maven3/lib/aether-impl-1.0.2.v20150114.jar
7fa95a763000-7fa95a765000 r--s 0000a000 08:06 981863                     /home/matias/Descargas/ideaIU-2018.3.5/idea-IU-183.5912.21/plugins/maven/lib/maven3/lib/maven-plugin-api-3.3.9.jar
7fa95a765000-7fa95a766000 r--s 00003000 08:06 981851                     /home/matias/Descargas/ideaIU-2018.3.5/idea-IU-183.5912.21/plugins/maven/lib/maven3/lib/maven-builder-support-3.3.9.jar
7fa95a766000-7fa95a76d000 r--s 00064000 08:06 981837                     /home/matias/Descargas/ideaIU-2018.3.5/idea-IU-183.5912.21/plugins/maven/lib/maven3/lib/commons-lang3-3.4.jar
7fa95a76d000-7fa95a76e000 r--s 00002000 08:06 981884                     /home/matias/Descargas/ideaIU-2018.3.5/idea-IU-183.5912.21/plugins/maven/lib/maven3/lib/slf4j-simple-1.7.5.jar
7fa95a76e000-7fa95a799000 r--s 001fc000 08:06 981840                     /home/matias/Descargas/ideaIU-2018.3.5/idea-IU-183.5912.21/plugins/maven/lib/maven3/lib/guava-18.0.jar
7fa95a799000-7fa95a79a000 ---p 00000000 00:00 0 
7fa95a79a000-7fa95a89a000 rw-p 00000000 00:00 0 
7fa95a89a000-7fa95a89d000 ---p 00000000 00:00 0 
7fa95a89d000-7fa95a99b000 rw-p 00000000 00:00 0 
7fa95a99b000-7fa95a99c000 ---p 00000000 00:00 0 
7fa95a99c000-7fa95a99f000 ---p 00000000 00:00 0 
7fa95a99f000-7fa95aa9c000 rw-p 00000000 00:00 0 
7fa95aa9c000-7fa95aa9d000 ---p 00000000 00:00 0 
7fa95aa9d000-7fa95aaa0000 ---p 00000000 00:00 0 
7fa95aaa0000-7fa95ab9d000 rw-p 00000000 00:00 0 
7fa95ab9d000-7fa95ab9e000 ---p 00000000 00:00 0 
7fa95ab9e000-7fa95aba1000 ---p 00000000 00:00 0 
7fa95aba1000-7fa95ac9e000 rw-p 00000000 00:00 0 
7fa95ac9e000-7fa95aca1000 ---p 00000000 00:00 0 
7fa95aca1000-7fa95ad9f000 rw-p 00000000 00:00 0 
7fa95ad9f000-7fa95b2f3000 r--p 00000000 08:06 1073481                    /usr/lib/locale/locale-archive
7fa95b2f3000-7fa95b2f6000 ---p 00000000 00:00 0 
7fa95b2f6000-7fa95b3f4000 rw-p 00000000 00:00 0 
7fa95b3f4000-7fa95b3f7000 ---p 00000000 00:00 0 
7fa95b3f7000-7fa95b4f5000 rw-p 00000000 00:00 0 
7fa95b4f5000-7fa95b4f6000 ---p 00000000 00:00 0 
7fa95b4f6000-7fa95c000000 rw-p 00000000 00:00 0 
7fa95c000000-7fa95c021000 rw-p 00000000 00:00 0 
7fa95c021000-7fa960000000 ---p 00000000 00:00 0 
7fa960000000-7fa960021000 rw-p 00000000 00:00 0 
7fa960021000-7fa964000000 ---p 00000000 00:00 0 
7fa964000000-7fa964021000 rw-p 00000000 00:00 0 
7fa964021000-7fa968000000 ---p 00000000 00:00 0 
7fa968000000-7fa968001000 r--s 00008000 08:06 981821                     /home/matias/Descargas/ideaIU-2018.3.5/idea-IU-183.5912.21/plugins/maven/lib/maven3/lib/aether-connector-basic-1.0.2.v20150114.jar
7fa968001000-7fa968007000 r--s 00042000 08:06 981843                     /home/matias/Descargas/ideaIU-2018.3.5/idea-IU-183.5912.21/plugins/maven/lib/maven3/lib/jsoup-1.7.2.jar
7fa968007000-7fa96800a000 r--s 0000b000 08:06 981892                     /home/matias/Descargas/ideaIU-2018.3.5/idea-IU-183.5912.21/plugins/maven/lib/maven3/lib/wagon-provider-api-2.10.jar
7fa96800a000-7fa96800c000 r--s 00009000 08:06 981834                     /home/matias/Descargas/ideaIU-2018.3.5/idea-IU-183.5912.21/plugins/maven/lib/maven3/lib/commons-cli-1.2.jar
7fa96800c000-7fa968011000 r--s 0001d000 08:06 981819                     /home/matias/Descargas/ideaIU-2018.3.5/idea-IU-183.5912.21/plugins/maven/lib/maven3/lib/aether-api-1.0.2.v20150114.jar
7fa968011000-7fa968014000 r--s 00008000 08:06 981832                     /home/matias/Descargas/ideaIU-2018.3.5/idea-IU-183.5912.21/plugins/maven/lib/maven3/lib/cdi-api-1.0.jar
7fa968014000-7fa968015000 r--s 00001000 08:06 981845                     /home/matias/Descargas/ideaIU-2018.3.5/idea-IU-183.5912.21/plugins/maven/lib/maven3/lib/jsr250-api-1.0.jar
7fa968015000-7fa96801a000 r--s 00027000 08:06 981860                     /home/matias/Descargas/ideaIU-2018.3.5/idea-IU-183.5912.21/plugins/maven/lib/maven3/lib/maven-model-builder-3.3.9.jar
7fa96801a000-7fa968048000 r--s 001fa000 08:06 981888                     /home/matias/Descargas/ideaIU-2018.3.5/idea-IU-183.5912.21/plugins/maven/lib/maven3/lib/wagon-http-2.10-shaded.jar
7fa968048000-7fa9685b0000 rw-p 00000000 00:00 0 
7fa9685b0000-7fa96878a000 r--s 03d6b000 08:06 1079418                    /home/matias/jdk1.8.0_181/jre/lib/rt.jar
7fa96878a000-7fa969000000 rw-p 00000000 00:00 0 
7fa969000000-7fa96a260000 rwxp 00000000 00:00 0 
7fa96a260000-7fa978000000 ---p 00000000 00:00 0 
7fa978000000-7fa9799f7000 rw-p 00000000 00:00 0 
7fa9799f7000-7fa97c000000 ---p 00000000 00:00 0 
7fa97c000000-7fa97c003000 r--s 00026000 08:06 981859                     /home/matias/Descargas/ideaIU-2018.3.5/idea-IU-183.5912.21/plugins/maven/lib/maven3/lib/maven-model-3.3.9.jar
7fa97c003000-7fa97c005000 r--s 00009000 08:06 981868                     /home/matias/Descargas/ideaIU-2018.3.5/idea-IU-183.5912.21/plugins/maven/lib/maven3/lib/maven-settings-builder-3.3.9.jar
7fa97c005000-7fa97c007000 r--s 00000000 08:06 981877                     /home/matias/Descargas/ideaIU-2018.3.5/idea-IU-183.5912.21/plugins/maven/lib/maven3/lib/plexus-component-annotations-1.6.jar
7fa97c007000-7fa97c008000 r--s 00002000 08:06 981886                     /home/matias/Descargas/ideaIU-2018.3.5/idea-IU-183.5912.21/plugins/maven/lib/maven3/lib/wagon-file-2.10.jar
7fa97c008000-7fa97c00a000 r--s 00006000 08:06 981825                     /home/matias/Descargas/ideaIU-2018.3.5/idea-IU-183.5912.21/plugins/maven/lib/maven3/lib/aether-spi-1.0.2.v20150114.jar
7fa97c00a000-7fa97c00b000 r--s 0000a000 08:06 981867                     /home/matias/Descargas/ideaIU-2018.3.5/idea-IU-183.5912.21/plugins/maven/lib/maven3/lib/maven-settings-3.3.9.jar
7fa97c00b000-7fa97c00c000 r--s 00002000 08:06 981889                     /home/matias/Descargas/ideaIU-2018.3.5/idea-IU-183.5912.21/plugins/maven/lib/maven3/lib/wagon-http-shared-2.10.jar
7fa97c00c000-7fa97c00e000 r--s 0000c000 08:06 981849                     /home/matias/Descargas/ideaIU-2018.3.5/idea-IU-183.5912.21/plugins/maven/lib/maven3/lib/maven-artifact-3.3.9.jar
7fa97c00e000-7fa97c012000 r--s 00027000 08:06 981835                     /home/matias/Descargas/ideaIU-2018.3.5/idea-IU-183.5912.21/plugins/maven/lib/maven3/lib/commons-io-2.2.jar
7fa97c012000-7fa97c013000 r--s 00000000 08:06 981842                     /home/matias/Descargas/ideaIU-2018.3.5/idea-IU-183.5912.21/plugins/maven/lib/maven3/lib/javax.inject-1.jar
7fa97c013000-7fa97e024000 rw-p 00000000 00:00 0 
7fa97e024000-7fa97e025000 ---p 00000000 00:00 0 
7fa97e025000-7fa97e125000 rw-p 00000000 00:00 0 
7fa97e125000-7fa97e126000 ---p 00000000 00:00 0 
7fa97e126000-7fa97e226000 rw-p 00000000 00:00 0 
7fa97e226000-7fa97e227000 ---p 00000000 00:00 0 
7fa97e227000-7fa97e327000 rw-p 00000000 00:00 0 
7fa97e327000-7fa97e328000 ---p 00000000 00:00 0 
7fa97e328000-7fa97e444000 rw-p 00000000 00:00 0 
7fa97e444000-7fa97e568000 ---p 00000000 00:00 0 
7fa97e568000-7fa97e584000 rw-p 00000000 00:00 0 
7fa97e584000-7fa97e6a7000 ---p 00000000 00:00 0 
7fa97e6a7000-7fa97e714000 rw-p 00000000 00:00 0 
7fa97e714000-7fa97e747000 ---p 00000000 00:00 0 
7fa97e747000-7fa97e792000 rw-p 00000000 00:00 0 
7fa97e792000-7fa97eb08000 ---p 00000000 00:00 0 
7fa97eb08000-7fa97eb23000 r-xp 00000000 08:06 1079518                    /home/matias/jdk1.8.0_181/jre/lib/amd64/libzip.so
7fa97eb23000-7fa97ed23000 ---p 0001b000 08:06 1079518                    /home/matias/jdk1.8.0_181/jre/lib/amd64/libzip.so
7fa97ed23000-7fa97ed24000 rw-p 0001b000 08:06 1079518                    /home/matias/jdk1.8.0_181/jre/lib/amd64/libzip.so
7fa97ed24000-7fa97ed2f000 r-xp 00000000 08:06 801667                     /lib/x86_64-linux-gnu/libnss_files-2.27.so
7fa97ed2f000-7fa97ef2e000 ---p 0000b000 08:06 801667                     /lib/x86_64-linux-gnu/libnss_files-2.27.so
7fa97ef2e000-7fa97ef2f000 r--p 0000a000 08:06 801667                     /lib/x86_64-linux-gnu/libnss_files-2.27.so
7fa97ef2f000-7fa97ef30000 rw-p 0000b000 08:06 801667                     /lib/x86_64-linux-gnu/libnss_files-2.27.so
7fa97ef30000-7fa97ef36000 rw-p 00000000 00:00 0 
7fa97ef36000-7fa97ef4d000 r-xp 00000000 08:06 801664                     /lib/x86_64-linux-gnu/libnsl-2.27.so
7fa97ef4d000-7fa97f14c000 ---p 00017000 08:06 801664                     /lib/x86_64-linux-gnu/libnsl-2.27.so
7fa97f14c000-7fa97f14d000 r--p 00016000 08:06 801664                     /lib/x86_64-linux-gnu/libnsl-2.27.so
7fa97f14d000-7fa97f14e000 rw-p 00017000 08:06 801664                     /lib/x86_64-linux-gnu/libnsl-2.27.so
7fa97f14e000-7fa97f150000 rw-p 00000000 00:00 0 
7fa97f150000-7fa97f15b000 r-xp 00000000 08:06 801669                     /lib/x86_64-linux-gnu/libnss_nis-2.27.so
7fa97f15b000-7fa97f35a000 ---p 0000b000 08:06 801669                     /lib/x86_64-linux-gnu/libnss_nis-2.27.so
7fa97f35a000-7fa97f35b000 r--p 0000a000 08:06 801669                     /lib/x86_64-linux-gnu/libnss_nis-2.27.so
7fa97f35b000-7fa97f35c000 rw-p 0000b000 08:06 801669                     /lib/x86_64-linux-gnu/libnss_nis-2.27.so
7fa97f35c000-7fa97f364000 r-xp 00000000 08:06 801665                     /lib/x86_64-linux-gnu/libnss_compat-2.27.so
7fa97f364000-7fa97f564000 ---p 00008000 08:06 801665                     /lib/x86_64-linux-gnu/libnss_compat-2.27.so
7fa97f564000-7fa97f565000 r--p 00008000 08:06 801665                     /lib/x86_64-linux-gnu/libnss_compat-2.27.so
7fa97f565000-7fa97f566000 rw-p 00009000 08:06 801665                     /lib/x86_64-linux-gnu/libnss_compat-2.27.so
7fa97f566000-7fa97f591000 r-xp 00000000 08:06 1079512                    /home/matias/jdk1.8.0_181/jre/lib/amd64/libjava.so
7fa97f591000-7fa97f790000 ---p 0002b000 08:06 1079512                    /home/matias/jdk1.8.0_181/jre/lib/amd64/libjava.so
7fa97f790000-7fa97f792000 rw-p 0002a000 08:06 1079512                    /home/matias/jdk1.8.0_181/jre/lib/amd64/libjava.so
7fa97f792000-7fa97f79f000 r-xp 00000000 08:06 1079517                    /home/matias/jdk1.8.0_181/jre/lib/amd64/libverify.so
7fa97f79f000-7fa97f99f000 ---p 0000d000 08:06 1079517                    /home/matias/jdk1.8.0_181/jre/lib/amd64/libverify.so
7fa97f99f000-7fa97f9a1000 rw-p 0000d000 08:06 1079517                    /home/matias/jdk1.8.0_181/jre/lib/amd64/libverify.so
7fa97f9a1000-7fa97f9a8000 r-xp 00000000 08:06 801674                     /lib/x86_64-linux-gnu/librt-2.27.so
7fa97f9a8000-7fa97fba7000 ---p 00007000 08:06 801674                     /lib/x86_64-linux-gnu/librt-2.27.so
7fa97fba7000-7fa97fba8000 r--p 00006000 08:06 801674                     /lib/x86_64-linux-gnu/librt-2.27.so
7fa97fba8000-7fa97fba9000 rw-p 00007000 08:06 801674                     /lib/x86_64-linux-gnu/librt-2.27.so
7fa97fba9000-7fa97fd46000 r-xp 00000000 08:06 801661                     /lib/x86_64-linux-gnu/libm-2.27.so
7fa97fd46000-7fa97ff45000 ---p 0019d000 08:06 801661                     /lib/x86_64-linux-gnu/libm-2.27.so
7fa97ff45000-7fa97ff46000 r--p 0019c000 08:06 801661                     /lib/x86_64-linux-gnu/libm-2.27.so
7fa97ff46000-7fa97ff47000 rw-p 0019d000 08:06 801661                     /lib/x86_64-linux-gnu/libm-2.27.so
7fa97ff47000-7fa980c23000 r-xp 00000000 08:06 1079494                    /home/matias/jdk1.8.0_181/jre/lib/amd64/server/libjvm.so
7fa980c23000-7fa980e23000 ---p 00cdc000 08:06 1079494                    /home/matias/jdk1.8.0_181/jre/lib/amd64/server/libjvm.so
7fa980e23000-7fa980efd000 rw-p 00cdc000 08:06 1079494                    /home/matias/jdk1.8.0_181/jre/lib/amd64/server/libjvm.so
7fa980efd000-7fa980f48000 rw-p 00000000 00:00 0 
7fa980f48000-7fa98112f000 r-xp 00000000 08:06 801657                     /lib/x86_64-linux-gnu/libc-2.27.so
7fa98112f000-7fa98132f000 ---p 001e7000 08:06 801657                     /lib/x86_64-linux-gnu/libc-2.27.so
7fa98132f000-7fa981333000 r--p 001e7000 08:06 801657                     /lib/x86_64-linux-gnu/libc-2.27.so
7fa981333000-7fa981335000 rw-p 001eb000 08:06 801657                     /lib/x86_64-linux-gnu/libc-2.27.so
7fa981335000-7fa981339000 rw-p 00000000 00:00 0 
7fa981339000-7fa98133c000 r-xp 00000000 08:06 801660                     /lib/x86_64-linux-gnu/libdl-2.27.so
7fa98133c000-7fa98153b000 ---p 00003000 08:06 801660                     /lib/x86_64-linux-gnu/libdl-2.27.so
7fa98153b000-7fa98153c000 r--p 00002000 08:06 801660                     /lib/x86_64-linux-gnu/libdl-2.27.so
7fa98153c000-7fa98153d000 rw-p 00003000 08:06 801660                     /lib/x86_64-linux-gnu/libdl-2.27.so
7fa98153d000-7fa981553000 r-xp 00000000 08:06 955804                     /home/matias/jdk1.8.0_181/lib/amd64/jli/libjli.so
7fa981553000-7fa981752000 ---p 00016000 08:06 955804                     /home/matias/jdk1.8.0_181/lib/amd64/jli/libjli.so
7fa981752000-7fa981753000 rw-p 00015000 08:06 955804                     /home/matias/jdk1.8.0_181/lib/amd64/jli/libjli.so
7fa981753000-7fa98176d000 r-xp 00000000 08:06 801672                     /lib/x86_64-linux-gnu/libpthread-2.27.so
7fa98176d000-7fa98196c000 ---p 0001a000 08:06 801672                     /lib/x86_64-linux-gnu/libpthread-2.27.so
7fa98196c000-7fa98196d000 r--p 00019000 08:06 801672                     /lib/x86_64-linux-gnu/libpthread-2.27.so
7fa98196d000-7fa98196e000 rw-p 0001a000 08:06 801672                     /lib/x86_64-linux-gnu/libpthread-2.27.so
7fa98196e000-7fa981972000 rw-p 00000000 00:00 0 
7fa981972000-7fa981999000 r-xp 00000000 08:06 801635                     /lib/x86_64-linux-gnu/ld-2.27.so
7fa981999000-7fa98199f000 r--s 0002d000 08:06 981873                     /home/matias/Descargas/ideaIU-2018.3.5/idea-IU-183.5912.21/plugins/maven/lib/maven3/lib/org.eclipse.sisu.plexus-0.3.2.jar
7fa98199f000-7fa9819a3000 r--s 00038000 08:06 981881                     /home/matias/Descargas/ideaIU-2018.3.5/idea-IU-183.5912.21/plugins/maven/lib/maven3/lib/plexus-utils-3.0.22.jar
7fa9819a3000-7fa9819a5000 r--s 0000b000 08:06 981815                     /home/matias/Descargas/ideaIU-2018.3.5/idea-IU-183.5912.21/plugins/maven/lib/maven3/boot/plexus-classworlds-2.5.2.jar
7fa9819a5000-7fa981a77000 rw-p 00000000 00:00 0 
7fa981a77000-7fa981a78000 ---p 00000000 00:00 0 
7fa981a78000-7fa981a7b000 ---p 00000000 00:00 0 
7fa981a7b000-7fa981b8f000 rw-p 00000000 00:00 0 
7fa981b8f000-7fa981b97000 rw-s 00000000 08:06 134911                     /tmp/hsperfdata_matias/4667
7fa981b97000-7fa981b98000 rw-p 00000000 00:00 0 
7fa981b98000-7fa981b99000 ---p 00000000 00:00 0 
7fa981b99000-7fa981b9a000 r--p 00027000 08:06 801635                     /lib/x86_64-linux-gnu/ld-2.27.so
7fa981b9a000-7fa981b9b000 rw-p 00028000 08:06 801635                     /lib/x86_64-linux-gnu/ld-2.27.so
7fa981b9b000-7fa981b9c000 rw-p 00000000 00:00 0 
7ffc2ab5a000-7ffc2ab7b000 rw-p 00000000 00:00 0                          [stack]
7ffc2abc7000-7ffc2abca000 r--p 00000000 00:00 0                          [vvar]
7ffc2abca000-7ffc2abcc000 r-xp 00000000 00:00 0                          [vdso]
ffffffffff600000-ffffffffff601000 r-xp 00000000 00:00 0                  [vsyscall]

VM Arguments:
jvm_args: -Dmaven.multiModuleProjectDirectory=/home/matias/Documentos/Git/2019s1-Grupo02-Triple-M/TP1 -Dmaven.home=/home/matias/Descargas/ideaIU-2018.3.5/idea-IU-183.5912.21/plugins/maven/lib/maven3 -Dclassworlds.conf=/home/matias/Descargas/ideaIU-2018.3.5/idea-IU-183.5912.21/plugins/maven/lib/maven3/bin/m2.conf -Dfile.encoding=UTF-8 
java_command: org.codehaus.classworlds.Launcher -Didea.version=2018.3.5 install --non-recursive
java_class_path (initial): /home/matias/Descargas/ideaIU-2018.3.5/idea-IU-183.5912.21/plugins/maven/lib/maven3/boot/plexus-classworlds-2.5.2.jar
Launcher Type: SUN_STANDARD

Environment Variables:
PATH=/home/matias/bin:/home/matias/.local/bin:/usr/local/sbin:/usr/local/bin:/usr/sbin:/usr/bin:/sbin:/bin:/usr/games:/usr/local/games:/snap/bin
USERNAME=matias
SHELL=/bin/bash
DISPLAY=:0

Signal Handlers:
SIGSEGV: [libjvm.so+0xad2a40], sa_mask[0]=11111111011111111101111111111110, sa_flags=SA_RESTART|SA_SIGINFO
SIGBUS: [libjvm.so+0xad2a40], sa_mask[0]=11111111011111111101111111111110, sa_flags=SA_RESTART|SA_SIGINFO
SIGFPE: [libjvm.so+0x92a610], sa_mask[0]=11111111011111111101111111111110, sa_flags=SA_RESTART|SA_SIGINFO
SIGPIPE: [libjvm.so+0x92a610], sa_mask[0]=11111111011111111101111111111110, sa_flags=SA_RESTART|SA_SIGINFO
SIGXFSZ: [libjvm.so+0x92a610], sa_mask[0]=11111111011111111101111111111110, sa_flags=SA_RESTART|SA_SIGINFO
SIGILL: [libjvm.so+0x92a610], sa_mask[0]=11111111011111111101111111111110, sa_flags=SA_RESTART|SA_SIGINFO
SIGUSR1: SIG_DFL, sa_mask[0]=00000000000000000000000000000000, sa_flags=none
SIGUSR2: [libjvm.so+0x92be70], sa_mask[0]=00100000000000000000000000000000, sa_flags=SA_RESTART|SA_SIGINFO
SIGHUP: [libjvm.so+0x92d270], sa_mask[0]=11111111011111111101111111111110, sa_flags=SA_RESTART|SA_SIGINFO
SIGINT: [libjvm.so+0x92d270], sa_mask[0]=11111111011111111101111111111110, sa_flags=SA_RESTART|SA_SIGINFO
SIGTERM: [libjvm.so+0x92d270], sa_mask[0]=11111111011111111101111111111110, sa_flags=SA_RESTART|SA_SIGINFO
SIGQUIT: [libjvm.so+0x92d270], sa_mask[0]=11111111011111111101111111111110, sa_flags=SA_RESTART|SA_SIGINFO


---------------  S Y S T E M  ---------------

OS:DISTRIB_ID=Ubuntu
DISTRIB_RELEASE=18.04
DISTRIB_CODENAME=bionic
DISTRIB_DESCRIPTION="Ubuntu 18.04.1 LTS"

uname:Linux 4.15.0-50-generic #54-Ubuntu SMP Mon May 6 18:46:08 UTC 2019 x86_64
libc:glibc 2.27 NPTL 2.27 
rlimit: STACK 8192k, CORE 0k, NPROC 14708, NOFILE 4096, AS infinity
load average:1,46 1,10 1,05

/proc/meminfo:
MemTotal:        3917604 kB
MemFree:          116368 kB
MemAvailable:      26384 kB
Buffers:             664 kB
Cached:           405620 kB
SwapCached:         5868 kB
Active:          2941776 kB
Inactive:         597476 kB
Active(anon):    2935020 kB
Inactive(anon):   582880 kB
Active(file):       6756 kB
Inactive(file):    14596 kB
Unevictable:          16 kB
Mlocked:              16 kB
SwapTotal:        975868 kB
SwapFree:              0 kB
Dirty:                68 kB
Writeback:            20 kB
AnonPages:       3127412 kB
Mapped:           234048 kB
Shmem:            384832 kB
Slab:             108052 kB
SReclaimable:      43036 kB
SUnreclaim:        65016 kB
KernelStack:       17696 kB
PageTables:        70664 kB
NFS_Unstable:          0 kB
Bounce:                0 kB
WritebackTmp:          0 kB
CommitLimit:     2934668 kB
Committed_AS:   10970748 kB
VmallocTotal:   34359738367 kB
VmallocUsed:           0 kB
VmallocChunk:          0 kB
HardwareCorrupted:     0 kB
AnonHugePages:         0 kB
ShmemHugePages:        0 kB
ShmemPmdMapped:        0 kB
CmaTotal:              0 kB
CmaFree:               0 kB
HugePages_Total:       0
HugePages_Free:        0
HugePages_Rsvd:        0
HugePages_Surp:        0
Hugepagesize:       2048 kB
DirectMap4k:      183304 kB
DirectMap2M:     3889152 kB
DirectMap1G:     1048576 kB


CPU:total 4 (initial active 4) (2 cores per cpu, 2 threads per core) family 6 model 142 stepping 9, cmov, cx8, fxsr, mmx, sse, sse2, sse3, ssse3, sse4.1, sse4.2, popcnt, avx, avx2, aes, clmul, erms, 3dnowpref, lzcnt, ht, tsc, tscinvbit, bmi1, bmi2, adx

/proc/cpuinfo:
processor	: 0
vendor_id	: GenuineIntel
cpu family	: 6
model		: 142
model name	: Intel(R) Core(TM) i3-7100U CPU @ 2.40GHz
stepping	: 9
microcode	: 0xb4
cpu MHz		: 2400.054
cache size	: 3072 KB
physical id	: 0
siblings	: 4
core id		: 0
cpu cores	: 2
apicid		: 0
initial apicid	: 0
fpu		: yes
fpu_exception	: yes
cpuid level	: 22
wp		: yes
flags		: fpu vme de pse tsc msr pae mce cx8 apic sep mtrr pge mca cmov pat pse36 clflush dts acpi mmx fxsr sse sse2 ss ht tm pbe syscall nx pdpe1gb rdtscp lm constant_tsc art arch_perfmon pebs bts rep_good nopl xtopology nonstop_tsc cpuid aperfmperf tsc_known_freq pni pclmulqdq dtes64 monitor ds_cpl vmx est tm2 ssse3 sdbg fma cx16 xtpr pdcm pcid sse4_1 sse4_2 x2apic movbe popcnt tsc_deadline_timer aes xsave avx f16c rdrand lahf_lm abm 3dnowprefetch cpuid_fault epb invpcid_single pti ssbd ibrs ibpb stibp tpr_shadow vnmi flexpriority ept vpid fsgsbase tsc_adjust bmi1 avx2 smep bmi2 erms invpcid mpx rdseed adx smap clflushopt intel_pt xsaveopt xsavec xgetbv1 xsaves dtherm arat pln pts hwp hwp_notify hwp_act_window hwp_epp md_clear flush_l1d
bugs		: cpu_meltdown spectre_v1 spectre_v2 spec_store_bypass l1tf mds
bogomips	: 4800.00
clflush size	: 64
cache_alignment	: 64
address sizes	: 39 bits physical, 48 bits virtual
power management:

processor	: 1
vendor_id	: GenuineIntel
cpu family	: 6
model		: 142
model name	: Intel(R) Core(TM) i3-7100U CPU @ 2.40GHz
stepping	: 9
microcode	: 0xb4
cpu MHz		: 2400.133
cache size	: 3072 KB
physical id	: 0
siblings	: 4
core id		: 1
cpu cores	: 2
apicid		: 2
initial apicid	: 2
fpu		: yes
fpu_exception	: yes
cpuid level	: 22
wp		: yes
flags		: fpu vme de pse tsc msr pae mce cx8 apic sep mtrr pge mca cmov pat pse36 clflush dts acpi mmx fxsr sse sse2 ss ht tm pbe syscall nx pdpe1gb rdtscp lm constant_tsc art arch_perfmon pebs bts rep_good nopl xtopology nonstop_tsc cpuid aperfmperf tsc_known_freq pni pclmulqdq dtes64 monitor ds_cpl vmx est tm2 ssse3 sdbg fma cx16 xtpr pdcm pcid sse4_1 sse4_2 x2apic movbe popcnt tsc_deadline_timer aes xsave avx f16c rdrand lahf_lm abm 3dnowprefetch cpuid_fault epb invpcid_single pti ssbd ibrs ibpb stibp tpr_shadow vnmi flexpriority ept vpid fsgsbase tsc_adjust bmi1 avx2 smep bmi2 erms invpcid mpx rdseed adx smap clflushopt intel_pt xsaveopt xsavec xgetbv1 xsaves dtherm arat pln pts hwp hwp_notify hwp_act_window hwp_epp md_clear flush_l1d
bugs		: cpu_meltdown spectre_v1 spectre_v2 spec_store_bypass l1tf mds
bogomips	: 4800.00
clflush size	: 64
cache_alignment	: 64
address sizes	: 39 bits physical, 48 bits virtual
power management:

processor	: 2
vendor_id	: GenuineIntel
cpu family	: 6
model		: 142
model name	: Intel(R) Core(TM) i3-7100U CPU @ 2.40GHz
stepping	: 9
microcode	: 0xb4
cpu MHz		: 2400.134
cache size	: 3072 KB
physical id	: 0
siblings	: 4
core id		: 0
cpu cores	: 2
apicid		: 1
initial apicid	: 1
fpu		: yes
fpu_exception	: yes
cpuid level	: 22
wp		: yes
flags		: fpu vme de pse tsc msr pae mce cx8 apic sep mtrr pge mca cmov pat pse36 clflush dts acpi mmx fxsr sse sse2 ss ht tm pbe syscall nx pdpe1gb rdtscp lm constant_tsc art arch_perfmon pebs bts rep_good nopl xtopology nonstop_tsc cpuid aperfmperf tsc_known_freq pni pclmulqdq dtes64 monitor ds_cpl vmx est tm2 ssse3 sdbg fma cx16 xtpr pdcm pcid sse4_1 sse4_2 x2apic movbe popcnt tsc_deadline_timer aes xsave avx f16c rdrand lahf_lm abm 3dnowprefetch cpuid_fault epb invpcid_single pti ssbd ibrs ibpb stibp tpr_shadow vnmi flexpriority ept vpid fsgsbase tsc_adjust bmi1 avx2 smep bmi2 erms invpcid mpx rdseed adx smap clflushopt intel_pt xsaveopt xsavec xgetbv1 xsaves dtherm arat pln pts hwp hwp_notify hwp_act_window hwp_epp md_clear flush_l1d
bugs		: cpu_meltdown spectre_v1 spectre_v2 spec_store_bypass l1tf mds
bogomips	: 4800.00
clflush size	: 64
cache_alignment	: 64
address sizes	: 39 bits physical, 48 bits virtual
power management:

processor	: 3
vendor_id	: GenuineIntel
cpu family	: 6
model		: 142
model name	: Intel(R) Core(TM) i3-7100U CPU @ 2.40GHz
stepping	: 9
microcode	: 0xb4
cpu MHz		: 2400.096
cache size	: 3072 KB
physical id	: 0
siblings	: 4
core id		: 1
cpu cores	: 2
apicid		: 3
initial apicid	: 3
fpu		: yes
fpu_exception	: yes
cpuid level	: 22
wp		: yes
flags		: fpu vme de pse tsc msr pae mce cx8 apic sep mtrr pge mca cmov pat pse36 clflush dts acpi mmx fxsr sse sse2 ss ht tm pbe syscall nx pdpe1gb rdtscp lm constant_tsc art arch_perfmon pebs bts rep_good nopl xtopology nonstop_tsc cpuid aperfmperf tsc_known_freq pni pclmulqdq dtes64 monitor ds_cpl vmx est tm2 ssse3 sdbg fma cx16 xtpr pdcm pcid sse4_1 sse4_2 x2apic movbe popcnt tsc_deadline_timer aes xsave avx f16c rdrand lahf_lm abm 3dnowprefetch cpuid_fault epb invpcid_single pti ssbd ibrs ibpb stibp tpr_shadow vnmi flexpriority ept vpid fsgsbase tsc_adjust bmi1 avx2 smep bmi2 erms invpcid mpx rdseed adx smap clflushopt intel_pt xsaveopt xsavec xgetbv1 xsaves dtherm arat pln pts hwp hwp_notify hwp_act_window hwp_epp md_clear flush_l1d
bugs		: cpu_meltdown spectre_v1 spectre_v2 spec_store_bypass l1tf mds
bogomips	: 4800.00
clflush size	: 64
cache_alignment	: 64
address sizes	: 39 bits physical, 48 bits virtual
power management:



Memory: 4k page, physical 3917604k(116912k free), swap 975868k(0k free)

vm_info: Java HotSpot(TM) 64-Bit Server VM (25.181-b13) for linux-amd64 JRE (1.8.0_181-b13), built on Jul  7 2018 00:56:38 by "java_re" with gcc 4.3.0 20080428 (Red Hat 4.3.0-8)

time: Thu May 23 16:59:57 2019
elapsed time: 8 seconds (0d 0h 0m 8s)

