#
# There is insufficient memory for the Java Runtime Environment to continue.
# Native memory allocation (mmap) failed to map 62914560 bytes for committing reserved memory.
# Possible reasons:
#   The system is out of physical RAM or swap space
#   In 32 bit mode, the process size limit was hit
# Possible solutions:
#   Reduce memory load on the system
#   Increase physical memory or swap space
#   Check if swap backing store is full
#   Use 64 bit Java on a 64 bit OS
#   Decrease Java heap size (-Xmx/-Xms)
#   Decrease number of Java threads
#   Decrease Java thread stack sizes (-Xss)
#   Set larger code cache with -XX:ReservedCodeCacheSize=
# This output file may be truncated or incomplete.
#
#  Out of Memory Error (os_linux.cpp:2640), pid=9156, tid=0x00007f55181f1700
#
# JRE version: Java(TM) SE Runtime Environment (8.0_181-b13) (build 1.8.0_181-b13)
# Java VM: Java HotSpot(TM) 64-Bit Server VM (25.181-b13 mixed mode linux-amd64 compressed oops)
# Failed to write core dump. Core dumps have been disabled. To enable core dumping, try "ulimit -c unlimited" before starting Java again
#

---------------  T H R E A D  ---------------

Current thread (0x00007f5528144000):  VMThread [stack: 0x00007f55180f2000,0x00007f55181f2000] [id=9168]

Stack: [0x00007f55180f2000,0x00007f55181f2000],  sp=0x00007f55181f02c0,  free space=1016k
Native frames: (J=compiled Java code, j=interpreted, Vv=VM code, C=native code)
V  [libjvm.so+0xad21aa]  VMError::report_and_die()+0x2ba
V  [libjvm.so+0x5022db]  report_vm_out_of_memory(char const*, int, unsigned long, VMErrorType, char const*)+0x8b
V  [libjvm.so+0x92fe33]  os::Linux::commit_memory_impl(char*, unsigned long, bool)+0x123
V  [libjvm.so+0x930059]  os::pd_commit_memory(char*, unsigned long, unsigned long, bool)+0x29
V  [libjvm.so+0x9272ba]  os::commit_memory(char*, unsigned long, unsigned long, bool)+0x2a
V  [libjvm.so+0x99d2e3]  PSVirtualSpace::expand_by(unsigned long)+0x53
V  [libjvm.so+0x99e6e8]  PSYoungGen::resize_generation(unsigned long, unsigned long)+0xf8
V  [libjvm.so+0x99d842]  PSYoungGen::resize(unsigned long, unsigned long)+0x22
V  [libjvm.so+0x99ab1b]  PSScavenge::invoke_no_policy()+0xf3b
V  [libjvm.so+0x99b2a1]  PSScavenge::invoke()+0x41
V  [libjvm.so+0x951d70]  ParallelScavengeHeap::failed_mem_allocate(unsigned long)+0x70
V  [libjvm.so+0xad3c27]  VM_ParallelGCFailedAllocation::doit()+0x97
V  [libjvm.so+0xadb745]  VM_Operation::evaluate()+0x55
V  [libjvm.so+0xad9b0a]  VMThread::evaluate_operation(VM_Operation*)+0xba
V  [libjvm.so+0xad9e8e]  VMThread::loop()+0x1ce
V  [libjvm.so+0xada300]  VMThread::run()+0x70
V  [libjvm.so+0x930198]  java_start(Thread*)+0x108

VM_Operation (0x00007f5530b04000): ParallelGCFailedAllocation, mode: safepoint, requested by thread 0x00007f552800e800


---------------  P R O C E S S  ---------------

Java Threads: ( => current thread )
  0x00007f54f8001000 JavaThread "Attach Listener" daemon [_thread_blocked, id=9189, stack(0x00007f5510fb2000,0x00007f55110b3000)]
  0x00007f552865e000 JavaThread "Service Thread" daemon [_thread_blocked, id=9187, stack(0x00007f55111b4000,0x00007f55112b5000)]
  0x00007f552865b800 JavaThread "C1 CompilerThread2" daemon [_thread_blocked, id=9186, stack(0x00007f55112b6000,0x00007f55113b6000)]
  0x00007f5528659800 JavaThread "C2 CompilerThread1" daemon [_thread_blocked, id=9185, stack(0x00007f55115ce000,0x00007f55116ce000)]
  0x00007f5528658000 JavaThread "C2 CompilerThread0" daemon [_thread_blocked, id=9184, stack(0x00007f55116cf000,0x00007f55117cf000)]
  0x00007f5528656800 JavaThread "Monitor Ctrl-Break" daemon [_thread_in_native, id=9183, stack(0x00007f55117cf000,0x00007f55118d0000)]
  0x00007f5528404800 JavaThread "Signal Dispatcher" daemon [_thread_blocked, id=9179, stack(0x00007f55118fb000,0x00007f55119fc000)]
  0x00007f5528150000 JavaThread "Finalizer" daemon [_thread_blocked, id=9172, stack(0x00007f551200e000,0x00007f551210f000)]
  0x00007f552814d800 JavaThread "Reference Handler" daemon [_thread_blocked, id=9169, stack(0x00007f551210f000,0x00007f5512210000)]
  0x00007f552800e800 JavaThread "main" [_thread_blocked, id=9158, stack(0x00007f5530a08000,0x00007f5530b08000)]

Other Threads:
=>0x00007f5528144000 VMThread [stack: 0x00007f55180f2000,0x00007f55181f2000] [id=9168]
  0x00007f552866c000 WatcherThread [stack: 0x00007f55110b4000,0x00007f55111b4000] [id=9188]

VM state:at safepoint (normal execution)

VM Mutex/Monitor currently owned by a thread:  ([mutex/lock_event])
[0x00007f552800b1c0] Threads_lock - owner thread: 0x00007f5528144000
[0x00007f552800b6c0] Heap_lock - owner thread: 0x00007f552800e800

Heap:
 PSYoungGen      total 104960K, used 7167K [0x00000000ec100000, 0x00000000f2f00000, 0x0000000100000000)
  eden space 97792K, 0% used [0x00000000ec100000,0x00000000ec100000,0x00000000f2080000)
  from space 7168K, 99% used [0x00000000f2080000,0x00000000f277fcf0,0x00000000f2780000)
  to   space 6656K, 0% used [0x00000000f2780000,0x00000000f2780000,0x00000000f2e00000)
 ParOldGen       total 40960K, used 12982K [0x00000000c4200000, 0x00000000c6a00000, 0x00000000ec100000)
  object space 40960K, 31% used [0x00000000c4200000,0x00000000c4eada38,0x00000000c6a00000)
 Metaspace       used 17655K, capacity 17856K, committed 18048K, reserved 1064960K
  class space    used 2225K, capacity 2326K, committed 2432K, reserved 1048576K

Card table byte_map: [0x00007f552d2ee000,0x00007f552d4ce000] byte_map_base: 0x00007f552cccd000

Marking Bits: (ParMarkBitMap*) 0x00007f552feab0a0
 Begin Bits: [0x00007f5512210000, 0x00007f5513108000)
 End Bits:   [0x00007f5513108000, 0x00007f5514000000)

Polling page: 0x00007f5530b28000

CodeCache: size=245760Kb used=6776Kb max_used=6776Kb free=238984Kb
 bounds [0x00007f5519000000, 0x00007f55196b0000, 0x00007f5528000000]
 total_blobs=2551 nmethods=2085 adapters=379
 compilation: enabled

Compilation events (10 events):
Event: 4,912 Thread 0x00007f552865b800 2094       3       javassist.bytecode.stackmap.TypeData::make (26 bytes)
Event: 4,912 Thread 0x00007f552865b800 nmethod 2094 0x00007f551968e8d0 code [0x00007f551968ea40, 0x00007f551968edf0]
Event: 4,912 Thread 0x00007f552865b800 2095       1       javassist.bytecode.stackmap.TypeData::isUninit (2 bytes)
Event: 4,912 Thread 0x00007f552865b800 nmethod 2095 0x00007f551968e610 code [0x00007f551968e760, 0x00007f551968e870]
Event: 4,912 Thread 0x00007f552865b800 2092       1       javassist.bytecode.ClassFile::getMajorVersion (5 bytes)
Event: 4,912 Thread 0x00007f552865b800 nmethod 2092 0x00007f551968e350 code [0x00007f551968e4a0, 0x00007f551968e5b0]
Event: 4,918 Thread 0x00007f552865b800 2099       3       scala.collection.mutable.ArrayBuffer::$plus$eq (6 bytes)
Event: 4,919 Thread 0x00007f552865b800 nmethod 2099 0x00007f551968da50 code [0x00007f551968dc00, 0x00007f551968e0e8]
Event: 4,919 Thread 0x00007f552865b800 2100       3       scala.collection.mutable.ArrayBuffer::$plus$eq (32 bytes)
Event: 4,919 Thread 0x00007f552865b800 nmethod 2100 0x00007f55196a3f10 code [0x00007f55196a40c0, 0x00007f55196a4548]

GC Heap History (10 events):
Event: 2,807 GC heap after
Heap after GC invocations=6 (full 0):
 PSYoungGen      total 36864K, used 4160K [0x00000000ec100000, 0x00000000eeb00000, 0x0000000100000000)
  eden space 30720K, 0% used [0x00000000ec100000,0x00000000ec100000,0x00000000edf00000)
  from space 6144K, 67% used [0x00000000ee500000,0x00000000ee910000,0x00000000eeb00000)
  to   space 6144K, 0% used [0x00000000edf00000,0x00000000edf00000,0x00000000ee500000)
 ParOldGen       total 40960K, used 7392K [0x00000000c4200000, 0x00000000c6a00000, 0x00000000ec100000)
  object space 40960K, 18% used [0x00000000c4200000,0x00000000c49381c0,0x00000000c6a00000)
 Metaspace       used 15379K, capacity 15608K, committed 15744K, reserved 1062912K
  class space    used 1988K, capacity 2090K, committed 2176K, reserved 1048576K
}
Event: 3,249 GC heap before
{Heap before GC invocations=7 (full 0):
 PSYoungGen      total 36864K, used 34880K [0x00000000ec100000, 0x00000000eeb00000, 0x0000000100000000)
  eden space 30720K, 100% used [0x00000000ec100000,0x00000000edf00000,0x00000000edf00000)
  from space 6144K, 67% used [0x00000000ee500000,0x00000000ee910000,0x00000000eeb00000)
  to   space 6144K, 0% used [0x00000000edf00000,0x00000000edf00000,0x00000000ee500000)
 ParOldGen       total 40960K, used 7392K [0x00000000c4200000, 0x00000000c6a00000, 0x00000000ec100000)
  object space 40960K, 18% used [0x00000000c4200000,0x00000000c49381c0,0x00000000c6a00000)
 Metaspace       used 15750K, capacity 15960K, committed 16256K, reserved 1062912K
  class space    used 2035K, capacity 2122K, committed 2176K, reserved 1048576K
Event: 3,265 GC heap after
Heap after GC invocations=7 (full 0):
 PSYoungGen      total 36864K, used 5429K [0x00000000ec100000, 0x00000000f0a00000, 0x0000000100000000)
  eden space 30720K, 0% used [0x00000000ec100000,0x00000000ec100000,0x00000000edf00000)
  from space 6144K, 88% used [0x00000000edf00000,0x00000000ee44d720,0x00000000ee500000)
  to   space 6656K, 0% used [0x00000000f0380000,0x00000000f0380000,0x00000000f0a00000)
 ParOldGen       total 40960K, used 7779K [0x00000000c4200000, 0x00000000c6a00000, 0x00000000ec100000)
  object space 40960K, 18% used [0x00000000c4200000,0x00000000c4998c50,0x00000000c6a00000)
 Metaspace       used 15750K, capacity 15960K, committed 16256K, reserved 1062912K
  class space    used 2035K, capacity 2122K, committed 2176K, reserved 1048576K
}
Event: 3,483 GC heap before
{Heap before GC invocations=8 (full 0):
 PSYoungGen      total 36864K, used 36149K [0x00000000ec100000, 0x00000000f0a00000, 0x0000000100000000)
  eden space 30720K, 100% used [0x00000000ec100000,0x00000000edf00000,0x00000000edf00000)
  from space 6144K, 88% used [0x00000000edf00000,0x00000000ee44d720,0x00000000ee500000)
  to   space 6656K, 0% used [0x00000000f0380000,0x00000000f0380000,0x00000000f0a00000)
 ParOldGen       total 40960K, used 7779K [0x00000000c4200000, 0x00000000c6a00000, 0x00000000ec100000)
  object space 40960K, 18% used [0x00000000c4200000,0x00000000c4998c50,0x00000000c6a00000)
 Metaspace       used 15819K, capacity 16024K, committed 16256K, reserved 1062912K
  class space    used 2035K, capacity 2122K, committed 2176K, reserved 1048576K
Event: 3,497 GC heap after
Heap after GC invocations=8 (full 0):
 PSYoungGen      total 67072K, used 3744K [0x00000000ec100000, 0x00000000f0900000, 0x0000000100000000)
  eden space 61440K, 0% used [0x00000000ec100000,0x00000000ec100000,0x00000000efd00000)
  from space 5632K, 66% used [0x00000000f0380000,0x00000000f0728000,0x00000000f0900000)
  to   space 6144K, 0% used [0x00000000efd00000,0x00000000efd00000,0x00000000f0300000)
 ParOldGen       total 40960K, used 9590K [0x00000000c4200000, 0x00000000c6a00000, 0x00000000ec100000)
  object space 40960K, 23% used [0x00000000c4200000,0x00000000c4b5da18,0x00000000c6a00000)
 Metaspace       used 15819K, capacity 16024K, committed 16256K, reserved 1062912K
  class space    used 2035K, capacity 2122K, committed 2176K, reserved 1048576K
}
Event: 3,954 GC heap before
{Heap before GC invocations=9 (full 0):
 PSYoungGen      total 67072K, used 65184K [0x00000000ec100000, 0x00000000f0900000, 0x0000000100000000)
  eden space 61440K, 100% used [0x00000000ec100000,0x00000000efd00000,0x00000000efd00000)
  from space 5632K, 66% used [0x00000000f0380000,0x00000000f0728000,0x00000000f0900000)
  to   space 6144K, 0% used [0x00000000efd00000,0x00000000efd00000,0x00000000f0300000)
 ParOldGen       total 40960K, used 9590K [0x00000000c4200000, 0x00000000c6a00000, 0x00000000ec100000)
  object space 40960K, 23% used [0x00000000c4200000,0x00000000c4b5da18,0x00000000c6a00000)
 Metaspace       used 15982K, capacity 16222K, committed 16512K, reserved 1062912K
  class space    used 2042K, capacity 2123K, committed 2176K, reserved 1048576K
Event: 3,964 GC heap after
Heap after GC invocations=9 (full 0):
 PSYoungGen      total 67584K, used 5840K [0x00000000ec100000, 0x00000000f2e00000, 0x0000000100000000)
  eden space 61440K, 0% used [0x00000000ec100000,0x00000000ec100000,0x00000000efd00000)
  from space 6144K, 95% used [0x00000000efd00000,0x00000000f02b4010,0x00000000f0300000)
  to   space 6656K, 0% used [0x00000000f2780000,0x00000000f2780000,0x00000000f2e00000)
 ParOldGen       total 40960K, used 10174K [0x00000000c4200000, 0x00000000c6a00000, 0x00000000ec100000)
  object space 40960K, 24% used [0x00000000c4200000,0x00000000c4befa18,0x00000000c6a00000)
 Metaspace       used 15982K, capacity 16222K, committed 16512K, reserved 1062912K
  class space    used 2042K, capacity 2123K, committed 2176K, reserved 1048576K
}
Event: 4,335 GC heap before
{Heap before GC invocations=10 (full 0):
 PSYoungGen      total 67584K, used 67280K [0x00000000ec100000, 0x00000000f2e00000, 0x0000000100000000)
  eden space 61440K, 100% used [0x00000000ec100000,0x00000000efd00000,0x00000000efd00000)
  from space 6144K, 95% used [0x00000000efd00000,0x00000000f02b4010,0x00000000f0300000)
  to   space 6656K, 0% used [0x00000000f2780000,0x00000000f2780000,0x00000000f2e00000)
 ParOldGen       total 40960K, used 10174K [0x00000000c4200000, 0x00000000c6a00000, 0x00000000ec100000)
  object space 40960K, 24% used [0x00000000c4200000,0x00000000c4befa18,0x00000000c6a00000)
 Metaspace       used 16190K, capacity 16414K, committed 16512K, reserved 1062912K
  class space    used 2063K, capacity 2123K, committed 2176K, reserved 1048576K
Event: 4,346 GC heap after
Heap after GC invocations=10 (full 0):
 PSYoungGen      total 104448K, used 5907K [0x00000000ec100000, 0x00000000f2f00000, 0x0000000100000000)
  eden space 97792K, 0% used [0x00000000ec100000,0x00000000ec100000,0x00000000f2080000)
  from space 6656K, 88% used [0x00000000f2780000,0x00000000f2d44e38,0x00000000f2e00000)
  to   space 7168K, 0% used [0x00000000f2080000,0x00000000f2080000,0x00000000f2780000)
 ParOldGen       total 40960K, used 10422K [0x00000000c4200000, 0x00000000c6a00000, 0x00000000ec100000)
  object space 40960K, 25% used [0x00000000c4200000,0x00000000c4c2da38,0x00000000c6a00000)
 Metaspace       used 16190K, capacity 16414K, committed 16512K, reserved 1062912K
  class space    used 2063K, capacity 2123K, committed 2176K, reserved 1048576K
}
Event: 4,929 GC heap before
{Heap before GC invocations=11 (full 0):
 PSYoungGen      total 104448K, used 103699K [0x00000000ec100000, 0x00000000f2f00000, 0x0000000100000000)
  eden space 97792K, 100% used [0x00000000ec100000,0x00000000f2080000,0x00000000f2080000)
  from space 6656K, 88% used [0x00000000f2780000,0x00000000f2d44e38,0x00000000f2e00000)
  to   space 7168K, 0% used [0x00000000f2080000,0x00000000f2080000,0x00000000f2780000)
 ParOldGen       total 40960K, used 10422K [0x00000000c4200000, 0x00000000c6a00000, 0x00000000ec100000)
  object space 40960K, 25% used [0x00000000c4200000,0x00000000c4c2da38,0x00000000c6a00000)
 Metaspace       used 17655K, capacity 17856K, committed 18048K, reserved 1064960K
  class space    used 2225K, capacity 2326K, committed 2432K, reserved 1048576K

Deoptimization events (10 events):
Event: 4,106 Thread 0x00007f552800e800 Uncommon trap: reason=class_check action=maybe_recompile pc=0x00007f5519420acc method=java.io.DataInputStream.readFully([BII)V @ 34
Event: 4,212 Thread 0x00007f552800e800 Uncommon trap: reason=unstable_if action=reinterpret pc=0x00007f5519436e78 method=java.util.HashMap.getNode(ILjava/lang/Object;)Ljava/util/HashMap$Node; @ 129
Event: 4,218 Thread 0x00007f552800e800 Uncommon trap: reason=unstable_if action=reinterpret pc=0x00007f55194028a8 method=java.util.HashMap.getNode(ILjava/lang/Object;)Ljava/util/HashMap$Node; @ 129
Event: 4,257 Thread 0x00007f552800e800 Uncommon trap: reason=class_check action=maybe_recompile pc=0x00007f55193a2958 method=java.util.HashMap.putVal(ILjava/lang/Object;Ljava/lang/Object;ZZ)Ljava/lang/Object; @ 203
Event: 4,267 Thread 0x00007f552800e800 Uncommon trap: reason=class_check action=maybe_recompile pc=0x00007f55193a2958 method=java.util.HashMap.putVal(ILjava/lang/Object;Ljava/lang/Object;ZZ)Ljava/lang/Object; @ 203
Event: 4,394 Thread 0x00007f552800e800 Uncommon trap: reason=unstable_if action=reinterpret pc=0x00007f551955cf28 method=javassist.bytecode.ConstPool.read(Ljava/io/DataInputStream;)V @ 49
Event: 4,664 Thread 0x00007f552800e800 Uncommon trap: reason=bimorphic action=maybe_recompile pc=0x00007f55195f8990 method=java.util.HashMap.putVal(ILjava/lang/Object;Ljava/lang/Object;ZZ)Ljava/lang/Object; @ 253
Event: 4,664 Thread 0x00007f552800e800 Uncommon trap: reason=bimorphic action=maybe_recompile pc=0x00007f55195f8990 method=java.util.HashMap.putVal(ILjava/lang/Object;Ljava/lang/Object;ZZ)Ljava/lang/Object; @ 253
Event: 4,664 Thread 0x00007f552800e800 Uncommon trap: reason=bimorphic action=maybe_recompile pc=0x00007f55195f8990 method=java.util.HashMap.putVal(ILjava/lang/Object;Ljava/lang/Object;ZZ)Ljava/lang/Object; @ 253
Event: 4,664 Thread 0x00007f552800e800 Uncommon trap: reason=bimorphic action=maybe_recompile pc=0x00007f55195f8990 method=java.util.HashMap.putVal(ILjava/lang/Object;Ljava/lang/Object;ZZ)Ljava/lang/Object; @ 253

Classes redefined (0 events):
No events

Internal exceptions (10 events):
Event: 2,057 Thread 0x00007f552800e800 Exception <a 'java/lang/ClassNotFoundException': org/apache/log4j/PatternLayoutBeanInfo> (0x00000000ecbad068) thrown at [/HUDSON/workspace/8-2-build-linux-amd64/jdk8u181/11358/hotspot/src/share/vm/classfile/systemDictionary.cpp, line 210]
Event: 2,057 Thread 0x00007f552800e800 Exception <a 'java/lang/ClassNotFoundException': org/apache/log4j/LayoutBeanInfo> (0x00000000ecbb83e8) thrown at [/HUDSON/workspace/8-2-build-linux-amd64/jdk8u181/11358/hotspot/src/share/vm/classfile/systemDictionary.cpp, line 210]
Event: 2,058 Thread 0x00007f552800e800 Exception <a 'java/lang/ClassNotFoundException': java/lang/ObjectBeanInfo> (0x00000000ecbbd758) thrown at [/HUDSON/workspace/8-2-build-linux-amd64/jdk8u181/11358/hotspot/src/share/vm/classfile/systemDictionary.cpp, line 210]
Event: 2,058 Thread 0x00007f552800e800 Exception <a 'java/lang/ClassNotFoundException': java/lang/ObjectCustomizer> (0x00000000ecbc3368) thrown at [/HUDSON/workspace/8-2-build-linux-amd64/jdk8u181/11358/hotspot/src/share/vm/classfile/systemDictionary.cpp, line 210]
Event: 2,061 Thread 0x00007f552800e800 Exception <a 'java/lang/ArrayIndexOutOfBoundsException': 18> (0x00000000ecbd3190) thrown at [/HUDSON/workspace/8-2-build-linux-amd64/jdk8u181/11358/hotspot/src/share/vm/interpreter/interpreterRuntime.cpp, line 366]
Event: 2,063 Thread 0x00007f552800e800 Exception <a 'java/lang/ArrayIndexOutOfBoundsException': 22> (0x00000000ecbdae48) thrown at [/HUDSON/workspace/8-2-build-linux-amd64/jdk8u181/11358/hotspot/src/share/vm/interpreter/interpreterRuntime.cpp, line 366]
Event: 2,065 Thread 0x00007f552800e800 Exception <a 'java/lang/ArrayIndexOutOfBoundsException'> (0x00000000ecbe2390) thrown at [/HUDSON/workspace/8-2-build-linux-amd64/jdk8u181/11358/hotspot/src/share/vm/runtime/sharedRuntime.cpp, line 605]
Event: 2,068 Thread 0x00007f552800e800 Exception <a 'java/lang/ClassNotFoundException': org/apache/log4j/LayoutCustomizer> (0x00000000ecbfb060) thrown at [/HUDSON/workspace/8-2-build-linux-amd64/jdk8u181/11358/hotspot/src/share/vm/classfile/systemDictionary.cpp, line 210]
Event: 2,071 Thread 0x00007f552800e800 Exception <a 'java/lang/ClassNotFoundException': org/apache/log4j/PatternLayoutCustomizer> (0x00000000ecc1b1f0) thrown at [/HUDSON/workspace/8-2-build-linux-amd64/jdk8u181/11358/hotspot/src/share/vm/classfile/systemDictionary.cpp, line 210]
Event: 2,079 Thread 0x00007f552800e800 Implicit null exception at 0x00007f55191c7a76 to 0x00007f55191c7e29

Events (10 events):
Event: 4,664 Thread 0x00007f552800e800 DEOPT UNPACKING pc=0x00007f551904573a sp=0x00007f5530b05fe8 mode 2
Event: 4,675 loading class org/apache/commons/collections15/Closure
Event: 4,675 loading class org/apache/commons/collections15/Closure done
Event: 4,776 loading class javax/persistence/Transient
Event: 4,776 loading class javax/persistence/Transient done
Event: 4,811 loading class ProductModel
Event: 4,811 loading class ProductModel done
Event: 4,811 loading class Category
Event: 4,811 loading class Category done
Event: 4,926 Executing VM operation: ParallelGCFailedAllocation


Dynamic libraries:
00400000-00401000 r-xp 00000000 08:06 954649                             /home/matias/jdk1.8.0_181/bin/java
00600000-00601000 rw-p 00000000 08:06 954649                             /home/matias/jdk1.8.0_181/bin/java
006ae000-006cf000 rw-p 00000000 00:00 0                                  [heap]
c4200000-c6a00000 rw-p 00000000 00:00 0 
c6a00000-ec100000 ---p 00000000 00:00 0 
ec100000-f2f00000 rw-p 00000000 00:00 0 
f6b00000-100000000 ---p 00000000 00:00 0 
100000000-100260000 rw-p 00000000 00:00 0 
100260000-140000000 ---p 00000000 00:00 0 
7f54c0000000-7f54c0021000 rw-p 00000000 00:00 0 
7f54c0021000-7f54c4000000 ---p 00000000 00:00 0 
7f54c4000000-7f54c4021000 rw-p 00000000 00:00 0 
7f54c4021000-7f54c8000000 ---p 00000000 00:00 0 
7f54c8000000-7f54c8021000 rw-p 00000000 00:00 0 
7f54c8021000-7f54cc000000 ---p 00000000 00:00 0 
7f54cccc0000-7f54cce00000 rw-p 00000000 00:00 0 
7f54cce00000-7f54ccec0000 ---p 00000000 00:00 0 
7f54ccec0000-7f54cd0c0000 rw-p 00000000 00:00 0 
7f54cd0c0000-7f54cd114000 r--p 00000000 08:06 432701                     /usr/share/fonts/truetype/dejavu/DejaVuSansMono.ttf
7f54cd114000-7f54cd16b000 r--p 00000000 08:06 132846                     /usr/share/fonts/truetype/ubuntu/Ubuntu-R.ttf
7f54cd16b000-7f54cd16c000 ---p 00000000 00:00 0 
7f54cd16c000-7f54cd96c000 rw-p 00000000 00:00 0 
7f54cd96c000-7f54cd96d000 ---p 00000000 00:00 0 
7f54cd96d000-7f54ce16d000 rw-p 00000000 00:00 0 
7f54ce16d000-7f54ce16e000 ---p 00000000 00:00 0 
7f54ce16e000-7f54ce96e000 rw-p 00000000 00:00 0 
7f54ce96e000-7f54ce97a000 r-xp 00000000 08:06 485                        /usr/lib/x86_64-linux-gnu/gio/modules/libdconfsettings.so
7f54ce97a000-7f54ceb79000 ---p 0000c000 08:06 485                        /usr/lib/x86_64-linux-gnu/gio/modules/libdconfsettings.so
7f54ceb79000-7f54ceb7a000 r--p 0000b000 08:06 485                        /usr/lib/x86_64-linux-gnu/gio/modules/libdconfsettings.so
7f54ceb7a000-7f54ceb7b000 rw-p 0000c000 08:06 485                        /usr/lib/x86_64-linux-gnu/gio/modules/libdconfsettings.so
7f54ceb7b000-7f54ceb82000 r-xp 00000000 08:06 1061370                    /usr/lib/x86_64-linux-gnu/libogg.so.0.8.2
7f54ceb82000-7f54ced82000 ---p 00007000 08:06 1061370                    /usr/lib/x86_64-linux-gnu/libogg.so.0.8.2
7f54ced82000-7f54ced83000 r--p 00007000 08:06 1061370                    /usr/lib/x86_64-linux-gnu/libogg.so.0.8.2
7f54ced83000-7f54ced84000 rw-p 00008000 08:06 1061370                    /usr/lib/x86_64-linux-gnu/libogg.so.0.8.2
7f54ced84000-7f54cedae000 r-xp 00000000 08:06 1054342                    /usr/lib/x86_64-linux-gnu/libvorbis.so.0.4.8
7f54cedae000-7f54cefad000 ---p 0002a000 08:06 1054342                    /usr/lib/x86_64-linux-gnu/libvorbis.so.0.4.8
7f54cefad000-7f54cefae000 r--p 00029000 08:06 1054342                    /usr/lib/x86_64-linux-gnu/libvorbis.so.0.4.8
7f54cefae000-7f54cefaf000 rw-p 0002a000 08:06 1054342                    /usr/lib/x86_64-linux-gnu/libvorbis.so.0.4.8
7f54cefaf000-7f54cefb8000 r-xp 00000000 08:06 1065070                    /usr/lib/x86_64-linux-gnu/libltdl.so.7.3.1
7f54cefb8000-7f54cf1b7000 ---p 00009000 08:06 1065070                    /usr/lib/x86_64-linux-gnu/libltdl.so.7.3.1
7f54cf1b7000-7f54cf1b8000 r--p 00008000 08:06 1065070                    /usr/lib/x86_64-linux-gnu/libltdl.so.7.3.1
7f54cf1b8000-7f54cf1b9000 rw-p 00009000 08:06 1065070                    /usr/lib/x86_64-linux-gnu/libltdl.so.7.3.1
7f54cf1b9000-7f54cf1ce000 r-xp 00000000 08:06 1061593                    /usr/lib/x86_64-linux-gnu/libtdb.so.1.3.15
7f54cf1ce000-7f54cf3cd000 ---p 00015000 08:06 1061593                    /usr/lib/x86_64-linux-gnu/libtdb.so.1.3.15
7f54cf3cd000-7f54cf3ce000 r--p 00014000 08:06 1061593                    /usr/lib/x86_64-linux-gnu/libtdb.so.1.3.15
7f54cf3ce000-7f54cf3cf000 rw-p 00015000 08:06 1061593                    /usr/lib/x86_64-linux-gnu/libtdb.so.1.3.15
7f54cf3cf000-7f54cf3d6000 r-xp 00000000 08:06 1054344                    /usr/lib/x86_64-linux-gnu/libvorbisfile.so.3.3.7
7f54cf3d6000-7f54cf5d5000 ---p 00007000 08:06 1054344                    /usr/lib/x86_64-linux-gnu/libvorbisfile.so.3.3.7
7f54cf5d5000-7f54cf5d6000 r--p 00006000 08:06 1054344                    /usr/lib/x86_64-linux-gnu/libvorbisfile.so.3.3.7
7f54cf5d6000-7f54cf5d7000 rw-p 00007000 08:06 1054344                    /usr/lib/x86_64-linux-gnu/libvorbisfile.so.3.3.7
7f54cf5d7000-7f54cf5e7000 r-xp 00000000 08:06 1060933                    /usr/lib/x86_64-linux-gnu/libcanberra.so.0.2.5
7f54cf5e7000-7f54cf7e7000 ---p 00010000 08:06 1060933                    /usr/lib/x86_64-linux-gnu/libcanberra.so.0.2.5
7f54cf7e7000-7f54cf7e8000 r--p 00010000 08:06 1060933                    /usr/lib/x86_64-linux-gnu/libcanberra.so.0.2.5
7f54cf7e8000-7f54cf7e9000 rw-p 00011000 08:06 1060933                    /usr/lib/x86_64-linux-gnu/libcanberra.so.0.2.5
7f54cf7e9000-7f54cf7ed000 r-xp 00000000 08:06 1073480                    /usr/lib/x86_64-linux-gnu/libcanberra-gtk.so.0.1.9
7f54cf7ed000-7f54cf9ec000 ---p 00004000 08:06 1073480                    /usr/lib/x86_64-linux-gnu/libcanberra-gtk.so.0.1.9
7f54cf9ec000-7f54cf9ed000 r--p 00003000 08:06 1073480                    /usr/lib/x86_64-linux-gnu/libcanberra-gtk.so.0.1.9
7f54cf9ed000-7f54cf9ee000 rw-p 00004000 08:06 1073480                    /usr/lib/x86_64-linux-gnu/libcanberra-gtk.so.0.1.9
7f54cf9ee000-7f54cf9f3000 r-xp 00000000 08:06 4254                       /usr/lib/x86_64-linux-gnu/gtk-2.0/modules/libcanberra-gtk-module.so
7f54cf9f3000-7f54cfbf3000 ---p 00005000 08:06 4254                       /usr/lib/x86_64-linux-gnu/gtk-2.0/modules/libcanberra-gtk-module.so
7f54cfbf3000-7f54cfbf4000 r--p 00005000 08:06 4254                       /usr/lib/x86_64-linux-gnu/gtk-2.0/modules/libcanberra-gtk-module.so
7f54cfbf4000-7f54cfbf5000 rw-p 00006000 08:06 4254                       /usr/lib/x86_64-linux-gnu/gtk-2.0/modules/libcanberra-gtk-module.so
7f54cfbf5000-7f54cfc2f000 r-xp 00000000 08:06 1491                       /usr/lib/x86_64-linux-gnu/gtk-2.0/2.10.0/engines/libmurrine.so
7f54cfc2f000-7f54cfe2f000 ---p 0003a000 08:06 1491                       /usr/lib/x86_64-linux-gnu/gtk-2.0/2.10.0/engines/libmurrine.so
7f54cfe2f000-7f54cfe30000 r--p 0003a000 08:06 1491                       /usr/lib/x86_64-linux-gnu/gtk-2.0/2.10.0/engines/libmurrine.so
7f54cfe30000-7f54cfe31000 rw-p 0003b000 08:06 1491                       /usr/lib/x86_64-linux-gnu/gtk-2.0/2.10.0/engines/libmurrine.so
7f54cfe31000-7f54cfe45000 r-xp 00000000 08:06 791799                     /lib/x86_64-linux-gnu/libgpg-error.so.0.22.0
7f54cfe45000-7f54d0044000 ---p 00014000 08:06 791799                     /lib/x86_64-linux-gnu/libgpg-error.so.0.22.0
7f54d0044000-7f54d0045000 r--p 00013000 08:06 791799                     /lib/x86_64-linux-gnu/libgpg-error.so.0.22.0
7f54d0045000-7f54d0046000 rw-p 00014000 08:06 791799                     /lib/x86_64-linux-gnu/libgpg-error.so.0.22.0
7f54d0046000-7f54d015a000 r-xp 00000000 08:06 791807                     /lib/x86_64-linux-gnu/libgcrypt.so.20.2.1
7f54d015a000-7f54d0359000 ---p 00114000 08:06 791807                     /lib/x86_64-linux-gnu/libgcrypt.so.20.2.1
7f54d0359000-7f54d035b000 r--p 00113000 08:06 791807                     /lib/x86_64-linux-gnu/libgcrypt.so.20.2.1
7f54d035b000-7f54d0360000 rw-p 00115000 08:06 791807                     /lib/x86_64-linux-gnu/libgcrypt.so.20.2.1
7f54d0360000-7f54d0361000 rw-p 00000000 00:00 0 
7f54d0361000-7f54d037c000 r-xp 00000000 08:06 1061212                    /usr/lib/x86_64-linux-gnu/liblz4.so.1.7.1
7f54d037c000-7f54d057b000 ---p 0001b000 08:06 1061212                    /usr/lib/x86_64-linux-gnu/liblz4.so.1.7.1
7f54d057b000-7f54d057c000 r--p 0001a000 08:06 1061212                    /usr/lib/x86_64-linux-gnu/liblz4.so.1.7.1
7f54d057c000-7f54d057d000 rw-p 0001b000 08:06 1061212                    /usr/lib/x86_64-linux-gnu/liblz4.so.1.7.1
7f54d057d000-7f54d05a1000 r-xp 00000000 08:06 791773                     /lib/x86_64-linux-gnu/liblzma.so.5.2.2
7f54d05a1000-7f54d07a1000 ---p 00024000 08:06 791773                     /lib/x86_64-linux-gnu/liblzma.so.5.2.2
7f54d07a1000-7f54d07a2000 r--p 00024000 08:06 791773                     /lib/x86_64-linux-gnu/liblzma.so.5.2.2
7f54d07a2000-7f54d07a3000 rw-p 00025000 08:06 791773                     /lib/x86_64-linux-gnu/liblzma.so.5.2.2
7f54d07a3000-7f54d0823000 r-xp 00000000 08:06 788015                     /lib/x86_64-linux-gnu/libsystemd.so.0.21.0
7f54d0823000-7f54d0a22000 ---p 00080000 08:06 788015                     /lib/x86_64-linux-gnu/libsystemd.so.0.21.0
7f54d0a22000-7f54d0a25000 r--p 0007f000 08:06 788015                     /lib/x86_64-linux-gnu/libsystemd.so.0.21.0
7f54d0a25000-7f54d0a26000 rw-p 00082000 08:06 788015                     /lib/x86_64-linux-gnu/libsystemd.so.0.21.0
7f54d0a26000-7f54d0a27000 rw-p 00000000 00:00 0 
7f54d0a27000-7f54d0a53000 r-xp 00000000 08:06 1066400                    /usr/lib/x86_64-linux-gnu/libatspi.so.0.0.1
7f54d0a53000-7f54d0c53000 ---p 0002c000 08:06 1066400                    /usr/lib/x86_64-linux-gnu/libatspi.so.0.0.1
7f54d0c53000-7f54d0c56000 r--p 0002c000 08:06 1066400                    /usr/lib/x86_64-linux-gnu/libatspi.so.0.0.1
7f54d0c56000-7f54d0c57000 rw-p 0002f000 08:06 1066400                    /usr/lib/x86_64-linux-gnu/libatspi.so.0.0.1
7f54d0c57000-7f54d0ca2000 r-xp 00000000 08:06 789597                     /lib/x86_64-linux-gnu/libdbus-1.so.3.19.4
7f54d0ca2000-7f54d0ea2000 ---p 0004b000 08:06 789597                     /lib/x86_64-linux-gnu/libdbus-1.so.3.19.4
7f54d0ea2000-7f54d0ea3000 r--p 0004b000 08:06 789597                     /lib/x86_64-linux-gnu/libdbus-1.so.3.19.4
7f54d0ea3000-7f54d0ea4000 rw-p 0004c000 08:06 789597                     /lib/x86_64-linux-gnu/libdbus-1.so.3.19.4
7f54d0ea4000-7f54d0ed2000 r-xp 00000000 08:06 1052342                    /usr/lib/x86_64-linux-gnu/libatk-bridge-2.0.so.0.0.0
7f54d0ed2000-7f54d10d2000 ---p 0002e000 08:06 1052342                    /usr/lib/x86_64-linux-gnu/libatk-bridge-2.0.so.0.0.0
7f54d10d2000-7f54d10d3000 r--p 0002e000 08:06 1052342                    /usr/lib/x86_64-linux-gnu/libatk-bridge-2.0.so.0.0.0
7f54d10d3000-7f54d10d4000 rw-p 0002f000 08:06 1052342                    /usr/lib/x86_64-linux-gnu/libatk-bridge-2.0.so.0.0.0
7f54d10d4000-7f54d10d5000 rw-p 00000000 00:00 0 
7f54d10d5000-7f54d10d6000 r-xp 00000000 08:06 1490                       /usr/lib/x86_64-linux-gnu/gtk-2.0/modules/libatk-bridge.so
7f54d10d6000-7f54d12d5000 ---p 00001000 08:06 1490                       /usr/lib/x86_64-linux-gnu/gtk-2.0/modules/libatk-bridge.so
7f54d12d5000-7f54d12d6000 r--p 00000000 08:06 1490                       /usr/lib/x86_64-linux-gnu/gtk-2.0/modules/libatk-bridge.so
7f54d12d6000-7f54d12d7000 rw-p 00001000 08:06 1490                       /usr/lib/x86_64-linux-gnu/gtk-2.0/modules/libatk-bridge.so
7f54d12d7000-7f54d12de000 r-xp 00000000 08:06 1054917                    /usr/lib/x86_64-linux-gnu/libgailutil.so.18.0.1
7f54d12de000-7f54d14dd000 ---p 00007000 08:06 1054917                    /usr/lib/x86_64-linux-gnu/libgailutil.so.18.0.1
7f54d14dd000-7f54d14de000 r--p 00006000 08:06 1054917                    /usr/lib/x86_64-linux-gnu/libgailutil.so.18.0.1
7f54d14de000-7f54d14df000 rw-p 00007000 08:06 1054917                    /usr/lib/x86_64-linux-gnu/libgailutil.so.18.0.1
7f54d14df000-7f54d152c000 r-xp 00000000 08:06 6864                       /usr/lib/x86_64-linux-gnu/gtk-2.0/modules/libgail.so
7f54d152c000-7f54d172c000 ---p 0004d000 08:06 6864                       /usr/lib/x86_64-linux-gnu/gtk-2.0/modules/libgail.so
7f54d172c000-7f54d172d000 r--p 0004d000 08:06 6864                       /usr/lib/x86_64-linux-gnu/gtk-2.0/modules/libgail.so
7f54d172d000-7f54d172f000 rw-p 0004e000 08:06 6864                       /usr/lib/x86_64-linux-gnu/gtk-2.0/modules/libgail.so
7f54d172f000-7f54d1740000 r-xp 00000000 08:06 2047                       /usr/lib/x86_64-linux-gnu/gtk-2.0/modules/liboverlay-scrollbar.so
7f54d1740000-7f54d1940000 ---p 00011000 08:06 2047                       /usr/lib/x86_64-linux-gnu/gtk-2.0/modules/liboverlay-scrollbar.so
7f54d1940000-7f54d1941000 r--p 00011000 08:06 2047                       /usr/lib/x86_64-linux-gnu/gtk-2.0/modules/liboverlay-scrollbar.so
7f54d1941000-7f54d1942000 rw-p 00012000 08:06 2047                       /usr/lib/x86_64-linux-gnu/gtk-2.0/modules/liboverlay-scrollbar.so
7f54d1942000-7f54d1948000 r-xp 00000000 08:06 789560                     /lib/x86_64-linux-gnu/libuuid.so.1.3.0
7f54d1948000-7f54d1b47000 ---p 00006000 08:06 789560                     /lib/x86_64-linux-gnu/libuuid.so.1.3.0
7f54d1b47000-7f54d1b48000 r--p 00005000 08:06 789560                     /lib/x86_64-linux-gnu/libuuid.so.1.3.0
7f54d1b48000-7f54d1b49000 rw-p 00006000 08:06 789560                     /lib/x86_64-linux-gnu/libuuid.so.1.3.0
7f54d1b49000-7f54d1b5c000 r-xp 00000000 08:06 791761                     /lib/x86_64-linux-gnu/libbsd.so.0.8.7
7f54d1b5c000-7f54d1d5b000 ---p 00013000 08:06 791761                     /lib/x86_64-linux-gnu/libbsd.so.0.8.7
7f54d1d5b000-7f54d1d5c000 r--p 00012000 08:06 791761                     /lib/x86_64-linux-gnu/libbsd.so.0.8.7
7f54d1d5c000-7f54d1d5d000 rw-p 00013000 08:06 791761                     /lib/x86_64-linux-gnu/libbsd.so.0.8.7
7f54d1d5d000-7f54d1d5e000 rw-p 00000000 00:00 0 
7f54d1d5e000-7f54d1d64000 r-xp 00000000 08:06 1055165                    /usr/lib/x86_64-linux-gnu/libdatrie.so.1.3.3
7f54d1d64000-7f54d1f63000 ---p 00006000 08:06 1055165                    /usr/lib/x86_64-linux-gnu/libdatrie.so.1.3.3
7f54d1f63000-7f54d1f64000 r--p 00005000 08:06 1055165                    /usr/lib/x86_64-linux-gnu/libdatrie.so.1.3.3
7f54d1f64000-7f54d1f65000 rw-p 00006000 08:06 1055165                    /usr/lib/x86_64-linux-gnu/libdatrie.so.1.3.3
7f54d1f65000-7f54d1f90000 r-xp 00000000 08:06 1051370                    /usr/lib/x86_64-linux-gnu/libgraphite2.so.3.0.1
7f54d1f90000-7f54d218f000 ---p 0002b000 08:06 1051370                    /usr/lib/x86_64-linux-gnu/libgraphite2.so.3.0.1
7f54d218f000-7f54d2191000 r--p 0002a000 08:06 1051370                    /usr/lib/x86_64-linux-gnu/libgraphite2.so.3.0.1
7f54d2191000-7f54d2192000 rw-p 0002c000 08:06 1051370                    /usr/lib/x86_64-linux-gnu/libgraphite2.so.3.0.1
7f54d2192000-7f54d21d9000 r-xp 00000000 08:06 793271                     /lib/x86_64-linux-gnu/libblkid.so.1.1.0
7f54d21d9000-7f54d23d9000 ---p 00047000 08:06 793271                     /lib/x86_64-linux-gnu/libblkid.so.1.1.0
7f54d23d9000-7f54d23dd000 r--p 00047000 08:06 793271                     /lib/x86_64-linux-gnu/libblkid.so.1.1.0
7f54d23dd000-7f54d23de000 rw-p 0004b000 08:06 793271                     /lib/x86_64-linux-gnu/libblkid.so.1.1.0
7f54d23de000-7f54d23df000 rw-p 00000000 00:00 0 
7f54d23df000-7f54d23e4000 r-xp 00000000 08:06 1055144                    /usr/lib/x86_64-linux-gnu/libXdmcp.so.6.0.0
7f54d23e4000-7f54d25e3000 ---p 00005000 08:06 1055144                    /usr/lib/x86_64-linux-gnu/libXdmcp.so.6.0.0
7f54d25e3000-7f54d25e4000 r--p 00004000 08:06 1055144                    /usr/lib/x86_64-linux-gnu/libXdmcp.so.6.0.0
7f54d25e4000-7f54d25e5000 rw-p 00005000 08:06 1055144                    /usr/lib/x86_64-linux-gnu/libXdmcp.so.6.0.0
7f54d25e5000-7f54d25e7000 r-xp 00000000 08:06 1060446                    /usr/lib/x86_64-linux-gnu/libXau.so.6.0.0
7f54d25e7000-7f54d27e7000 ---p 00002000 08:06 1060446                    /usr/lib/x86_64-linux-gnu/libXau.so.6.0.0
7f54d27e7000-7f54d27e8000 r--p 00002000 08:06 1060446                    /usr/lib/x86_64-linux-gnu/libXau.so.6.0.0
7f54d27e8000-7f54d27e9000 rw-p 00003000 08:06 1060446                    /usr/lib/x86_64-linux-gnu/libXau.so.6.0.0
7f54d27e9000-7f54d2818000 r-xp 00000000 08:06 791775                     /lib/x86_64-linux-gnu/libexpat.so.1.6.7
7f54d2818000-7f54d2a18000 ---p 0002f000 08:06 791775                     /lib/x86_64-linux-gnu/libexpat.so.1.6.7
7f54d2a18000-7f54d2a1a000 r--p 0002f000 08:06 791775                     /lib/x86_64-linux-gnu/libexpat.so.1.6.7
7f54d2a1a000-7f54d2a1b000 rw-p 00031000 08:06 791775                     /lib/x86_64-linux-gnu/libexpat.so.1.6.7
7f54d2a1b000-7f54d2a8b000 r-xp 00000000 08:06 788336                     /lib/x86_64-linux-gnu/libpcre.so.3.13.3
7f54d2a8b000-7f54d2c8b000 ---p 00070000 08:06 788336                     /lib/x86_64-linux-gnu/libpcre.so.3.13.3
7f54d2c8b000-7f54d2c8c000 r--p 00070000 08:06 788336                     /lib/x86_64-linux-gnu/libpcre.so.3.13.3
7f54d2c8c000-7f54d2c8d000 rw-p 00071000 08:06 788336                     /lib/x86_64-linux-gnu/libpcre.so.3.13.3
7f54d2c8d000-7f54d2c94000 r-xp 00000000 08:06 1055278                    /usr/lib/x86_64-linux-gnu/libffi.so.6.0.4
7f54d2c94000-7f54d2e93000 ---p 00007000 08:06 1055278                    /usr/lib/x86_64-linux-gnu/libffi.so.6.0.4
7f54d2e93000-7f54d2e94000 r--p 00006000 08:06 1055278                    /usr/lib/x86_64-linux-gnu/libffi.so.6.0.4
7f54d2e94000-7f54d2e95000 rw-p 00007000 08:06 1055278                    /usr/lib/x86_64-linux-gnu/libffi.so.6.0.4
7f54d2e95000-7f54d2e9d000 r-xp 00000000 08:06 1055168                    /usr/lib/x86_64-linux-gnu/libthai.so.0.3.0
7f54d2e9d000-7f54d309c000 ---p 00008000 08:06 1055168                    /usr/lib/x86_64-linux-gnu/libthai.so.0.3.0
7f54d309c000-7f54d309d000 r--p 00007000 08:06 1055168                    /usr/lib/x86_64-linux-gnu/libthai.so.0.3.0
7f54d309d000-7f54d309e000 rw-p 00008000 08:06 1055168                    /usr/lib/x86_64-linux-gnu/libthai.so.0.3.0
7f54d309e000-7f54d313a000 r-xp 00000000 08:06 1057301                    /usr/lib/x86_64-linux-gnu/libharfbuzz.so.0.10702.0
7f54d313a000-7f54d333a000 ---p 0009c000 08:06 1057301                    /usr/lib/x86_64-linux-gnu/libharfbuzz.so.0.10702.0
7f54d333a000-7f54d333b000 r--p 0009c000 08:06 1057301                    /usr/lib/x86_64-linux-gnu/libharfbuzz.so.0.10702.0
7f54d333b000-7f54d333c000 rw-p 0009d000 08:06 1057301                    /usr/lib/x86_64-linux-gnu/libharfbuzz.so.0.10702.0
7f54d333c000-7f54d338d000 r-xp 00000000 08:06 789757                     /lib/x86_64-linux-gnu/libmount.so.1.1.0
7f54d338d000-7f54d358c000 ---p 00051000 08:06 789757                     /lib/x86_64-linux-gnu/libmount.so.1.1.0
7f54d358c000-7f54d358e000 r--p 00050000 08:06 789757                     /lib/x86_64-linux-gnu/libmount.so.1.1.0
7f54d358e000-7f54d358f000 rw-p 00052000 08:06 789757                     /lib/x86_64-linux-gnu/libmount.so.1.1.0
7f54d358f000-7f54d3590000 rw-p 00000000 00:00 0 
7f54d3590000-7f54d35a7000 r-xp 00000000 08:06 801673                     /lib/x86_64-linux-gnu/libresolv-2.27.so
7f54d35a7000-7f54d37a7000 ---p 00017000 08:06 801673                     /lib/x86_64-linux-gnu/libresolv-2.27.so
7f54d37a7000-7f54d37a8000 r--p 00017000 08:06 801673                     /lib/x86_64-linux-gnu/libresolv-2.27.so
7f54d37a8000-7f54d37a9000 rw-p 00018000 08:06 801673                     /lib/x86_64-linux-gnu/libresolv-2.27.so
7f54d37a9000-7f54d37ab000 rw-p 00000000 00:00 0 
7f54d37ab000-7f54d37d0000 r-xp 00000000 08:06 788340                     /lib/x86_64-linux-gnu/libselinux.so.1
7f54d37d0000-7f54d39cf000 ---p 00025000 08:06 788340                     /lib/x86_64-linux-gnu/libselinux.so.1
7f54d39cf000-7f54d39d0000 r--p 00024000 08:06 788340                     /lib/x86_64-linux-gnu/libselinux.so.1
7f54d39d0000-7f54d39d1000 rw-p 00025000 08:06 788340                     /lib/x86_64-linux-gnu/libselinux.so.1
7f54d39d1000-7f54d39d3000 rw-p 00000000 00:00 0 
7f54d39d3000-7f54d39ef000 r-xp 00000000 08:06 791779                     /lib/x86_64-linux-gnu/libz.so.1.2.11
7f54d39ef000-7f54d3bee000 ---p 0001c000 08:06 791779                     /lib/x86_64-linux-gnu/libz.so.1.2.11
7f54d3bee000-7f54d3bef000 r--p 0001b000 08:06 791779                     /lib/x86_64-linux-gnu/libz.so.1.2.11
7f54d3bef000-7f54d3bf0000 rw-p 0001c000 08:06 791779                     /lib/x86_64-linux-gnu/libz.so.1.2.11
7f54d3bf0000-7f54d3bfc000 r-xp 00000000 08:06 1057619                    /usr/lib/x86_64-linux-gnu/libxcb-render.so.0.0.0
7f54d3bfc000-7f54d3dfb000 ---p 0000c000 08:06 1057619                    /usr/lib/x86_64-linux-gnu/libxcb-render.so.0.0.0
7f54d3dfb000-7f54d3dfc000 r--p 0000b000 08:06 1057619                    /usr/lib/x86_64-linux-gnu/libxcb-render.so.0.0.0
7f54d3dfc000-7f54d3dfd000 rw-p 0000c000 08:06 1057619                    /usr/lib/x86_64-linux-gnu/libxcb-render.so.0.0.0
7f54d3dfd000-7f54d3dff000 r-xp 00000000 08:06 1057624                    /usr/lib/x86_64-linux-gnu/libxcb-shm.so.0.0.0
7f54d3dff000-7f54d3ffe000 ---p 00002000 08:06 1057624                    /usr/lib/x86_64-linux-gnu/libxcb-shm.so.0.0.0
7f54d3ffe000-7f54d3fff000 r--p 00001000 08:06 1057624                    /usr/lib/x86_64-linux-gnu/libxcb-shm.so.0.0.0
7f54d3fff000-7f54d4000000 rw-p 00002000 08:06 1057624                    /usr/lib/x86_64-linux-gnu/libxcb-shm.so.0.0.0
7f54d4000000-7f54d4021000 rw-p 00000000 00:00 0 
7f54d4021000-7f54d8000000 ---p 00000000 00:00 0 
7f54d8000000-7f54d8023000 rw-p 00000000 00:00 0 
7f54d8023000-7f54dc000000 ---p 00000000 00:00 0 
7f54dc000000-7f54dcc54000 rw-p 00000000 00:00 0 
7f54dcc54000-7f54e0000000 ---p 00000000 00:00 0 
7f54e0000000-7f54e0021000 rw-p 00000000 00:00 0 
7f54e0021000-7f54e4000000 ---p 00000000 00:00 0 
7f54e4000000-7f54e56c8000 rw-p 00000000 00:00 0 
7f54e56c8000-7f54e8000000 ---p 00000000 00:00 0 
7f54e8004000-7f54e800f000 r--s 00000000 08:06 277043                     /var/cache/fontconfig/945677eb7aeaf62f1d50efc3fb3ec7d8-le64.cache-7
7f54e800f000-7f54e8014000 r--s 00000000 08:06 280310                     /var/cache/fontconfig/2300eef321c393bfd76478a5c0e95b23-le64.cache-7
7f54e8014000-7f54e8015000 r--s 00000000 08:06 280309                     /var/cache/fontconfig/0d8c3b2ac0904cb8a57a757ad11a4a08-le64.cache-7
7f54e8015000-7f54e802a000 r--s 00000000 08:06 280308                     /var/cache/fontconfig/04aabc0a78ac019cf9454389977116d2-le64.cache-7
7f54e802a000-7f54e802b000 r--s 00000000 08:06 280307                     /var/cache/fontconfig/1ac9eb803944fde146138c791f5cc56a-le64.cache-7
7f54e802b000-7f54e802f000 r--s 00000000 08:06 280306                     /var/cache/fontconfig/385c0604a188198f04d133e54aba7fe7-le64.cache-7
7f54e802f000-7f54e8030000 r--s 00000000 08:06 280305                     /var/cache/fontconfig/dc05db6664285cc2f12bf69c139ae4c3-le64.cache-7
7f54e8030000-7f54e8032000 r--s 00000000 08:06 280304                     /var/cache/fontconfig/14a5e22175779b556eaa434240950366-le64.cache-7
7f54e8032000-7f54e8033000 r--s 00000000 08:06 280303                     /var/cache/fontconfig/660208299946a285a940457d1287da33-le64.cache-7
7f54e8033000-7f54e8035000 r--s 00000000 08:06 280302                     /var/cache/fontconfig/4f3e3037c9980c83b53a9351efadef62-le64.cache-7
7f54e8035000-7f54e8037000 r--s 00000000 08:06 280301                     /var/cache/fontconfig/767a8244fc0220cfb567a839d0392e0b-le64.cache-7
7f54e8037000-7f54e8038000 r--s 00000000 08:06 268608                     /var/cache/fontconfig/4794a0821666d79190d59a36cb4f44b5-le64.cache-7
7f54e8038000-7f54e803a000 r--s 00000000 08:06 280299                     /var/cache/fontconfig/0bd3dc0958fa2205aaaa8ebb13e2872b-le64.cache-7
7f54e803a000-7f54e8041000 r--s 00000000 08:06 280298                     /var/cache/fontconfig/8801497958630a81b71ace7c5f9b32a8-le64.cache-7
7f54e8041000-7f54e8046000 r--s 00000000 08:06 280297                     /var/cache/fontconfig/def309198bfa603429122923fa2bb2d4-le64.cache-7
7f54e8046000-7f54e8047000 r--s 00000000 08:06 280296                     /var/cache/fontconfig/b872e6e592da6075ffa4ab0a1fcc0c75-le64.cache-7
7f54e8047000-7f54e8048000 r--s 00000000 08:06 280295                     /var/cache/fontconfig/f6d4eedfaab2589bde49f7a3ff831d22-le64.cache-7
7f54e8048000-7f54e8049000 r--s 00000000 08:06 280294                     /var/cache/fontconfig/589f83ef4c36d296ce6e1c846f468f08-le64.cache-7
7f54e8049000-7f54e804a000 r--s 00000000 08:06 280293                     /var/cache/fontconfig/bab58bb527bb656aaa9f116d68a48d89-le64.cache-7
7f54e804a000-7f54e804b000 r--s 00000000 08:06 280292                     /var/cache/fontconfig/2171a34dccabdb6bcbbc728186263178-le64.cache-7
7f54e804b000-7f54e804c000 r--s 00000000 08:06 280291                     /var/cache/fontconfig/c5c45a61289222e0d30b1a26ef4effbe-le64.cache-7
7f54e804c000-7f54e804d000 r--s 00000000 08:06 280290                     /var/cache/fontconfig/aec30016f93e1b46d1a973dce0d74068-le64.cache-7
7f54e804d000-7f54e804e000 r--s 00000000 08:06 280289                     /var/cache/fontconfig/3f589640d34b7dc9042c8d453f7c8b9c-le64.cache-7
7f54e804e000-7f54e804f000 r--s 00000000 08:06 280288                     /var/cache/fontconfig/16c2fda60d1b4b719f4b3d06fd951d25-le64.cache-7
7f54e804f000-7f54e8050000 r--s 00000000 08:06 280287                     /var/cache/fontconfig/a48eab177a16e4f3713381162db2f3e9-le64.cache-7
7f54e8050000-7f54e8051000 r--s 00000000 08:06 280286                     /var/cache/fontconfig/564b2e68ac9bc4e36a6f7f6d6125ec1c-le64.cache-7
7f54e8051000-7f54e8056000 r--s 00000000 08:06 264438                     /var/cache/fontconfig/9d2451b1fd30e5bffe8383fd27c35478-le64.cache-7
7f54e8056000-7f54e805c000 r--s 00000000 08:06 280284                     /var/cache/fontconfig/3047814df9a2f067bd2d96a2b9c36e5a-le64.cache-7
7f54e805c000-7f54e805d000 r--s 00000000 08:06 280283                     /var/cache/fontconfig/56cf4f4769d0f4abc89a4895d7bd3ae1-le64.cache-7
7f54e805d000-7f54e805e000 r--s 00000000 08:06 280282                     /var/cache/fontconfig/b9d506c9ac06c20b433354fa67a72993-le64.cache-7
7f54e805e000-7f54e8064000 r--s 00000000 08:06 280281                     /var/cache/fontconfig/b47c4e1ecd0709278f4910c18777a504-le64.cache-7
7f54e8064000-7f54e8077000 r--s 00000000 08:06 280280                     /var/cache/fontconfig/d52a8644073d54c13679302ca1180695-le64.cache-7
7f54e8077000-7f54e8078000 r--s 00000000 08:06 280279                     /var/cache/fontconfig/370e5b74bf5dafc30834de68e24a87a4-le64.cache-7
7f54e8078000-7f54e8079000 r--s 00000000 08:06 280278                     /var/cache/fontconfig/6b2c5944714ca7831b25bed9e85cb5c8-le64.cache-7
7f54e8079000-7f54e807a000 r--s 00000000 08:06 280277                     /var/cache/fontconfig/d5178ab6d91b49bf20a416737dcea9e8-le64.cache-7
7f54e807a000-7f54e807b000 r--s 00000000 08:06 280276                     /var/cache/fontconfig/551ecf3b0e8b0bca0f25c0944f561853-le64.cache-7
7f54e807b000-7f54e807e000 r--s 00000000 08:06 280275                     /var/cache/fontconfig/f259c2cffa685e28062317905db73c4a-le64.cache-7
7f54e807e000-7f54e8080000 r--s 00000000 08:06 280274                     /var/cache/fontconfig/550f3886151c940c12a5ed35f6a00586-le64.cache-7
7f54e8080000-7f54e8083000 r--s 00000000 08:06 280273                     /var/cache/fontconfig/674d1711f2d1d2a09646eb0bdcadee49-le64.cache-7
7f54e8083000-7f54e8084000 r--s 00000000 08:06 280272                     /var/cache/fontconfig/3f7329c5293ffd510edef78f73874cfd-le64.cache-7
7f54e8084000-7f54e8088000 r--s 00000000 08:06 280271                     /var/cache/fontconfig/d589a48862398ed80a3d6066f4f56f4c-le64.cache-7
7f54e8088000-7f54e8089000 r--s 00000000 08:06 280270                     /var/cache/fontconfig/30829fa25452a46451e813d634d7f916-le64.cache-7
7f54e8089000-7f54e808a000 r--s 00000000 08:06 280269                     /var/cache/fontconfig/0c9eb80ebd1c36541ebe2852d3bb0c49-le64.cache-7
7f54e808a000-7f54e808b000 r--s 00000000 08:06 280268                     /var/cache/fontconfig/22368d551a680bfe5a62c02760edf4ea-le64.cache-7
7f54e808b000-7f54e808c000 r--s 00000000 08:06 280267                     /var/cache/fontconfig/4d9c95eba1cb85bbcf2878543262124a-le64.cache-7
7f54e808c000-7f54e808d000 r--s 00000000 08:06 280266                     /var/cache/fontconfig/85e0a52ce643a7ba2ae53e5d6949cead-le64.cache-7
7f54e808d000-7f54e808e000 r--s 00000000 08:06 280265                     /var/cache/fontconfig/49f0de54bdd920fe4f0dfd4cbac43e6b-le64.cache-7
7f54e808e000-7f54e8091000 r--s 00000000 08:06 280261                     /var/cache/fontconfig/75114ca45c98e8a441da0ff356701271-le64.cache-7
7f54e8091000-7f54e80e1000 r--p 00000000 08:06 409089                     /usr/share/glib-2.0/schemas/gschemas.compiled
7f54e80e1000-7f54e8112000 r-xp 00000000 08:06 1060844                    /usr/lib/x86_64-linux-gnu/libpng16.so.16.34.0
7f54e8112000-7f54e8311000 ---p 00031000 08:06 1060844                    /usr/lib/x86_64-linux-gnu/libpng16.so.16.34.0
7f54e8311000-7f54e8312000 r--p 00030000 08:06 1060844                    /usr/lib/x86_64-linux-gnu/libpng16.so.16.34.0
7f54e8312000-7f54e8313000 rw-p 00031000 08:06 1060844                    /usr/lib/x86_64-linux-gnu/libpng16.so.16.34.0
7f54e8313000-7f54e83b0000 r-xp 00000000 08:06 1061493                    /usr/lib/x86_64-linux-gnu/libpixman-1.so.0.34.0
7f54e83b0000-7f54e85af000 ---p 0009d000 08:06 1061493                    /usr/lib/x86_64-linux-gnu/libpixman-1.so.0.34.0
7f54e85af000-7f54e85b7000 r--p 0009c000 08:06 1061493                    /usr/lib/x86_64-linux-gnu/libpixman-1.so.0.34.0
7f54e85b7000-7f54e85b8000 rw-p 000a4000 08:06 1061493                    /usr/lib/x86_64-linux-gnu/libpixman-1.so.0.34.0
7f54e85b8000-7f54e85de000 r-xp 00000000 08:06 1055156                    /usr/lib/x86_64-linux-gnu/libxcb.so.1.1.0
7f54e85de000-7f54e87de000 ---p 00026000 08:06 1055156                    /usr/lib/x86_64-linux-gnu/libxcb.so.1.1.0
7f54e87de000-7f54e87df000 r--p 00026000 08:06 1055156                    /usr/lib/x86_64-linux-gnu/libxcb.so.1.1.0
7f54e87df000-7f54e87e0000 rw-p 00027000 08:06 1055156                    /usr/lib/x86_64-linux-gnu/libxcb.so.1.1.0
7f54e87e0000-7f54e888d000 r-xp 00000000 08:06 1073832                    /usr/lib/x86_64-linux-gnu/libfreetype.so.6.15.0
7f54e888d000-7f54e8a8c000 ---p 000ad000 08:06 1073832                    /usr/lib/x86_64-linux-gnu/libfreetype.so.6.15.0
7f54e8a8c000-7f54e8a93000 r--p 000ac000 08:06 1073832                    /usr/lib/x86_64-linux-gnu/libfreetype.so.6.15.0
7f54e8a93000-7f54e8a94000 rw-p 000b3000 08:06 1073832                    /usr/lib/x86_64-linux-gnu/libfreetype.so.6.15.0
7f54e8a94000-7f54e8a96000 r-xp 00000000 08:06 1065975                    /usr/lib/x86_64-linux-gnu/libXdamage.so.1.1.0
7f54e8a96000-7f54e8c95000 ---p 00002000 08:06 1065975                    /usr/lib/x86_64-linux-gnu/libXdamage.so.1.1.0
7f54e8c95000-7f54e8c96000 r--p 00001000 08:06 1065975                    /usr/lib/x86_64-linux-gnu/libXdamage.so.1.1.0
7f54e8c96000-7f54e8c97000 rw-p 00002000 08:06 1065975                    /usr/lib/x86_64-linux-gnu/libXdamage.so.1.1.0
7f54e8c97000-7f54e8c99000 r-xp 00000000 08:06 1052151                    /usr/lib/x86_64-linux-gnu/libXcomposite.so.1.0.0
7f54e8c99000-7f54e8e98000 ---p 00002000 08:06 1052151                    /usr/lib/x86_64-linux-gnu/libXcomposite.so.1.0.0
7f54e8e98000-7f54e8e99000 r--p 00001000 08:06 1052151                    /usr/lib/x86_64-linux-gnu/libXcomposite.so.1.0.0
7f54e8e99000-7f54e8e9a000 rw-p 00002000 08:06 1052151                    /usr/lib/x86_64-linux-gnu/libXcomposite.so.1.0.0
7f54e8e9a000-7f54e8ea3000 r-xp 00000000 08:06 1052153                    /usr/lib/x86_64-linux-gnu/libXcursor.so.1.0.2
7f54e8ea3000-7f54e90a2000 ---p 00009000 08:06 1052153                    /usr/lib/x86_64-linux-gnu/libXcursor.so.1.0.2
7f54e90a2000-7f54e90a3000 r--p 00008000 08:06 1052153                    /usr/lib/x86_64-linux-gnu/libXcursor.so.1.0.2
7f54e90a3000-7f54e90a4000 rw-p 00009000 08:06 1052153                    /usr/lib/x86_64-linux-gnu/libXcursor.so.1.0.2
7f54e90a4000-7f54e90ae000 r-xp 00000000 08:06 1052155                    /usr/lib/x86_64-linux-gnu/libXrandr.so.2.2.0
7f54e90ae000-7f54e92ad000 ---p 0000a000 08:06 1052155                    /usr/lib/x86_64-linux-gnu/libXrandr.so.2.2.0
7f54e92ad000-7f54e92ae000 r--p 00009000 08:06 1052155                    /usr/lib/x86_64-linux-gnu/libXrandr.so.2.2.0
7f54e92ae000-7f54e92af000 rw-p 0000a000 08:06 1052155                    /usr/lib/x86_64-linux-gnu/libXrandr.so.2.2.0
7f54e92af000-7f54e92be000 r-xp 00000000 08:06 1060424                    /usr/lib/x86_64-linux-gnu/libXi.so.6.1.0
7f54e92be000-7f54e94bd000 ---p 0000f000 08:06 1060424                    /usr/lib/x86_64-linux-gnu/libXi.so.6.1.0
7f54e94bd000-7f54e94be000 r--p 0000e000 08:06 1060424                    /usr/lib/x86_64-linux-gnu/libXi.so.6.1.0
7f54e94be000-7f54e94bf000 rw-p 0000f000 08:06 1060424                    /usr/lib/x86_64-linux-gnu/libXi.so.6.1.0
7f54e94bf000-7f54e94c1000 r-xp 00000000 08:06 1060469                    /usr/lib/x86_64-linux-gnu/libXinerama.so.1.0.0
7f54e94c1000-7f54e96c0000 ---p 00002000 08:06 1060469                    /usr/lib/x86_64-linux-gnu/libXinerama.so.1.0.0
7f54e96c0000-7f54e96c1000 r--p 00001000 08:06 1060469                    /usr/lib/x86_64-linux-gnu/libXinerama.so.1.0.0
7f54e96c1000-7f54e96c2000 rw-p 00002000 08:06 1060469                    /usr/lib/x86_64-linux-gnu/libXinerama.so.1.0.0
7f54e96c2000-7f54e96cb000 r-xp 00000000 08:06 1053886                    /usr/lib/x86_64-linux-gnu/libXrender.so.1.3.0
7f54e96cb000-7f54e98ca000 ---p 00009000 08:06 1053886                    /usr/lib/x86_64-linux-gnu/libXrender.so.1.3.0
7f54e98ca000-7f54e98cb000 r--p 00008000 08:06 1053886                    /usr/lib/x86_64-linux-gnu/libXrender.so.1.3.0
7f54e98cb000-7f54e98cc000 rw-p 00009000 08:06 1053886                    /usr/lib/x86_64-linux-gnu/libXrender.so.1.3.0
7f54e98cc000-7f54e98dd000 r-xp 00000000 08:06 1060459                    /usr/lib/x86_64-linux-gnu/libXext.so.6.4.0
7f54e98dd000-7f54e9adc000 ---p 00011000 08:06 1060459                    /usr/lib/x86_64-linux-gnu/libXext.so.6.4.0
7f54e9adc000-7f54e9add000 r--p 00010000 08:06 1060459                    /usr/lib/x86_64-linux-gnu/libXext.so.6.4.0
7f54e9add000-7f54e9ade000 rw-p 00011000 08:06 1060459                    /usr/lib/x86_64-linux-gnu/libXext.so.6.4.0
7f54e9ade000-7f54e9b1c000 r-xp 00000000 08:06 1053113                    /usr/lib/x86_64-linux-gnu/libfontconfig.so.1.10.1
7f54e9b1c000-7f54e9d1c000 ---p 0003e000 08:06 1053113                    /usr/lib/x86_64-linux-gnu/libfontconfig.so.1.10.1
7f54e9d1c000-7f54e9d1e000 r--p 0003e000 08:06 1053113                    /usr/lib/x86_64-linux-gnu/libfontconfig.so.1.10.1
7f54e9d1e000-7f54e9d23000 rw-p 00040000 08:06 1053113                    /usr/lib/x86_64-linux-gnu/libfontconfig.so.1.10.1
7f54e9d23000-7f54e9e36000 r-xp 00000000 08:06 1061450                    /usr/lib/x86_64-linux-gnu/libglib-2.0.so.0.5600.2
7f54e9e36000-7f54ea036000 ---p 00113000 08:06 1061450                    /usr/lib/x86_64-linux-gnu/libglib-2.0.so.0.5600.2
7f54ea036000-7f54ea037000 r--p 00113000 08:06 1061450                    /usr/lib/x86_64-linux-gnu/libglib-2.0.so.0.5600.2
7f54ea037000-7f54ea038000 rw-p 00114000 08:06 1061450                    /usr/lib/x86_64-linux-gnu/libglib-2.0.so.0.5600.2
7f54ea038000-7f54ea039000 rw-p 00000000 00:00 0 
7f54ea039000-7f54ea08b000 r-xp 00000000 08:06 1070201                    /usr/lib/x86_64-linux-gnu/libgobject-2.0.so.0.5600.2
7f54ea08b000-7f54ea28b000 ---p 00052000 08:06 1070201                    /usr/lib/x86_64-linux-gnu/libgobject-2.0.so.0.5600.2
7f54ea28b000-7f54ea28c000 r--p 00052000 08:06 1070201                    /usr/lib/x86_64-linux-gnu/libgobject-2.0.so.0.5600.2
7f54ea28c000-7f54ea28d000 rw-p 00053000 08:06 1070201                    /usr/lib/x86_64-linux-gnu/libgobject-2.0.so.0.5600.2
7f54ea28d000-7f54ea2d7000 r-xp 00000000 08:06 1061405                    /usr/lib/x86_64-linux-gnu/libpango-1.0.so.0.4000.14
7f54ea2d7000-7f54ea4d6000 ---p 0004a000 08:06 1061405                    /usr/lib/x86_64-linux-gnu/libpango-1.0.so.0.4000.14
7f54ea4d6000-7f54ea4d9000 r--p 00049000 08:06 1061405                    /usr/lib/x86_64-linux-gnu/libpango-1.0.so.0.4000.14
7f54ea4d9000-7f54ea4da000 rw-p 0004c000 08:06 1061405                    /usr/lib/x86_64-linux-gnu/libpango-1.0.so.0.4000.14
7f54ea4da000-7f54ea4ee000 r-xp 00000000 08:06 1054863                    /usr/lib/x86_64-linux-gnu/libpangoft2-1.0.so.0.4000.14
7f54ea4ee000-7f54ea6ee000 ---p 00014000 08:06 1054863                    /usr/lib/x86_64-linux-gnu/libpangoft2-1.0.so.0.4000.14
7f54ea6ee000-7f54ea6ef000 r--p 00014000 08:06 1054863                    /usr/lib/x86_64-linux-gnu/libpangoft2-1.0.so.0.4000.14
7f54ea6ef000-7f54ea6f0000 rw-p 00015000 08:06 1054863                    /usr/lib/x86_64-linux-gnu/libpangoft2-1.0.so.0.4000.14
7f54ea6f0000-7f54ea885000 r-xp 00000000 08:06 1060753                    /usr/lib/x86_64-linux-gnu/libgio-2.0.so.0.5600.2
7f54ea885000-7f54eaa85000 ---p 00195000 08:06 1060753                    /usr/lib/x86_64-linux-gnu/libgio-2.0.so.0.5600.2
7f54eaa85000-7f54eaa8c000 r--p 00195000 08:06 1060753                    /usr/lib/x86_64-linux-gnu/libgio-2.0.so.0.5600.2
7f54eaa8c000-7f54eaa8d000 rw-p 0019c000 08:06 1060753                    /usr/lib/x86_64-linux-gnu/libgio-2.0.so.0.5600.2
7f54eaa8d000-7f54eaa8f000 rw-p 00000000 00:00 0 
7f54eaa8f000-7f54eaab1000 r-xp 00000000 08:06 1054950                    /usr/lib/x86_64-linux-gnu/libgdk_pixbuf-2.0.so.0.3611.0
7f54eaab1000-7f54eacb1000 ---p 00022000 08:06 1054950                    /usr/lib/x86_64-linux-gnu/libgdk_pixbuf-2.0.so.0.3611.0
7f54eacb1000-7f54eacb2000 r--p 00022000 08:06 1054950                    /usr/lib/x86_64-linux-gnu/libgdk_pixbuf-2.0.so.0.3611.0
7f54eacb2000-7f54eacb3000 rw-p 00023000 08:06 1054950                    /usr/lib/x86_64-linux-gnu/libgdk_pixbuf-2.0.so.0.3611.0
7f54eacb3000-7f54eadcb000 r-xp 00000000 08:06 1061425                    /usr/lib/x86_64-linux-gnu/libcairo.so.2.11510.0
7f54eadcb000-7f54eafca000 ---p 00118000 08:06 1061425                    /usr/lib/x86_64-linux-gnu/libcairo.so.2.11510.0
7f54eafca000-7f54eafcd000 r--p 00117000 08:06 1061425                    /usr/lib/x86_64-linux-gnu/libcairo.so.2.11510.0
7f54eafcd000-7f54eafcf000 rw-p 0011a000 08:06 1061425                    /usr/lib/x86_64-linux-gnu/libcairo.so.2.11510.0
7f54eafcf000-7f54eafd0000 rw-p 00000000 00:00 0 
7f54eafd0000-7f54eaff2000 r-xp 00000000 08:06 1060604                    /usr/lib/x86_64-linux-gnu/libatk-1.0.so.0.22810.1
7f54eaff2000-7f54eb1f2000 ---p 00022000 08:06 1060604                    /usr/lib/x86_64-linux-gnu/libatk-1.0.so.0.22810.1
7f54eb1f2000-7f54eb1f5000 r--p 00022000 08:06 1060604                    /usr/lib/x86_64-linux-gnu/libatk-1.0.so.0.22810.1
7f54eb1f5000-7f54eb1f6000 rw-p 00025000 08:06 1060604                    /usr/lib/x86_64-linux-gnu/libatk-1.0.so.0.22810.1
7f54eb1f6000-7f54eb1fb000 r-xp 00000000 08:06 1065978                    /usr/lib/x86_64-linux-gnu/libXfixes.so.3.1.0
7f54eb1fb000-7f54eb3fa000 ---p 00005000 08:06 1065978                    /usr/lib/x86_64-linux-gnu/libXfixes.so.3.1.0
7f54eb3fa000-7f54eb3fb000 r--p 00004000 08:06 1065978                    /usr/lib/x86_64-linux-gnu/libXfixes.so.3.1.0
7f54eb3fb000-7f54eb3fc000 rw-p 00005000 08:06 1065978                    /usr/lib/x86_64-linux-gnu/libXfixes.so.3.1.0
7f54eb3fc000-7f54eb52f000 r-xp 00000000 08:06 1055158                    /usr/lib/x86_64-linux-gnu/libX11.so.6.3.0
7f54eb52f000-7f54eb72f000 ---p 00133000 08:06 1055158                    /usr/lib/x86_64-linux-gnu/libX11.so.6.3.0
7f54eb72f000-7f54eb730000 r--p 00133000 08:06 1055158                    /usr/lib/x86_64-linux-gnu/libX11.so.6.3.0
7f54eb730000-7f54eb734000 rw-p 00134000 08:06 1055158                    /usr/lib/x86_64-linux-gnu/libX11.so.6.3.0
7f54eb734000-7f54eb740000 r-xp 00000000 08:06 1065155                    /usr/lib/x86_64-linux-gnu/libpangocairo-1.0.so.0.4000.14
7f54eb740000-7f54eb93f000 ---p 0000c000 08:06 1065155                    /usr/lib/x86_64-linux-gnu/libpangocairo-1.0.so.0.4000.14
7f54eb93f000-7f54eb940000 r--p 0000b000 08:06 1065155                    /usr/lib/x86_64-linux-gnu/libpangocairo-1.0.so.0.4000.14
7f54eb940000-7f54eb941000 rw-p 0000c000 08:06 1065155                    /usr/lib/x86_64-linux-gnu/libpangocairo-1.0.so.0.4000.14
7f54eb941000-7f54eb944000 r-xp 00000000 08:06 1067206                    /usr/lib/x86_64-linux-gnu/libgmodule-2.0.so.0.5600.2
7f54eb944000-7f54ebb43000 ---p 00003000 08:06 1067206                    /usr/lib/x86_64-linux-gnu/libgmodule-2.0.so.0.5600.2
7f54ebb43000-7f54ebb44000 r--p 00002000 08:06 1067206                    /usr/lib/x86_64-linux-gnu/libgmodule-2.0.so.0.5600.2
7f54ebb44000-7f54ebb45000 rw-p 00003000 08:06 1067206                    /usr/lib/x86_64-linux-gnu/libgmodule-2.0.so.0.5600.2
7f54ebb45000-7f54ebbf5000 r-xp 00000000 08:06 1052830                    /usr/lib/x86_64-linux-gnu/libgdk-x11-2.0.so.0.2400.32
7f54ebbf5000-7f54ebdf4000 ---p 000b0000 08:06 1052830                    /usr/lib/x86_64-linux-gnu/libgdk-x11-2.0.so.0.2400.32
7f54ebdf4000-7f54ebdf8000 r--p 000af000 08:06 1052830                    /usr/lib/x86_64-linux-gnu/libgdk-x11-2.0.so.0.2400.32
7f54ebdf8000-7f54ebdfa000 rw-p 000b3000 08:06 1052830                    /usr/lib/x86_64-linux-gnu/libgdk-x11-2.0.so.0.2400.32
7f54ebdfa000-7f54ebdff000 r-xp 00000000 08:06 1061618                    /usr/lib/x86_64-linux-gnu/libXtst.so.6.1.0
7f54ebdff000-7f54ebffe000 ---p 00005000 08:06 1061618                    /usr/lib/x86_64-linux-gnu/libXtst.so.6.1.0
7f54ebffe000-7f54ebfff000 r--p 00004000 08:06 1061618                    /usr/lib/x86_64-linux-gnu/libXtst.so.6.1.0
7f54ebfff000-7f54ec000000 rw-p 00005000 08:06 1061618                    /usr/lib/x86_64-linux-gnu/libXtst.so.6.1.0
7f54ec000000-7f54ec050000 rw-p 00000000 00:00 0 
7f54ec050000-7f54f0000000 ---p 00000000 00:00 0 
7f54f0000000-7f54f0e4d000 rw-p 00000000 00:00 0 
7f54f0e4d000-7f54f4000000 ---p 00000000 00:00 0 
7f54f4000000-7f54f4021000 rw-p 00000000 00:00 0 
7f54f4021000-7f54f8000000 ---p 00000000 00:00 0 
7f54f8000000-7f54f8021000 rw-p 00000000 00:00 0 
7f54f8021000-7f54fc000000 ---p 00000000 00:00 0 
7f54fc000000-7f54fc291000 rw-p 00000000 00:00 0 
7f54fc291000-7f5500000000 ---p 00000000 00:00 0 
7f5500000000-7f5500021000 rw-p 00000000 00:00 0 
7f5500021000-7f5504000000 ---p 00000000 00:00 0 
7f5504000000-7f5504021000 rw-p 00000000 00:00 0 
7f5504021000-7f5508000000 ---p 00000000 00:00 0 
7f5508000000-7f5508021000 rw-p 00000000 00:00 0 
7f5508021000-7f550c000000 ---p 00000000 00:00 0 
7f550c000000-7f550c021000 rw-p 00000000 00:00 0 
7f550c021000-7f5510000000 ---p 00000000 00:00 0 
7f5510000000-7f5510001000 r--s 00000000 08:06 280264                     /var/cache/fontconfig/f6e6e0a5c3d2f6ae0c0c2e0ecd42a997-le64.cache-7
7f5510001000-7f551000c000 r--s 00000000 08:06 280260                     /var/cache/fontconfig/83bf95040141907cd45bb53cf7c1c148-le64.cache-7
7f551000c000-7f551001a000 r--s 00000000 08:06 280259                     /var/cache/fontconfig/9b89f8e3dae116d678bbf48e5f21f69b-le64.cache-7
7f551001a000-7f551001c000 r--s 00000000 08:06 270985                     /var/cache/fontconfig/6afa1bb216ce958c1589e297e8008489-le64.cache-7
7f551001c000-7f551001f000 r--s 00000000 08:06 264921                     /var/cache/fontconfig/e13b20fdb08344e0e664864cc2ede53d-le64.cache-7
7f551001f000-7f5510023000 r--s 00000000 08:06 280262                     /var/cache/fontconfig/7ef2298fde41cc6eeb7af42e48b7d293-le64.cache-7
7f5510023000-7f5510026000 r--p 00000000 08:06 1068052                    /usr/share/locale-langpack/es/LC_MESSAGES/atk10.mo
7f5510026000-7f5510046000 r--p 00000000 08:06 1068087                    /usr/share/locale-langpack/es/LC_MESSAGES/glib20.mo
7f5510046000-7f5510070000 r--p 00000000 08:06 1068218                    /usr/share/locale-langpack/es/LC_MESSAGES/gtk20-properties.mo
7f5510070000-7f5510094000 r--p 00000000 08:06 1068331                    /usr/share/locale-langpack/es/LC_MESSAGES/libc.mo
7f5510094000-7f5510095000 r-xp 00000000 08:06 1074046                    /usr/lib/x86_64-linux-gnu/libgthread-2.0.so.0.5600.2
7f5510095000-7f5510294000 ---p 00001000 08:06 1074046                    /usr/lib/x86_64-linux-gnu/libgthread-2.0.so.0.5600.2
7f5510294000-7f5510295000 r--p 00000000 08:06 1074046                    /usr/lib/x86_64-linux-gnu/libgthread-2.0.so.0.5600.2
7f5510295000-7f5510296000 rw-p 00001000 08:06 1074046                    /usr/lib/x86_64-linux-gnu/libgthread-2.0.so.0.5600.2
7f5510296000-7f55106cb000 r-xp 00000000 08:06 1054920                    /usr/lib/x86_64-linux-gnu/libgtk-x11-2.0.so.0.2400.32
7f55106cb000-7f55108ca000 ---p 00435000 08:06 1054920                    /usr/lib/x86_64-linux-gnu/libgtk-x11-2.0.so.0.2400.32
7f55108ca000-7f55108d1000 r--p 00434000 08:06 1054920                    /usr/lib/x86_64-linux-gnu/libgtk-x11-2.0.so.0.2400.32
7f55108d1000-7f55108d5000 rw-p 0043b000 08:06 1054920                    /usr/lib/x86_64-linux-gnu/libgtk-x11-2.0.so.0.2400.32
7f55108d5000-7f55108d8000 rw-p 00000000 00:00 0 
7f55108d8000-7f55108df000 r--p 00000000 08:06 919659                     /home/matias/.config/dconf/user
7f55108df000-7f55108e6000 r--s 00000000 08:06 15367                      /usr/lib/x86_64-linux-gnu/gconv/gconv-modules.cache
7f55108e6000-7f55108f5000 r--p 00000000 08:06 1068220                    /usr/share/locale-langpack/es/LC_MESSAGES/gtk20.mo
7f55108f5000-7f5510961000 r-xp 00000000 08:06 137392                     /tmp/swtlib-64/libswt-pi-gtk-3557.so
7f5510961000-7f5510a60000 ---p 0006c000 08:06 137392                     /tmp/swtlib-64/libswt-pi-gtk-3557.so
7f5510a60000-7f5510a64000 rw-p 0006b000 08:06 137392                     /tmp/swtlib-64/libswt-pi-gtk-3557.so
7f5510a64000-7f5510a65000 rw-p 00000000 00:00 0 
7f5510a65000-7f5510aa5000 r-xp 00000000 08:06 137009                     /tmp/swtlib-64/libswt-gtk-3557.so
7f5510aa5000-7f5510ba5000 ---p 00040000 08:06 137009                     /tmp/swtlib-64/libswt-gtk-3557.so
7f5510ba5000-7f5510ba9000 rw-p 00040000 08:06 137009                     /tmp/swtlib-64/libswt-gtk-3557.so
7f5510ba9000-7f5510daa000 rw-p 00000000 00:00 0 
7f5510daa000-7f5510dad000 r--s 0001a000 08:06 1079538                    /home/matias/jdk1.8.0_181/jre/lib/jce.jar
7f5510dad000-7f5510db2000 r--s 0009d000 08:06 1079461                    /home/matias/jdk1.8.0_181/jre/lib/jsse.jar
7f5510db2000-7f5510fb2000 rw-p 00000000 00:00 0 
7f5510fb2000-7f5510fb5000 ---p 00000000 00:00 0 
7f5510fb5000-7f55110b3000 rw-p 00000000 00:00 0 
7f55110b3000-7f55110b4000 ---p 00000000 00:00 0 
7f55110b4000-7f55111b4000 rw-p 00000000 00:00 0 
7f55111b4000-7f55111b7000 ---p 00000000 00:00 0 
7f55111b7000-7f55112b5000 rw-p 00000000 00:00 0 
7f55112b5000-7f55112b6000 ---p 00000000 00:00 0 
7f55112b6000-7f55112b9000 ---p 00000000 00:00 0 
7f55112b9000-7f55113b6000 rw-p 00000000 00:00 0 
7f55113b6000-7f55113cc000 r-xp 00000000 08:06 1079522                    /home/matias/jdk1.8.0_181/jre/lib/amd64/libnet.so
7f55113cc000-7f55115cc000 ---p 00016000 08:06 1079522                    /home/matias/jdk1.8.0_181/jre/lib/amd64/libnet.so
7f55115cc000-7f55115cd000 rw-p 00016000 08:06 1079522                    /home/matias/jdk1.8.0_181/jre/lib/amd64/libnet.so
7f55115cd000-7f55115ce000 ---p 00000000 00:00 0 
7f55115ce000-7f55115d1000 ---p 00000000 00:00 0 
7f55115d1000-7f55116ce000 rw-p 00000000 00:00 0 
7f55116ce000-7f55116cf000 ---p 00000000 00:00 0 
7f55116cf000-7f55116d2000 ---p 00000000 00:00 0 
7f55116d2000-7f55117cf000 rw-p 00000000 00:00 0 
7f55117cf000-7f55117d2000 ---p 00000000 00:00 0 
7f55117d2000-7f55118d0000 rw-p 00000000 00:00 0 
7f55118d0000-7f55118f1000 r--s 00162000 08:06 157803                     /home/matias/.m2/repository/org/mockito/mockito-all/1.9.5/mockito-all-1.9.5.jar
7f55118f1000-7f55118fb000 r--s 00095000 08:06 666616                     /home/matias/.m2/repository/org/scala-lang/modules/scala-xml_2.11/1.0.2/scala-xml_2.11-1.0.2.jar
7f55118fb000-7f55118fe000 ---p 00000000 00:00 0 
7f55118fe000-7f55119fc000 rw-p 00000000 00:00 0 
7f55119fc000-7f5511a54000 r--s 004f2000 08:06 666618                     /home/matias/.m2/repository/org/scala-lang/scala-library/2.11.2/scala-library-2.11.2.jar
7f5511a54000-7f5511a67000 r--s 00211000 08:06 4394                       /home/matias/.m2/repository/org/eclipse/swt/gtk/org.eclipse.swt.gtk.linux.x86_64/3.5.2.v3557f/org.eclipse.swt.gtk.linux.x86_64-3.5.2.v3557f.jar
7f5511a67000-7f5511aab000 r--s 0037c000 08:06 4393                       /home/matias/.m2/repository/org/eclipse/ui/org.eclipse.ui.workbench/3.4.2.M20090127-1700/org.eclipse.ui.workbench-3.4.2.M20090127-1700.jar
7f5511aab000-7f5511aba000 r--s 000e5000 08:06 4374                       /home/matias/.m2/repository/org/eclipse/org.eclipse.osgi/3.4.3.R34x_v20081215-1030/org.eclipse.osgi-3.4.3.R34x_v20081215-1030.jar
7f5511aba000-7f551200e000 r--p 00000000 08:06 1073481                    /usr/lib/locale/locale-archive
7f551200e000-7f5512011000 ---p 00000000 00:00 0 
7f5512011000-7f551210f000 rw-p 00000000 00:00 0 
7f551210f000-7f5512112000 ---p 00000000 00:00 0 
7f5512112000-7f5514000000 rw-p 00000000 00:00 0 
7f5514000000-7f5514021000 rw-p 00000000 00:00 0 
7f5514021000-7f5518000000 ---p 00000000 00:00 0 
7f5518000000-7f5518001000 r--s 00000000 08:06 280263                     /var/cache/fontconfig/4b2eda6bb976bda485cb2176619421d5-le64.cache-7
7f5518001000-7f5518002000 r--s 00000000 00:35 27                         /run/user/1000/dconf/user
7f5518002000-7f5518004000 r--s 0001a000 08:06 935297                     /home/matias/Descargas/ideaIU-2018.3.5/idea-IU-183.5912.21/lib/idea_rt.jar
7f5518004000-7f5518006000 r--s 00004000 08:06 666639                     /home/matias/.m2/repository/org/uqbar-project/arena-xtend/3.6.3/arena-xtend-3.6.3.jar
7f5518006000-7f551801a000 r--s 000eb000 08:06 4373                       /home/matias/.m2/repository/org/eclipse/org.eclipse.jface/3.4.2.M20090107-0800/org.eclipse.jface-3.4.2.M20090107-0800.jar
7f551801a000-7f551801f000 r--s 0002b000 08:06 4370                       /home/matias/.m2/repository/org/eclipse/jface/org.eclipse.jface.databinding/1.2.1.M20080827-0800a/org.eclipse.jface.databinding-1.2.1.M20080827-0800a.jar
7f551801f000-7f5518022000 r--s 00015000 08:06 4368                       /home/matias/.m2/repository/org/eclipse/equinox/org.eclipse.equinox.common/3.4.0.v20080421-2006/org.eclipse.equinox.common-3.4.0.v20080421-2006.jar
7f5518022000-7f551802b000 r--s 0004c000 08:06 4366                       /home/matias/.m2/repository/org/eclipse/core/org.eclipse.core.databinding/1.1.1.M20080827-0800b/org.eclipse.core.databinding-1.1.1.M20080827-0800b.jar
7f551802b000-7f551802d000 r--s 0000d000 08:06 4252                       /home/matias/.m2/repository/org/eclipse/core/databinding/org.eclipse.core.databinding.beans/1.1.1.M20080827-0800a/org.eclipse.core.databinding.beans-1.1.1.M20080827-0800a.jar
7f551802d000-7f5518030000 r--s 00017000 08:06 4250                       /home/matias/.m2/repository/org/eclipse/core/org.eclipse.core.commands/3.4.0.I20080509-2000/org.eclipse.core.commands-3.4.0.I20080509-2000.jar
7f5518030000-7f551807e000 r--s 0087c000 08:06 987714                     /home/matias/.m2/repository/com/ibm/icu/icu4j/50.1.1/icu4j-50.1.1.jar
7f551807e000-7f5518080000 r--s 00009000 08:06 666637                     /home/matias/.m2/repository/org/uqbar-project/arena-poo/3.6.3/arena-poo-3.6.3.jar
7f5518080000-7f5518085000 r--s 00016000 08:06 4431                       /home/matias/.m2/repository/xml-apis/xml-apis/1.0.b2/xml-apis-1.0.b2.jar
7f5518085000-7f551808a000 r--s 00048000 08:06 133336                     /home/matias/.m2/repository/dom4j/dom4j/1.6.1/dom4j-1.6.1.jar
7f551808a000-7f551808d000 r--s 00017000 08:06 666635                     /home/matias/.m2/repository/org/reflections/reflections/0.9.8/reflections-0.9.8.jar
7f551808d000-7f5518097000 r--s 000a5000 08:06 666626                     /home/matias/.m2/repository/org/javassist/javassist/3.18.1-GA/javassist-3.18.1-GA.jar
7f5518097000-7f551809b000 r--s 00028000 08:06 666609                     /home/matias/.m2/repository/org/uqbar-project/arena-apo/3.6.3/arena-apo-3.6.3.jar
7f551809b000-7f551809e000 r--s 00014000 08:06 666630                     /home/matias/.m2/repository/org/uqbar-project/arena-pot/3.6.3/arena-pot-3.6.3.jar
7f551809e000-7f55180a5000 r--s 0002e000 08:06 666611                     /home/matias/.m2/repository/org/uqbar-project/arena-core/3.6.3/arena-core-3.6.3.jar
7f55180a5000-7f55180ab000 r--s 00036000 08:06 666648                     /home/matias/.m2/repository/org/uqbar-project/arena-jface/3.6.3/arena-jface-3.6.3.jar
7f55180ab000-7f55180af000 r--s 00038000 08:06 987712                     /home/matias/.m2/repository/commons-lang/commons-lang/2.2/commons-lang-2.2.jar
7f55180af000-7f55180b7000 r--s 00053000 08:06 666614                     /home/matias/.m2/repository/net/sf/oval/oval/1.81/oval-1.81.jar
7f55180b7000-7f55180b9000 r--s 0000d000 08:06 17555                      /home/matias/.m2/repository/commons-logging/commons-logging/1.1.1/commons-logging-1.1.1.jar
7f55180b9000-7f55180c5000 r--s 00076000 08:06 666610                     /home/matias/.m2/repository/net/sourceforge/collections/collections-generic/4.01/collections-generic-4.01.jar
7f55180c5000-7f55180f1000 r--s 00207000 08:06 987708                     /home/matias/.m2/repository/com/google/guava/guava/19.0-rc3/guava-19.0-rc3.jar
7f55180f1000-7f55180f2000 ---p 00000000 00:00 0 
7f55180f2000-7f5519000000 rw-p 00000000 00:00 0 
7f5519000000-7f55196b0000 rwxp 00000000 00:00 0 
7f55196b0000-7f5528000000 ---p 00000000 00:00 0 
7f5528000000-7f5528bc6000 rw-p 00000000 00:00 0 
7f5528bc6000-7f552c000000 ---p 00000000 00:00 0 
7f552c000000-7f552c001000 r--s 00003000 08:06 4376                       /home/matias/.m2/repository/org/eclipse/org.eclipse.swt/3.4.2.v3452b/org.eclipse.swt-3.4.2.v3452b.jar
7f552c001000-7f552c006000 r--s 00034000 08:06 133333                     /home/matias/.m2/repository/commons-beanutils/commons-beanutils/1.8.3/commons-beanutils-1.8.3.jar
7f552c006000-7f552c014000 r--s 0007f000 08:06 157775                     /home/matias/.m2/repository/commons-collections/commons-collections/3.2.1/commons-collections-3.2.1.jar
7f552c014000-7f552c01d000 r--s 0006d000 08:06 4427                       /home/matias/.m2/repository/log4j/log4j/1.2.16/log4j-1.2.16.jar
7f552c01d000-7f552c01f000 r--s 00008000 08:06 666633                     /home/matias/.m2/repository/org/uqbar-project/uqbar-domain/3.6.3/uqbar-domain-3.6.3.jar
7f552c01f000-7f552c023000 r--s 0000f000 08:06 2970                       /home/matias/.m2/repository/org/eclipse/xtend/org.eclipse.xtend.lib.macro/2.12.0/org.eclipse.xtend.lib.macro-2.12.0.jar
7f552c023000-7f552c027000 r--s 00021000 08:06 3680                       /home/matias/.m2/repository/org/eclipse/xtext/org.eclipse.xtext.xbase.lib/2.12.0/org.eclipse.xtext.xbase.lib-2.12.0.jar
7f552c027000-7f552c02c000 r--s 00024000 08:06 4430                       /home/matias/.m2/repository/org/eclipse/xtend/org.eclipse.xtend.lib/2.12.0/org.eclipse.xtend.lib-2.12.0.jar
7f552c02c000-7f552c02d000 r--s 00000000 08:06 667115                     /home/matias/.m2/repository/org/jetbrains/kotlin/kotlin-stdlib-jdk7/1.3.30/kotlin-stdlib-jdk7-1.3.30.jar
7f552c02d000-7f552c02f000 r--s 00003000 08:06 666216                     /home/matias/.m2/repository/org/jetbrains/annotations/13.0/annotations-13.0.jar
7f552c02f000-7f552c037000 r--s 00020000 08:06 667116                     /home/matias/.m2/repository/org/jetbrains/kotlin/kotlin-stdlib-common/1.3.30/kotlin-stdlib-common-1.3.30.jar
7f552c037000-7f552c04a000 r--s 00126000 08:06 667113                     /home/matias/.m2/repository/org/jetbrains/kotlin/kotlin-stdlib/1.3.30/kotlin-stdlib-1.3.30.jar
7f552c04a000-7f552c04c000 r--s 00002000 08:06 667111                     /home/matias/.m2/repository/org/jetbrains/kotlin/kotlin-stdlib-jdk8/1.3.30/kotlin-stdlib-jdk8-1.3.30.jar
7f552c04c000-7f552c04e000 r--s 00006000 08:06 667696                     /home/matias/.m2/repository/TP1Model1/TP1/1.0/TP1-1.0.jar
7f552c04e000-7f552c061000 r--s 00345000 08:06 1079457                    /home/matias/jdk1.8.0_181/jre/lib/resources.jar
7f552c061000-7f552c074000 r--s 000d6000 08:06 1079360                    /home/matias/jdk1.8.0_181/jre/lib/plugin.jar
7f552c074000-7f552c075000 r--s 00000000 08:06 1079342                    /home/matias/jdk1.8.0_181/jre/lib/management-agent.jar
7f552c075000-7f552c07a000 r--s 0009d000 08:06 1079461                    /home/matias/jdk1.8.0_181/jre/lib/jsse.jar
7f552c07a000-7f552c07c000 r--s 00007000 08:06 1079540                    /home/matias/jdk1.8.0_181/jre/lib/jfxswt.jar
7f552c07c000-7f552c085000 r--s 0006d000 08:06 1079345                    /home/matias/jdk1.8.0_181/jre/lib/javaws.jar
7f552c085000-7f552c0a1000 r--s 0020b000 08:06 1079336                    /home/matias/jdk1.8.0_181/jre/lib/deploy.jar
7f552c0a1000-7f552c1f1000 rw-p 00000000 00:00 0 
7f552c1f1000-7f552c3cb000 r--s 03d6b000 08:06 1079418                    /home/matias/jdk1.8.0_181/jre/lib/rt.jar
7f552c3cb000-7f552cdaa000 rw-p 00000000 00:00 0 
7f552cdaa000-7f552cdab000 ---p 00000000 00:00 0 
7f552cdab000-7f552ceab000 rw-p 00000000 00:00 0 
7f552ceab000-7f552ceac000 ---p 00000000 00:00 0 
7f552ceac000-7f552cfac000 rw-p 00000000 00:00 0 
7f552cfac000-7f552cfad000 ---p 00000000 00:00 0 
7f552cfad000-7f552d0ad000 rw-p 00000000 00:00 0 
7f552d0ad000-7f552d0ae000 ---p 00000000 00:00 0 
7f552d0ae000-7f552d1c2000 rw-p 00000000 00:00 0 
7f552d1c2000-7f552d2ee000 ---p 00000000 00:00 0 
7f552d2ee000-7f552d302000 rw-p 00000000 00:00 0 
7f552d302000-7f552d42d000 ---p 00000000 00:00 0 
7f552d42d000-7f552d465000 rw-p 00000000 00:00 0 
7f552d465000-7f552d4cd000 ---p 00000000 00:00 0 
7f552d4cd000-7f552d4e9000 rw-p 00000000 00:00 0 
7f552d4e9000-7f552d88e000 ---p 00000000 00:00 0 
7f552d88e000-7f552d8a9000 r-xp 00000000 08:06 1079518                    /home/matias/jdk1.8.0_181/jre/lib/amd64/libzip.so
7f552d8a9000-7f552daa9000 ---p 0001b000 08:06 1079518                    /home/matias/jdk1.8.0_181/jre/lib/amd64/libzip.so
7f552daa9000-7f552daaa000 rw-p 0001b000 08:06 1079518                    /home/matias/jdk1.8.0_181/jre/lib/amd64/libzip.so
7f552daaa000-7f552dab5000 r-xp 00000000 08:06 801667                     /lib/x86_64-linux-gnu/libnss_files-2.27.so
7f552dab5000-7f552dcb4000 ---p 0000b000 08:06 801667                     /lib/x86_64-linux-gnu/libnss_files-2.27.so
7f552dcb4000-7f552dcb5000 r--p 0000a000 08:06 801667                     /lib/x86_64-linux-gnu/libnss_files-2.27.so
7f552dcb5000-7f552dcb6000 rw-p 0000b000 08:06 801667                     /lib/x86_64-linux-gnu/libnss_files-2.27.so
7f552dcb6000-7f552dcbc000 rw-p 00000000 00:00 0 
7f552dcbc000-7f552dcd3000 r-xp 00000000 08:06 801664                     /lib/x86_64-linux-gnu/libnsl-2.27.so
7f552dcd3000-7f552ded2000 ---p 00017000 08:06 801664                     /lib/x86_64-linux-gnu/libnsl-2.27.so
7f552ded2000-7f552ded3000 r--p 00016000 08:06 801664                     /lib/x86_64-linux-gnu/libnsl-2.27.so
7f552ded3000-7f552ded4000 rw-p 00017000 08:06 801664                     /lib/x86_64-linux-gnu/libnsl-2.27.so
7f552ded4000-7f552ded6000 rw-p 00000000 00:00 0 
7f552ded6000-7f552dee1000 r-xp 00000000 08:06 801669                     /lib/x86_64-linux-gnu/libnss_nis-2.27.so
7f552dee1000-7f552e0e0000 ---p 0000b000 08:06 801669                     /lib/x86_64-linux-gnu/libnss_nis-2.27.so
7f552e0e0000-7f552e0e1000 r--p 0000a000 08:06 801669                     /lib/x86_64-linux-gnu/libnss_nis-2.27.so
7f552e0e1000-7f552e0e2000 rw-p 0000b000 08:06 801669                     /lib/x86_64-linux-gnu/libnss_nis-2.27.so
7f552e0e2000-7f552e0ea000 r-xp 00000000 08:06 801665                     /lib/x86_64-linux-gnu/libnss_compat-2.27.so
7f552e0ea000-7f552e2ea000 ---p 00008000 08:06 801665                     /lib/x86_64-linux-gnu/libnss_compat-2.27.so
7f552e2ea000-7f552e2eb000 r--p 00008000 08:06 801665                     /lib/x86_64-linux-gnu/libnss_compat-2.27.so
7f552e2eb000-7f552e2ec000 rw-p 00009000 08:06 801665                     /lib/x86_64-linux-gnu/libnss_compat-2.27.so
7f552e2ec000-7f552e2f6000 r-xp 00000000 08:06 1079527                    /home/matias/jdk1.8.0_181/jre/lib/amd64/libinstrument.so
7f552e2f6000-7f552e4f5000 ---p 0000a000 08:06 1079527                    /home/matias/jdk1.8.0_181/jre/lib/amd64/libinstrument.so
7f552e4f5000-7f552e4f6000 rw-p 00009000 08:06 1079527                    /home/matias/jdk1.8.0_181/jre/lib/amd64/libinstrument.so
7f552e4f6000-7f552e521000 r-xp 00000000 08:06 1079512                    /home/matias/jdk1.8.0_181/jre/lib/amd64/libjava.so
7f552e521000-7f552e720000 ---p 0002b000 08:06 1079512                    /home/matias/jdk1.8.0_181/jre/lib/amd64/libjava.so
7f552e720000-7f552e722000 rw-p 0002a000 08:06 1079512                    /home/matias/jdk1.8.0_181/jre/lib/amd64/libjava.so
7f552e722000-7f552e72f000 r-xp 00000000 08:06 1079517                    /home/matias/jdk1.8.0_181/jre/lib/amd64/libverify.so
7f552e72f000-7f552e92f000 ---p 0000d000 08:06 1079517                    /home/matias/jdk1.8.0_181/jre/lib/amd64/libverify.so
7f552e92f000-7f552e931000 rw-p 0000d000 08:06 1079517                    /home/matias/jdk1.8.0_181/jre/lib/amd64/libverify.so
7f552e931000-7f552e938000 r-xp 00000000 08:06 801674                     /lib/x86_64-linux-gnu/librt-2.27.so
7f552e938000-7f552eb37000 ---p 00007000 08:06 801674                     /lib/x86_64-linux-gnu/librt-2.27.so
7f552eb37000-7f552eb38000 r--p 00006000 08:06 801674                     /lib/x86_64-linux-gnu/librt-2.27.so
7f552eb38000-7f552eb39000 rw-p 00007000 08:06 801674                     /lib/x86_64-linux-gnu/librt-2.27.so
7f552eb39000-7f552ecd6000 r-xp 00000000 08:06 801661                     /lib/x86_64-linux-gnu/libm-2.27.so
7f552ecd6000-7f552eed5000 ---p 0019d000 08:06 801661                     /lib/x86_64-linux-gnu/libm-2.27.so
7f552eed5000-7f552eed6000 r--p 0019c000 08:06 801661                     /lib/x86_64-linux-gnu/libm-2.27.so
7f552eed6000-7f552eed7000 rw-p 0019d000 08:06 801661                     /lib/x86_64-linux-gnu/libm-2.27.so
7f552eed7000-7f552fbb3000 r-xp 00000000 08:06 1079494                    /home/matias/jdk1.8.0_181/jre/lib/amd64/server/libjvm.so
7f552fbb3000-7f552fdb3000 ---p 00cdc000 08:06 1079494                    /home/matias/jdk1.8.0_181/jre/lib/amd64/server/libjvm.so
7f552fdb3000-7f552fe8d000 rw-p 00cdc000 08:06 1079494                    /home/matias/jdk1.8.0_181/jre/lib/amd64/server/libjvm.so
7f552fe8d000-7f552fed8000 rw-p 00000000 00:00 0 
7f552fed8000-7f55300bf000 r-xp 00000000 08:06 801657                     /lib/x86_64-linux-gnu/libc-2.27.so
7f55300bf000-7f55302bf000 ---p 001e7000 08:06 801657                     /lib/x86_64-linux-gnu/libc-2.27.so
7f55302bf000-7f55302c3000 r--p 001e7000 08:06 801657                     /lib/x86_64-linux-gnu/libc-2.27.so
7f55302c3000-7f55302c5000 rw-p 001eb000 08:06 801657                     /lib/x86_64-linux-gnu/libc-2.27.so
7f55302c5000-7f55302c9000 rw-p 00000000 00:00 0 
7f55302c9000-7f55302cc000 r-xp 00000000 08:06 801660                     /lib/x86_64-linux-gnu/libdl-2.27.so
7f55302cc000-7f55304cb000 ---p 00003000 08:06 801660                     /lib/x86_64-linux-gnu/libdl-2.27.so
7f55304cb000-7f55304cc000 r--p 00002000 08:06 801660                     /lib/x86_64-linux-gnu/libdl-2.27.so
7f55304cc000-7f55304cd000 rw-p 00003000 08:06 801660                     /lib/x86_64-linux-gnu/libdl-2.27.so
7f55304cd000-7f55304e3000 r-xp 00000000 08:06 955804                     /home/matias/jdk1.8.0_181/lib/amd64/jli/libjli.so
7f55304e3000-7f55306e2000 ---p 00016000 08:06 955804                     /home/matias/jdk1.8.0_181/lib/amd64/jli/libjli.so
7f55306e2000-7f55306e3000 rw-p 00015000 08:06 955804                     /home/matias/jdk1.8.0_181/lib/amd64/jli/libjli.so
7f55306e3000-7f55306fd000 r-xp 00000000 08:06 801672                     /lib/x86_64-linux-gnu/libpthread-2.27.so
7f55306fd000-7f55308fc000 ---p 0001a000 08:06 801672                     /lib/x86_64-linux-gnu/libpthread-2.27.so
7f55308fc000-7f55308fd000 r--p 00019000 08:06 801672                     /lib/x86_64-linux-gnu/libpthread-2.27.so
7f55308fd000-7f55308fe000 rw-p 0001a000 08:06 801672                     /lib/x86_64-linux-gnu/libpthread-2.27.so
7f55308fe000-7f5530902000 rw-p 00000000 00:00 0 
7f5530902000-7f5530929000 r-xp 00000000 08:06 801635                     /lib/x86_64-linux-gnu/ld-2.27.so
7f5530929000-7f553092e000 r--s 00084000 08:06 1079335                    /home/matias/jdk1.8.0_181/jre/lib/jfr.jar
7f553092e000-7f5530931000 r--s 0001a000 08:06 1079538                    /home/matias/jdk1.8.0_181/jre/lib/jce.jar
7f5530931000-7f5530936000 r--s 002f9000 08:06 1079416                    /home/matias/jdk1.8.0_181/jre/lib/charsets.jar
7f5530936000-7f5530a07000 rw-p 00000000 00:00 0 
7f5530a07000-7f5530a08000 ---p 00000000 00:00 0 
7f5530a08000-7f5530a0b000 ---p 00000000 00:00 0 
7f5530a0b000-7f5530b1f000 rw-p 00000000 00:00 0 
7f5530b1f000-7f5530b27000 rw-s 00000000 08:06 134489                     /tmp/hsperfdata_matias/9156
7f5530b27000-7f5530b28000 rw-p 00000000 00:00 0 
7f5530b28000-7f5530b29000 ---p 00000000 00:00 0 
7f5530b29000-7f5530b2a000 r--p 00027000 08:06 801635                     /lib/x86_64-linux-gnu/ld-2.27.so
7f5530b2a000-7f5530b2b000 rw-p 00028000 08:06 801635                     /lib/x86_64-linux-gnu/ld-2.27.so
7f5530b2b000-7f5530b2c000 rw-p 00000000 00:00 0 
7fffe9c65000-7fffe9c88000 rw-p 00000000 00:00 0                          [stack]
7fffe9d3d000-7fffe9d40000 r--p 00000000 00:00 0                          [vvar]
7fffe9d40000-7fffe9d42000 r-xp 00000000 00:00 0                          [vdso]
ffffffffff600000-ffffffffff601000 r-xp 00000000 00:00 0                  [vsyscall]

VM Arguments:
jvm_args: -Djava.system.class.loader=org.uqbar.apo.APOClassLoader -javaagent:/home/matias/Descargas/ideaIU-2018.3.5/idea-IU-183.5912.21/lib/idea_rt.jar=37261:/home/matias/Descargas/ideaIU-2018.3.5/idea-IU-183.5912.21/bin -Dfile.encoding=UTF-8 
java_command: MainKt
java_class_path (initial): /home/matias/jdk1.8.0_181/jre/lib/charsets.jar:/home/matias/jdk1.8.0_181/jre/lib/deploy.jar:/home/matias/jdk1.8.0_181/jre/lib/ext/cldrdata.jar:/home/matias/jdk1.8.0_181/jre/lib/ext/dnsns.jar:/home/matias/jdk1.8.0_181/jre/lib/ext/jaccess.jar:/home/matias/jdk1.8.0_181/jre/lib/ext/jfxrt.jar:/home/matias/jdk1.8.0_181/jre/lib/ext/localedata.jar:/home/matias/jdk1.8.0_181/jre/lib/ext/nashorn.jar:/home/matias/jdk1.8.0_181/jre/lib/ext/sunec.jar:/home/matias/jdk1.8.0_181/jre/lib/ext/sunjce_provider.jar:/home/matias/jdk1.8.0_181/jre/lib/ext/sunpkcs11.jar:/home/matias/jdk1.8.0_181/jre/lib/ext/zipfs.jar:/home/matias/jdk1.8.0_181/jre/lib/javaws.jar:/home/matias/jdk1.8.0_181/jre/lib/jce.jar:/home/matias/jdk1.8.0_181/jre/lib/jfr.jar:/home/matias/jdk1.8.0_181/jre/lib/jfxswt.jar:/home/matias/jdk1.8.0_181/jre/lib/jsse.jar:/home/matias/jdk1.8.0_181/jre/lib/management-agent.jar:/home/matias/jdk1.8.0_181/jre/lib/plugin.jar:/home/matias/jdk1.8.0_181/jre/lib/resources.jar:/home/matias/jdk1.8.0_181/jre/lib/rt.jar:/home/matias/Documentos/Git/2019s1-Grupo02-Triple-M/TP1Arena/target/classes:/home/matias/.m2/repository/TP1Model1/TP1/1.0/TP1-1.0.jar:/home/matias/.m2/repository/org/jetbrains/kotlin/kotlin-stdlib-jdk8/1.3.30/kotlin-stdlib-jdk8-1.3.30.jar:/home/matias/.m2/repository/org/jetbrains/kotlin/kotlin-stdlib/1.3.30/kotlin-stdlib-1.3.30.jar:/home/matias/.m2/repository/org/jetbrains/kotlin/kotlin-stdlib-common/1.3.30/kotlin-stdlib-common-1.3.30.jar:/home/matias/.m2/repository/org/jetbrains/annotations/13.0/annotations-13.0.jar:/home/matias/.m2/repository/org/jetbrains/kotlin/kotlin-stdlib-jdk7/1.3.30/kotlin-stdlib-jdk7-1.3.30.jar:/home/matias/.m2/repository/org/eclipse/xtend/org.eclipse.xtend.lib/2.12.0/org.eclipse.xtend.lib-2.12.0.jar:/home/matias/.m2/repository/org/eclipse/xtext/org.eclipse.xtext.xbase.lib/2.12.0/org.eclipse.xtext.xbase.lib-2.12.0.jar:/home/matias/.m2/repository/com/google/guava/guava/19.0-rc3/guava-19.0-rc3.jar:/home/matias/.m2/repository/org/
Launcher Type: SUN_STANDARD

Environment Variables:
PATH=/home/matias/bin:/home/matias/.local/bin:/usr/local/sbin:/usr/local/bin:/usr/sbin:/usr/bin:/sbin:/bin:/usr/games:/usr/local/games:/snap/bin
USERNAME=matias
SHELL=/bin/bash
DISPLAY=:0

Signal Handlers:
SIGSEGV: [libjvm.so+0xad2a40], sa_mask[0]=11111111011111111101111111111110, sa_flags=SA_RESTART|SA_SIGINFO
SIGBUS: [libjvm.so+0xad2a40], sa_mask[0]=11111111011111111101111111111110, sa_flags=SA_RESTART|SA_SIGINFO
SIGFPE: [libjvm.so+0x92a610], sa_mask[0]=11111111011111111101111111111110, sa_flags=SA_RESTART|SA_SIGINFO
SIGPIPE: SIG_IGN, sa_mask[0]=00000000000010000000000000000000, sa_flags=SA_RESTART
SIGXFSZ: [libjvm.so+0x92a610], sa_mask[0]=11111111011111111101111111111110, sa_flags=SA_RESTART|SA_SIGINFO
SIGILL: [libjvm.so+0x92a610], sa_mask[0]=11111111011111111101111111111110, sa_flags=SA_RESTART|SA_SIGINFO
SIGUSR1: SIG_DFL, sa_mask[0]=00000000000000000000000000000000, sa_flags=none
SIGUSR2: [libjvm.so+0x92be70], sa_mask[0]=00100000000000000000000000000000, sa_flags=SA_RESTART|SA_SIGINFO
SIGHUP: [libjvm.so+0x92d270], sa_mask[0]=11111111011111111101111111111110, sa_flags=SA_RESTART|SA_SIGINFO
SIGINT: [libjvm.so+0x92d270], sa_mask[0]=11111111011111111101111111111110, sa_flags=SA_RESTART|SA_SIGINFO
SIGTERM: [libjvm.so+0x92d270], sa_mask[0]=11111111011111111101111111111110, sa_flags=SA_RESTART|SA_SIGINFO
SIGQUIT: [libjvm.so+0x92d270], sa_mask[0]=11111111011111111101111111111110, sa_flags=SA_RESTART|SA_SIGINFO


---------------  S Y S T E M  ---------------

OS:DISTRIB_ID=Ubuntu
DISTRIB_RELEASE=18.04
DISTRIB_CODENAME=bionic
DISTRIB_DESCRIPTION="Ubuntu 18.04.1 LTS"

uname:Linux 4.15.0-47-generic #50-Ubuntu SMP Wed Mar 13 10:44:52 UTC 2019 x86_64
libc:glibc 2.27 NPTL 2.27 
rlimit: STACK 8192k, CORE 0k, NPROC 14711, NOFILE 4096, AS infinity
load average:2,05 1,06 1,02

/proc/meminfo:
MemTotal:        3917632 kB
MemFree:          108300 kB
MemAvailable:      17044 kB
Buffers:             380 kB
Cached:           258724 kB
SwapCached:         4720 kB
Active:          2958544 kB
Inactive:         607748 kB
Active(anon):    2949960 kB
Inactive(anon):   594660 kB
Active(file):       8584 kB
Inactive(file):    13088 kB
Unevictable:          16 kB
Mlocked:              16 kB
SwapTotal:        975868 kB
SwapFree:              0 kB
Dirty:                68 kB
Writeback:             0 kB
AnonPages:       3303404 kB
Mapped:           142104 kB
Shmem:            236896 kB
Slab:             102716 kB
SReclaimable:      40184 kB
SUnreclaim:        62532 kB
KernelStack:       16320 kB
PageTables:        63912 kB
NFS_Unstable:          0 kB
Bounce:                0 kB
WritebackTmp:          0 kB
CommitLimit:     2934684 kB
Committed_AS:    9660208 kB
VmallocTotal:   34359738367 kB
VmallocUsed:           0 kB
VmallocChunk:          0 kB
HardwareCorrupted:     0 kB
AnonHugePages:         0 kB
ShmemHugePages:        0 kB
ShmemPmdMapped:        0 kB
CmaTotal:              0 kB
CmaFree:               0 kB
HugePages_Total:       0
HugePages_Free:        0
HugePages_Rsvd:        0
HugePages_Surp:        0
Hugepagesize:       2048 kB
DirectMap4k:      156680 kB
DirectMap2M:     2867200 kB
DirectMap1G:     2097152 kB


CPU:total 4 (initial active 4) (2 cores per cpu, 2 threads per core) family 6 model 142 stepping 9, cmov, cx8, fxsr, mmx, sse, sse2, sse3, ssse3, sse4.1, sse4.2, popcnt, avx, avx2, aes, clmul, erms, 3dnowpref, lzcnt, ht, tsc, tscinvbit, bmi1, bmi2, adx

/proc/cpuinfo:
processor	: 0
vendor_id	: GenuineIntel
cpu family	: 6
model		: 142
model name	: Intel(R) Core(TM) i3-7100U CPU @ 2.40GHz
stepping	: 9
microcode	: 0x8e
cpu MHz		: 2382.099
cache size	: 3072 KB
physical id	: 0
siblings	: 4
core id		: 0
cpu cores	: 2
apicid		: 0
initial apicid	: 0
fpu		: yes
fpu_exception	: yes
cpuid level	: 22
wp		: yes
flags		: fpu vme de pse tsc msr pae mce cx8 apic sep mtrr pge mca cmov pat pse36 clflush dts acpi mmx fxsr sse sse2 ss ht tm pbe syscall nx pdpe1gb rdtscp lm constant_tsc art arch_perfmon pebs bts rep_good nopl xtopology nonstop_tsc cpuid aperfmperf tsc_known_freq pni pclmulqdq dtes64 monitor ds_cpl vmx est tm2 ssse3 sdbg fma cx16 xtpr pdcm pcid sse4_1 sse4_2 x2apic movbe popcnt tsc_deadline_timer aes xsave avx f16c rdrand lahf_lm abm 3dnowprefetch cpuid_fault epb invpcid_single pti ssbd ibrs ibpb stibp tpr_shadow vnmi flexpriority ept vpid fsgsbase tsc_adjust bmi1 avx2 smep bmi2 erms invpcid mpx rdseed adx smap clflushopt intel_pt xsaveopt xsavec xgetbv1 xsaves dtherm arat pln pts hwp hwp_notify hwp_act_window hwp_epp flush_l1d
bugs		: cpu_meltdown spectre_v1 spectre_v2 spec_store_bypass l1tf
bogomips	: 4800.00
clflush size	: 64
cache_alignment	: 64
address sizes	: 39 bits physical, 48 bits virtual
power management:

processor	: 1
vendor_id	: GenuineIntel
cpu family	: 6
model		: 142
model name	: Intel(R) Core(TM) i3-7100U CPU @ 2.40GHz
stepping	: 9
microcode	: 0x8e
cpu MHz		: 1829.771
cache size	: 3072 KB
physical id	: 0
siblings	: 4
core id		: 1
cpu cores	: 2
apicid		: 2
initial apicid	: 2
fpu		: yes
fpu_exception	: yes
cpuid level	: 22
wp		: yes
flags		: fpu vme de pse tsc msr pae mce cx8 apic sep mtrr pge mca cmov pat pse36 clflush dts acpi mmx fxsr sse sse2 ss ht tm pbe syscall nx pdpe1gb rdtscp lm constant_tsc art arch_perfmon pebs bts rep_good nopl xtopology nonstop_tsc cpuid aperfmperf tsc_known_freq pni pclmulqdq dtes64 monitor ds_cpl vmx est tm2 ssse3 sdbg fma cx16 xtpr pdcm pcid sse4_1 sse4_2 x2apic movbe popcnt tsc_deadline_timer aes xsave avx f16c rdrand lahf_lm abm 3dnowprefetch cpuid_fault epb invpcid_single pti ssbd ibrs ibpb stibp tpr_shadow vnmi flexpriority ept vpid fsgsbase tsc_adjust bmi1 avx2 smep bmi2 erms invpcid mpx rdseed adx smap clflushopt intel_pt xsaveopt xsavec xgetbv1 xsaves dtherm arat pln pts hwp hwp_notify hwp_act_window hwp_epp flush_l1d
bugs		: cpu_meltdown spectre_v1 spectre_v2 spec_store_bypass l1tf
bogomips	: 4800.00
clflush size	: 64
cache_alignment	: 64
address sizes	: 39 bits physical, 48 bits virtual
power management:

processor	: 2
vendor_id	: GenuineIntel
cpu family	: 6
model		: 142
model name	: Intel(R) Core(TM) i3-7100U CPU @ 2.40GHz
stepping	: 9
microcode	: 0x8e
cpu MHz		: 2400.012
cache size	: 3072 KB
physical id	: 0
siblings	: 4
core id		: 0
cpu cores	: 2
apicid		: 1
initial apicid	: 1
fpu		: yes
fpu_exception	: yes
cpuid level	: 22
wp		: yes
flags		: fpu vme de pse tsc msr pae mce cx8 apic sep mtrr pge mca cmov pat pse36 clflush dts acpi mmx fxsr sse sse2 ss ht tm pbe syscall nx pdpe1gb rdtscp lm constant_tsc art arch_perfmon pebs bts rep_good nopl xtopology nonstop_tsc cpuid aperfmperf tsc_known_freq pni pclmulqdq dtes64 monitor ds_cpl vmx est tm2 ssse3 sdbg fma cx16 xtpr pdcm pcid sse4_1 sse4_2 x2apic movbe popcnt tsc_deadline_timer aes xsave avx f16c rdrand lahf_lm abm 3dnowprefetch cpuid_fault epb invpcid_single pti ssbd ibrs ibpb stibp tpr_shadow vnmi flexpriority ept vpid fsgsbase tsc_adjust bmi1 avx2 smep bmi2 erms invpcid mpx rdseed adx smap clflushopt intel_pt xsaveopt xsavec xgetbv1 xsaves dtherm arat pln pts hwp hwp_notify hwp_act_window hwp_epp flush_l1d
bugs		: cpu_meltdown spectre_v1 spectre_v2 spec_store_bypass l1tf
bogomips	: 4800.00
clflush size	: 64
cache_alignment	: 64
address sizes	: 39 bits physical, 48 bits virtual
power management:

processor	: 3
vendor_id	: GenuineIntel
cpu family	: 6
model		: 142
model name	: Intel(R) Core(TM) i3-7100U CPU @ 2.40GHz
stepping	: 9
microcode	: 0x8e
cpu MHz		: 2400.433
cache size	: 3072 KB
physical id	: 0
siblings	: 4
core id		: 1
cpu cores	: 2
apicid		: 3
initial apicid	: 3
fpu		: yes
fpu_exception	: yes
cpuid level	: 22
wp		: yes
flags		: fpu vme de pse tsc msr pae mce cx8 apic sep mtrr pge mca cmov pat pse36 clflush dts acpi mmx fxsr sse sse2 ss ht tm pbe syscall nx pdpe1gb rdtscp lm constant_tsc art arch_perfmon pebs bts rep_good nopl xtopology nonstop_tsc cpuid aperfmperf tsc_known_freq pni pclmulqdq dtes64 monitor ds_cpl vmx est tm2 ssse3 sdbg fma cx16 xtpr pdcm pcid sse4_1 sse4_2 x2apic movbe popcnt tsc_deadline_timer aes xsave avx f16c rdrand lahf_lm abm 3dnowprefetch cpuid_fault epb invpcid_single pti ssbd ibrs ibpb stibp tpr_shadow vnmi flexpriority ept vpid fsgsbase tsc_adjust bmi1 avx2 smep bmi2 erms invpcid mpx rdseed adx smap clflushopt intel_pt xsaveopt xsavec xgetbv1 xsaves dtherm arat pln pts hwp hwp_notify hwp_act_window hwp_epp flush_l1d
bugs		: cpu_meltdown spectre_v1 spectre_v2 spec_store_bypass l1tf
bogomips	: 4800.00
clflush size	: 64
cache_alignment	: 64
address sizes	: 39 bits physical, 48 bits virtual
power management:



Memory: 4k page, physical 3917632k(104976k free), swap 975868k(0k free)

vm_info: Java HotSpot(TM) 64-Bit Server VM (25.181-b13) for linux-amd64 JRE (1.8.0_181-b13), built on Jul  7 2018 00:56:38 by "java_re" with gcc 4.3.0 20080428 (Red Hat 4.3.0-8)

time: Thu Apr 25 17:07:37 2019
elapsed time: 5 seconds (0d 0h 0m 5s)

